                      :-) GROMACS - gmx mdrun, 2025.1 (-:

Copyright 1991-2025 The GROMACS Authors.
GROMACS is free software; you can redistribute it and/or modify it
under the terms of the GNU Lesser General Public License
as published by the Free Software Foundation; either version 2.1
of the License, or (at your option) any later version.

                         Current GROMACS contributors:
       Mark Abraham           Andrey Alekseenko           Brian Andrews       
      Vladimir Basov              Paul Bauer                Hugh Bird         
      Eliane Briand               Ania Brown              Mahesh Doijade      
      Giacomo Fiorin          Stefan Fleischmann          Sergey Gorelov      
   Gilles Gouaillardet            Alan Gray              M. Eric Irrgang      
   Farzaneh Jalalypour         Petter Johansson          Carsten Kutzner      
    Grzegorz Łazarski         Justin A. Lemkul          Magnus Lundborg      
       Pascal Merz             Vedran Miletić            Dmitry Morozov      
     Lukas Müllender            Julien Nabet             Szilárd Páll      
 Andrea Pasquadibisceglie     Michele Pellegrino         Nicola Piasentin     
     Daniele Rapetti         Muhammad Umair Sadiq         Hubert Santuz       
      Roland Schulz             Michael Shirts           Tatiana Shugaeva     
     Alexey Shvetsov            Philip Turner            Alessandra Villa     
 Sebastian Wingbermühle  

                         Previous GROMACS contributors:
        Emile Apol             Rossen Apostolov           James Barnett       
  Herman J.C. Berendsen         Cathrine Bergh             Par Bjelkmar       
      Christian Blau          Viacheslav Bolnykh            Kevin Boyd        
    Aldert van Buuren          Carlo Camilloni           Rudi van Drunen      
      Anton Feenstra           Oliver Fleetwood            Vytas Gapsys       
       Gaurav Garg             Gerrit Groenhof            Bert de Groot       
      Anca Hamuraru           Vincent Hindriksen          Victor Holanda      
     Aleksei Iupinov              Joe Jordan            Christoph Junghans    
    Prashanth Kanduri        Dimitrios Karkoulis           Peter Kasson       
      Sebastian Kehl           Sebastian Keller             Jiri Kraus        
       Per Larsson              Viveca Lindahl            Erik Marklund       
    Pieter Meulenhoff           Teemu Murtola              Sander Pronk       
      Alfons Sijbers            Balint Soproni         David van der Spoel    
      Peter Tieleman            Carsten Uphoff             Jon Vincent        
     Teemu Virolainen         Christian Wennberg           Maarten Wolf       
      Artem Zhmurov       

                  Coordinated by the GROMACS project leaders:
                           Berk Hess and Erik Lindahl

GROMACS:      gmx mdrun, version 2025.1
Executable:   /usr/local/gromacs/bin/gmx
Data prefix:  /usr/local/gromacs
Working dir:  /home/ugo/Scrivania/Transthyretin/molecular_dynamics
Process ID:   62542
Command line:
  gmx mdrun -s /home/ugo/Scrivania/Transthyretin/molecular_dynamics/trajectories/a45t-tetramer_tafamidis.tpr -c /home/ugo/Scrivania/Transthyretin/molecular_dynamics/topologies/a45t-tetramer_tafamidis_md.gro -o /home/ugo/Scrivania/Transthyretin/molecular_dynamics/trajectories/a45t-tetramer_tafamidis.trr -x /home/ugo/Scrivania/Transthyretin/molecular_dynamics/trajectories/a45t-tetramer_tafamidis.xtc -e /home/ugo/Scrivania/Transthyretin/molecular_dynamics/energies/a45t-tetramer_tafamidis_md.edr -g /home/ugo/Scrivania/Transthyretin/molecular_dynamics/mdp_files/a45t-tetramer_tafamidis_md.log -v -ntmpi 1 -nb gpu

GROMACS version:     2025.1
Precision:           mixed
Memory model:        64 bit
MPI library:         thread_mpi
OpenMP support:      enabled (GMX_OPENMP_MAX_THREADS = 128)
GPU support:         CUDA
NBNxM GPU setup:     super-cluster 2x2x2 / cluster 8 (cluster-pair splitting on)
SIMD instructions:   AVX2_256
CPU FFT library:     fftw-3.3.10-sse2-avx-avx2-avx2_128
GPU FFT library:     cuFFT
Multi-GPU FFT:       none
RDTSCP usage:        enabled
TNG support:         enabled
Hwloc support:       disabled
Tracing support:     disabled
C compiler:          /usr/bin/cc GNU 14.2.0
C compiler flags:    -fexcess-precision=fast -funroll-all-loops -mavx2 -mfma -Wno-missing-field-initializers -O3 -DNDEBUG
C++ compiler:        /usr/bin/c++ GNU 14.2.0
C++ compiler flags:  -fexcess-precision=fast -funroll-all-loops -mavx2 -mfma -Wno-missing-field-initializers -Wno-old-style-cast -Wno-cast-qual -Wno-suggest-override -Wno-suggest-destructor-override -Wno-zero-as-null-pointer-constant -Wno-cast-function-type-strict SHELL:-fopenmp -O3 -DNDEBUG
BLAS library:        Internal
LAPACK library:      Internal
CUDA compiler:       /usr/bin/nvcc nvcc: NVIDIA (R) Cuda compiler driver;Copyright (c) 2005-2023 NVIDIA Corporation;Built on Mon_Apr__3_17:16:06_PDT_2023;Cuda compilation tools, release 12.1, V12.1.105;Build cuda_12.1.r12.1/compiler.32688072_0
CUDA compiler flags: -O3 -DNDEBUG
CUDA driver:         12.60
CUDA runtime:        12.10


Running on 1 node with total 10 cores, 16 processing units, 1 compatible GPU
Hardware detected on host ugo-ubuntu:
  CPU info:
    Vendor: Intel
    Brand:  12th Gen Intel(R) Core(TM) i7-12650H
    Family: 6   Model: 154   Stepping: 3
    Features: aes apic avx avx2 clfsh cmov cx8 cx16 f16c fma htt intel lahf mmx msr nonstop_tsc pcid pclmuldq pdcm pdpe1gb popcnt pse rdrnd rdtscp sha sse2 sse3 sse4.1 sse4.2 ssse3 tdt x2apic
  Hardware topology: Basic
    Packages, cores, and logical processors:
    [indices refer to OS logical processors]
      Package  0: [   0   1] [   2   3] [   4   5] [   6   7] [   8   9] [  10  11] [  12] [  13] [  14] [  15]
    CPU limit set by OS: -1   Recommended max number of threads: 16
  GPU info:
    Number of GPUs detected: 1
    #0: NVIDIA NVIDIA GeForce RTX 4070 Laptop GPU, compute cap.: 8.9, ECC:  no, stat: compatible


++++ PLEASE READ AND CITE THE FOLLOWING REFERENCE ++++
M. J. Abraham, T. Murtola, R. Schulz, S. Páll, J. C. Smith, B. Hess, E.
Lindahl
GROMACS: High performance molecular simulations through multi-level
parallelism from laptops to supercomputers
SoftwareX (2015)
DOI: 10.1016/j.softx.2015.06.001
-------- -------- --- Thank You --- -------- --------


++++ PLEASE READ AND CITE THE FOLLOWING REFERENCE ++++
S. Páll, M. J. Abraham, C. Kutzner, B. Hess, E. Lindahl
Tackling Exascale Software Challenges in Molecular Dynamics Simulations with
GROMACS
In S. Markidis & E. Laure (Eds.), Solving Software Challenges for Exascale (2015)
DOI: 10.1007/978-3-319-15976-8_1
-------- -------- --- Thank You --- -------- --------


++++ PLEASE READ AND CITE THE FOLLOWING REFERENCE ++++
S. Pronk, S. Páll, R. Schulz, P. Larsson, P. Bjelkmar, R. Apostolov, M. R.
Shirts, J. C. Smith, P. M. Kasson, D. van der Spoel, B. Hess, E. Lindahl
GROMACS 4.5: a high-throughput and highly parallel open source molecular
simulation toolkit
Bioinformatics (2013)
DOI: 10.1093/bioinformatics/btt055
-------- -------- --- Thank You --- -------- --------


++++ PLEASE READ AND CITE THE FOLLOWING REFERENCE ++++
B. Hess, C. Kutzner, D. van der Spoel, E. Lindahl
GROMACS 4: Algorithms for highly efficient, load-balanced, and scalable
molecular simulation
J. Chem. Theory Comput. (2008)
DOI: 10.1021/ct700301q
-------- -------- --- Thank You --- -------- --------


++++ PLEASE READ AND CITE THE FOLLOWING REFERENCE ++++
D. van der Spoel, E. Lindahl, B. Hess, G. Groenhof, A. E. Mark, H. J. C.
Berendsen
GROMACS: Fast, Flexible and Free
J. Comp. Chem. (2005)
DOI: 10.1002/jcc.20291
-------- -------- --- Thank You --- -------- --------


++++ PLEASE READ AND CITE THE FOLLOWING REFERENCE ++++
E. Lindahl, B. Hess, D. van der Spoel
GROMACS 3.0: A package for molecular simulation and trajectory analysis
J. Mol. Mod. (2001)
DOI: 10.1007/s008940100045
-------- -------- --- Thank You --- -------- --------


++++ PLEASE READ AND CITE THE FOLLOWING REFERENCE ++++
H. J. C. Berendsen, D. van der Spoel and R. van Drunen
GROMACS: A message-passing parallel molecular dynamics implementation
Comp. Phys. Comm. (1995)
DOI: 10.1016/0010-4655(95)00042-E
-------- -------- --- Thank You --- -------- --------


++++ PLEASE CITE THE DOI FOR THIS VERSION OF GROMACS ++++
https://doi.org/10.5281/zenodo.15006630
-------- -------- --- Thank You --- -------- --------

Input Parameters:
   integrator                     = md
   tinit                          = 0
   dt                             = 0.002
   nsteps                         = 500000
   init-step                      = 0
   simulation-part                = 1
   mts                            = false
   mass-repartition-factor        = 1
   comm-mode                      = Linear
   nstcomm                        = 100
   bd-fric                        = 0
   ld-seed                        = -549495077
   emtol                          = 10
   emstep                         = 0.01
   niter                          = 20
   fcstep                         = 0
   nstcgsteep                     = 1000
   nbfgscorr                      = 10
   rtpi                           = 0.05
   nstxout                        = 0
   nstvout                        = 0
   nstfout                        = 0
   nstlog                         = 5000
   nstcalcenergy                  = 100
   nstenergy                      = 5000
   nstxout-compressed             = 5000
   compressed-x-precision         = 1000
   cutoff-scheme                  = Verlet
   nstlist                        = 20
   pbc                            = xyz
   periodic-molecules             = false
   verlet-buffer-tolerance        = 0.005
   verlet-buffer-pressure-tolerance = 0.5
   rlist                          = 1.223
   coulombtype                    = PME
   coulomb-modifier               = Potential-shift
   rcoulomb-switch                = 0
   rcoulomb                       = 1.2
   epsilon-r                      = 1
   epsilon-rf                     = inf
   vdw-type                       = Cut-off
   vdw-modifier                   = Force-switch
   rvdw-switch                    = 1
   rvdw                           = 1.2
   DispCorr                       = No
   table-extension                = 1
   fourierspacing                 = 0.16
   fourier-nx                     = 72
   fourier-ny                     = 72
   fourier-nz                     = 72
   pme-order                      = 4
   ewald-rtol                     = 1e-05
   ewald-rtol-lj                  = 0.001
   lj-pme-comb-rule               = Geometric
   ewald-geometry                 = 3d
   epsilon-surface                = 0
   ensemble-temperature-setting   = constant
   ensemble-temperature           = 300
   tcoupl                         = V-rescale
   nsttcouple                     = 10
   nh-chain-length                = 0
   print-nose-hoover-chain-variables = false
   pcoupl                         = Parrinello-Rahman
   pcoupltype                     = Isotropic
   nstpcouple                     = 50
   tau-p                          = 2
   compressibility (3x3):
      compressibility[    0]={ 4.50000e-05,  0.00000e+00,  0.00000e+00}
      compressibility[    1]={ 0.00000e+00,  4.50000e-05,  0.00000e+00}
      compressibility[    2]={ 0.00000e+00,  0.00000e+00,  4.50000e-05}
   ref-p (3x3):
      ref-p[    0]={ 1.00000e+00,  0.00000e+00,  0.00000e+00}
      ref-p[    1]={ 0.00000e+00,  1.00000e+00,  0.00000e+00}
      ref-p[    2]={ 0.00000e+00,  0.00000e+00,  1.00000e+00}
   refcoord-scaling               = No
   posres-com: not available
   posres-comB: not available
   QMMM                           = false
qm-opts:
   ngQM                           = 0
   constraint-algorithm           = Lincs
   continuation                   = true
   Shake-SOR                      = false
   shake-tol                      = 0.0001
   lincs-order                    = 4
   lincs-iter                     = 1
   lincs-warnangle                = 30
   nwall                          = 0
   wall-type                      = 9-3
   wall-r-linpot                  = -1
   wall-atomtype[0]               = -1
   wall-atomtype[1]               = -1
   wall-density[0]                = 0
   wall-density[1]                = 0
   wall-ewald-zfac                = 3
   pull                           = false
   awh                            = false
   rotation                       = false
   interactiveMD                  = false
   disre                          = No
   disre-weighting                = Conservative
   disre-mixed                    = false
   dr-fc                          = 1000
   dr-tau                         = 0
   nstdisreout                    = 100
   orire-fc                       = 0
   orire-tau                      = 0
   nstorireout                    = 100
   free-energy                    = no
   cos-acceleration               = 0
   deform (3x3):
      deform[    0]={ 0.00000e+00,  0.00000e+00,  0.00000e+00}
      deform[    1]={ 0.00000e+00,  0.00000e+00,  0.00000e+00}
      deform[    2]={ 0.00000e+00,  0.00000e+00,  0.00000e+00}
   simulated-tempering            = false
   swapcoords                     = no
   userint1                       = 0
   userint2                       = 0
   userint3                       = 0
   userint4                       = 0
   userreal1                      = 0
   userreal2                      = 0
   userreal3                      = 0
   userreal4                      = 0
   applied-forces:
     electric-field:
       x:
         E0                       = 0
         omega                    = 0
         t0                       = 0
         sigma                    = 0
       y:
         E0                       = 0
         omega                    = 0
         t0                       = 0
         sigma                    = 0
       z:
         E0                       = 0
         omega                    = 0
         t0                       = 0
         sigma                    = 0
     density-guided-simulation:
       active                     = false
       group                      = protein
       similarity-measure         = inner-product
       atom-spreading-weight      = unity
       force-constant             = 1e+09
       gaussian-transform-spreading-width = 0.2
       gaussian-transform-spreading-range-in-multiples-of-width = 4
       reference-density-filename = reference.mrc
       nst                        = 1
       normalize-densities        = true
       adaptive-force-scaling     = false
       adaptive-force-scaling-time-constant = 4
       shift-vector               = 
       transformation-matrix      = 
     qmmm-cp2k:
       active                     = false
       qmgroup                    = System
       qmmethod                   = PBE
       qmfilenames                = 
       qmcharge                   = 0
       qmmultiplicity             = 1
     colvars:
       active                     = false
       configfile                 = 
       seed                       = -1
     nnpot:
       active                     = false
       modelfile                  = model.pt
       input-group                = System
       model-input1               = 
       model-input2               = 
       model-input3               = 
       model-input4               = 
grpopts:
   nrdf:     19337.8      270657
   ref-t:         300         300
   tau-t:         0.1         0.1
annealing:          No          No
annealing-npoints:           0           0
   acc:	           0           0           0
   nfreeze:           N           N           N
   energygrp-flags[  0]: 0

Changing nstlist from 20 to 100, rlist from 1.223 to 1.353

Update groups can not be used for this system because an incompatible virtual site type is used

Update task can not run on the GPU, because the following condition(s) were not satisfied:
  Virtual sites are not supported.

Local state does not use filler particles

1 GPU selected for this run.
Mapping of GPU IDs to the 2 GPU tasks in the 1 rank on this node:
  PP:0,PME:0
PP tasks will do (non-perturbed) short-ranged interactions on the GPU
PP task will update and constrain coordinates on the CPU
PME tasks will do all aspects on the GPU
Using 1 MPI thread
Using 16 OpenMP threads 

System total charge: 0.000
Will do PME sum in reciprocal space for electrostatic interactions.

++++ PLEASE READ AND CITE THE FOLLOWING REFERENCE ++++
U. Essmann, L. Perera, M. L. Berkowitz, T. Darden, H. Lee, L. G. Pedersen 
A smooth particle mesh Ewald method
J. Chem. Phys. (1995)
DOI: 10.1063/1.470117
-------- -------- --- Thank You --- -------- --------

Using a Gaussian width (1/beta) of 0.384195 nm for Ewald
Potential shift: LJ r^-12: -2.648e-01 r^-6: -5.349e-01, Ewald -8.333e-06
Initialized non-bonded Coulomb Ewald tables, spacing: 1.02e-03 size: 1176

Generated table with 1176 data points for 1-4 COUL.
Tabscale = 500 points/nm
Generated table with 1176 data points for 1-4 LJ6.
Tabscale = 500 points/nm
Generated table with 1176 data points for 1-4 LJ12.
Tabscale = 500 points/nm


Using GPU 8x4 nonbonded short-range kernels

NBNxM GPU setup: super-cluster 2x2x2

Using a dual 8x4 pair-list setup updated with dynamic, rolling pruning:
  outer list: updated every 100 steps, buffer 0.153 nm, rlist 1.353 nm
  inner list: updated every  12 steps, buffer 0.004 nm, rlist 1.204 nm
At tolerance 0.005 kJ/mol/ps per atom, equivalent classical 1x1 list would be:
  outer list: updated every 100 steps, buffer 0.298 nm, rlist 1.498 nm
  inner list: updated every  12 steps, buffer 0.053 nm, rlist 1.253 nm

The average pressure is off by at most 0.25 bar due to missing LJ interactions

Pinning threads with an auto-selected logical cpu stride of 1

Initializing LINear Constraint Solver

++++ PLEASE READ AND CITE THE FOLLOWING REFERENCE ++++
B. Hess, H. Bekker, H. J. C. Berendsen, J. G. E. M. Fraaije
LINCS: A Linear Constraint Solver for molecular simulations
J. Comp. Chem. (1997)
DOI: 10.1002/(sici)1096-987x(199709)18:12<1463::aid-jcc4>3.0.co;2-h
-------- -------- --- Thank You --- -------- --------

The number of constraints is 3795

++++ PLEASE READ AND CITE THE FOLLOWING REFERENCE ++++
S. Miyamoto, P. A. Kollman
SETTLE: An Analytical Version of the SHAKE and RATTLE Algorithms for Rigid
Water Models
J. Comp. Chem. (1992)
DOI: 10.1002/jcc.540130805
-------- -------- --- Thank You --- -------- --------


++++ PLEASE READ AND CITE THE FOLLOWING REFERENCE ++++
G. Bussi, D. Donadio, M. Parrinello
Canonical sampling through velocity rescaling
J. Chem. Phys. (2007)
DOI: 10.1063/1.2408420
-------- -------- --- Thank You --- -------- --------

There are: 142902 Atoms
There are: 2 VSites
Center of mass motion removal mode is Linear
We have the following groups for center of mass motion removal:
  0:  rest

Started mdrun on rank 0 Thu May  8 15:03:48 2025

           Step           Time
              0        0.00000

   Energies (kJ/mol)
           Bond            U-B    Proper Dih.  Improper Dih.      CMAP Dih.
    6.25263e+03    1.69672e+04    2.00488e+04    1.01369e+03   -6.15218e+02
          LJ-14     Coulomb-14        LJ (SR)   Coulomb (SR)   Coul. recip.
    5.94924e+03    1.12332e+05    1.94858e+05   -2.34654e+06    6.75301e+03
      Potential    Kinetic En.   Total Energy  Conserved En.    Temperature
   -1.98298e+06    3.62626e+05   -1.62036e+06   -1.62027e+06    3.00791e+02
 Pressure (bar)   Constr. rmsd
    1.31073e+02    3.15942e-06

step 2200: timed with pme grid 72 72 72, coulomb cutoff 1.200: 623.7 M-cycles
step 2400: timed with pme grid 60 60 60, coulomb cutoff 1.400: 760.7 M-cycles
step 2600: timed with pme grid 64 64 64, coulomb cutoff 1.313: 680.8 M-cycles
step 2800: timed with pme grid 72 72 72, coulomb cutoff 1.200: 598.6 M-cycles
step 3000: timed with pme grid 72 72 72, coulomb cutoff 1.200: 600.9 M-cycles
              optimal pme grid 72 72 72, coulomb cutoff 1.200
           Step           Time
           5000       10.00000

   Energies (kJ/mol)
           Bond            U-B    Proper Dih.  Improper Dih.      CMAP Dih.
    6.49374e+03    1.75084e+04    2.00041e+04    1.03815e+03   -6.64881e+02
          LJ-14     Coulomb-14        LJ (SR)   Coulomb (SR)   Coul. recip.
    5.92919e+03    1.11569e+05    1.93480e+05   -2.34208e+06    6.85098e+03
      Potential    Kinetic En.   Total Energy  Conserved En.    Temperature
   -1.97987e+06    3.61420e+05   -1.61845e+06   -1.62173e+06    2.99790e+02
 Pressure (bar)   Constr. rmsd
   -9.61450e+00    3.19621e-06

           Step           Time
          10000       20.00000

   Energies (kJ/mol)
           Bond            U-B    Proper Dih.  Improper Dih.      CMAP Dih.
    6.46502e+03    1.73971e+04    2.01240e+04    9.54840e+02   -6.00227e+02
          LJ-14     Coulomb-14        LJ (SR)   Coulomb (SR)   Coul. recip.
    5.77215e+03    1.11626e+05    1.93720e+05   -2.33979e+06    6.86063e+03
      Potential    Kinetic En.   Total Energy  Conserved En.    Temperature
   -1.97747e+06    3.61605e+05   -1.61586e+06   -1.62147e+06    2.99944e+02
 Pressure (bar)   Constr. rmsd
   -4.45750e+01    3.27612e-06

           Step           Time
          15000       30.00000

   Energies (kJ/mol)
           Bond            U-B    Proper Dih.  Improper Dih.      CMAP Dih.
    6.37115e+03    1.74694e+04    1.99616e+04    1.04683e+03   -6.65576e+02
          LJ-14     Coulomb-14        LJ (SR)   Coulomb (SR)   Coul. recip.
    5.79159e+03    1.11800e+05    1.95900e+05   -2.34562e+06    6.83576e+03
      Potential    Kinetic En.   Total Energy  Conserved En.    Temperature
   -1.98111e+06    3.62388e+05   -1.61872e+06   -1.62114e+06    3.00593e+02
 Pressure (bar)   Constr. rmsd
    7.72699e+01    3.46354e-06

           Step           Time
          20000       40.00000

   Energies (kJ/mol)
           Bond            U-B    Proper Dih.  Improper Dih.      CMAP Dih.
    6.57880e+03    1.72893e+04    2.02112e+04    1.01850e+03   -7.05360e+02
          LJ-14     Coulomb-14        LJ (SR)   Coulomb (SR)   Coul. recip.
    5.85747e+03    1.12025e+05    1.96809e+05   -2.34828e+06    6.87029e+03
      Potential    Kinetic En.   Total Energy  Conserved En.    Temperature
   -1.98232e+06    3.59792e+05   -1.62253e+06   -1.62086e+06    2.98440e+02
 Pressure (bar)   Constr. rmsd
    4.96315e+01    3.14259e-06

           Step           Time
          25000       50.00000

   Energies (kJ/mol)
           Bond            U-B    Proper Dih.  Improper Dih.      CMAP Dih.
    6.45036e+03    1.72674e+04    2.01710e+04    9.56747e+02   -7.46218e+02
          LJ-14     Coulomb-14        LJ (SR)   Coulomb (SR)   Coul. recip.
    5.96097e+03    1.11792e+05    1.92887e+05   -2.34329e+06    6.99421e+03
      Potential    Kinetic En.   Total Energy  Conserved En.    Temperature
   -1.98156e+06    3.62410e+05   -1.61915e+06   -1.62082e+06    3.00611e+02
 Pressure (bar)   Constr. rmsd
    4.15114e+01    3.24674e-06

           Step           Time
          30000       60.00000

   Energies (kJ/mol)
           Bond            U-B    Proper Dih.  Improper Dih.      CMAP Dih.
    6.38811e+03    1.76344e+04    2.03315e+04    9.18706e+02   -6.96390e+02
          LJ-14     Coulomb-14        LJ (SR)   Coulomb (SR)   Coul. recip.
    5.91874e+03    1.11729e+05    1.92926e+05   -2.34286e+06    6.94433e+03
      Potential    Kinetic En.   Total Energy  Conserved En.    Temperature
   -1.98077e+06    3.63146e+05   -1.61762e+06   -1.62063e+06    3.01222e+02
 Pressure (bar)   Constr. rmsd
   -5.65635e+01    3.25762e-06

           Step           Time
          35000       70.00000

   Energies (kJ/mol)
           Bond            U-B    Proper Dih.  Improper Dih.      CMAP Dih.
    6.34615e+03    1.73790e+04    2.01901e+04    1.02918e+03   -7.31365e+02
          LJ-14     Coulomb-14        LJ (SR)   Coulomb (SR)   Coul. recip.
    5.91729e+03    1.12013e+05    1.92152e+05   -2.33949e+06    6.85923e+03
      Potential    Kinetic En.   Total Energy  Conserved En.    Temperature
   -1.97833e+06    3.61063e+05   -1.61727e+06   -1.62037e+06    2.99494e+02
 Pressure (bar)   Constr. rmsd
   -1.17432e+01    3.21928e-06

           Step           Time
          40000       80.00000

   Energies (kJ/mol)
           Bond            U-B    Proper Dih.  Improper Dih.      CMAP Dih.
    6.44376e+03    1.75335e+04    2.00984e+04    9.81199e+02   -7.67915e+02
          LJ-14     Coulomb-14        LJ (SR)   Coulomb (SR)   Coul. recip.
    5.73836e+03    1.11856e+05    1.92569e+05   -2.34187e+06    6.83196e+03
      Potential    Kinetic En.   Total Energy  Conserved En.    Temperature
   -1.98058e+06    3.61027e+05   -1.61956e+06   -1.62007e+06    2.99464e+02
 Pressure (bar)   Constr. rmsd
   -8.80829e+01    3.36636e-06

           Step           Time
          45000       90.00000

   Energies (kJ/mol)
           Bond            U-B    Proper Dih.  Improper Dih.      CMAP Dih.
    6.45289e+03    1.79932e+04    2.02666e+04    9.65466e+02   -8.09730e+02
          LJ-14     Coulomb-14        LJ (SR)   Coulomb (SR)   Coul. recip.
    5.85571e+03    1.11684e+05    1.93630e+05   -2.34449e+06    6.80002e+03
      Potential    Kinetic En.   Total Energy  Conserved En.    Temperature
   -1.98165e+06    3.61616e+05   -1.62004e+06   -1.61979e+06    2.99953e+02
 Pressure (bar)   Constr. rmsd
   -8.02377e+01    3.05040e-06

           Step           Time
          50000      100.00000

   Energies (kJ/mol)
           Bond            U-B    Proper Dih.  Improper Dih.      CMAP Dih.
    6.29333e+03    1.74464e+04    2.02239e+04    9.96147e+02   -6.99505e+02
          LJ-14     Coulomb-14        LJ (SR)   Coulomb (SR)   Coul. recip.
    5.85355e+03    1.11652e+05    1.97906e+05   -2.34907e+06    6.73876e+03
      Potential    Kinetic En.   Total Energy  Conserved En.    Temperature
   -1.98266e+06    3.62585e+05   -1.62008e+06   -1.61954e+06    3.00756e+02
 Pressure (bar)   Constr. rmsd
    2.23905e+02    3.11802e-06

           Step           Time
          55000      110.00000

   Energies (kJ/mol)
           Bond            U-B    Proper Dih.  Improper Dih.      CMAP Dih.
    6.33712e+03    1.71823e+04    2.02514e+04    1.02533e+03   -7.16478e+02
          LJ-14     Coulomb-14        LJ (SR)   Coulomb (SR)   Coul. recip.
    5.82202e+03    1.12142e+05    1.94748e+05   -2.34662e+06    6.92417e+03
      Potential    Kinetic En.   Total Energy  Conserved En.    Temperature
   -1.98291e+06    3.60861e+05   -1.62205e+06   -1.61929e+06    2.99326e+02
 Pressure (bar)   Constr. rmsd
    5.35674e+01    3.24842e-06

           Step           Time
          60000      120.00000

   Energies (kJ/mol)
           Bond            U-B    Proper Dih.  Improper Dih.      CMAP Dih.
    6.37558e+03    1.76661e+04    2.01533e+04    1.02056e+03   -7.05211e+02
          LJ-14     Coulomb-14        LJ (SR)   Coulomb (SR)   Coul. recip.
    5.87633e+03    1.11884e+05    1.91383e+05   -2.34083e+06    6.93680e+03
      Potential    Kinetic En.   Total Energy  Conserved En.    Temperature
   -1.98024e+06    3.60378e+05   -1.61986e+06   -1.61913e+06    2.98926e+02
 Pressure (bar)   Constr. rmsd
   -1.50778e+02    3.06745e-06

           Step           Time
          65000      130.00000

   Energies (kJ/mol)
           Bond            U-B    Proper Dih.  Improper Dih.      CMAP Dih.
    6.80852e+03    1.75874e+04    2.01584e+04    1.07286e+03   -7.86017e+02
          LJ-14     Coulomb-14        LJ (SR)   Coulomb (SR)   Coul. recip.
    5.79731e+03    1.11842e+05    1.92219e+05   -2.34087e+06    6.80285e+03
      Potential    Kinetic En.   Total Energy  Conserved En.    Temperature
   -1.97936e+06    3.64754e+05   -1.61461e+06   -1.61890e+06    3.02555e+02
 Pressure (bar)   Constr. rmsd
   -9.51251e+01    3.28270e-06

           Step           Time
          70000      140.00000

   Energies (kJ/mol)
           Bond            U-B    Proper Dih.  Improper Dih.      CMAP Dih.
    6.40124e+03    1.81520e+04    2.00679e+04    9.78058e+02   -7.64230e+02
          LJ-14     Coulomb-14        LJ (SR)   Coulomb (SR)   Coul. recip.
    5.74506e+03    1.11806e+05    1.94839e+05   -2.34595e+06    6.82087e+03
      Potential    Kinetic En.   Total Energy  Conserved En.    Temperature
   -1.98190e+06    3.61302e+05   -1.62060e+06   -1.61875e+06    2.99693e+02
 Pressure (bar)   Constr. rmsd
   -6.52772e+00    3.17863e-06

           Step           Time
          75000      150.00000

   Energies (kJ/mol)
           Bond            U-B    Proper Dih.  Improper Dih.      CMAP Dih.
    6.34175e+03    1.72589e+04    2.02078e+04    1.05199e+03   -6.01492e+02
          LJ-14     Coulomb-14        LJ (SR)   Coulomb (SR)   Coul. recip.
    5.93833e+03    1.11424e+05    1.91937e+05   -2.34277e+06    6.75546e+03
      Potential    Kinetic En.   Total Energy  Conserved En.    Temperature
   -1.98245e+06    3.61562e+05   -1.62089e+06   -1.61861e+06    2.99908e+02
 Pressure (bar)   Constr. rmsd
   -9.39668e+01    3.39925e-06

           Step           Time
          80000      160.00000

   Energies (kJ/mol)
           Bond            U-B    Proper Dih.  Improper Dih.      CMAP Dih.
    6.35794e+03    1.73686e+04    2.01388e+04    1.06965e+03   -6.72884e+02
          LJ-14     Coulomb-14        LJ (SR)   Coulomb (SR)   Coul. recip.
    5.90883e+03    1.11993e+05    1.95607e+05   -2.34687e+06    6.84148e+03
      Potential    Kinetic En.   Total Energy  Conserved En.    Temperature
   -1.98225e+06    3.62652e+05   -1.61960e+06   -1.61838e+06    3.00812e+02
 Pressure (bar)   Constr. rmsd
    1.40470e+02    3.33205e-06

           Step           Time
          85000      170.00000

   Energies (kJ/mol)
           Bond            U-B    Proper Dih.  Improper Dih.      CMAP Dih.
    6.38022e+03    1.73967e+04    2.03079e+04    1.11736e+03   -7.92541e+02
          LJ-14     Coulomb-14        LJ (SR)   Coulomb (SR)   Coul. recip.
    5.90249e+03    1.11595e+05    1.92996e+05   -2.34376e+06    6.77669e+03
      Potential    Kinetic En.   Total Energy  Conserved En.    Temperature
   -1.98208e+06    3.61230e+05   -1.62085e+06   -1.61805e+06    2.99632e+02
 Pressure (bar)   Constr. rmsd
   -5.66930e+01    3.20005e-06

           Step           Time
          90000      180.00000

   Energies (kJ/mol)
           Bond            U-B    Proper Dih.  Improper Dih.      CMAP Dih.
    6.37666e+03    1.74390e+04    2.00993e+04    1.01655e+03   -6.31587e+02
          LJ-14     Coulomb-14        LJ (SR)   Coulomb (SR)   Coul. recip.
    5.85461e+03    1.12028e+05    1.94451e+05   -2.34417e+06    6.71960e+03
      Potential    Kinetic En.   Total Energy  Conserved En.    Temperature
   -1.98081e+06    3.62255e+05   -1.61856e+06   -1.61786e+06    3.00483e+02
 Pressure (bar)   Constr. rmsd
   -1.36978e+01    3.18117e-06

           Step           Time
          95000      190.00000

   Energies (kJ/mol)
           Bond            U-B    Proper Dih.  Improper Dih.      CMAP Dih.
    6.34332e+03    1.76798e+04    2.02137e+04    1.11653e+03   -6.21296e+02
          LJ-14     Coulomb-14        LJ (SR)   Coulomb (SR)   Coul. recip.
    5.66786e+03    1.11695e+05    1.95126e+05   -2.34780e+06    6.62660e+03
      Potential    Kinetic En.   Total Energy  Conserved En.    Temperature
   -1.98395e+06    3.61646e+05   -1.62230e+06   -1.61771e+06    2.99978e+02
 Pressure (bar)   Constr. rmsd
    8.39110e+01    3.18192e-06

           Step           Time
         100000      200.00000

   Energies (kJ/mol)
           Bond            U-B    Proper Dih.  Improper Dih.      CMAP Dih.
    6.22327e+03    1.72658e+04    2.00932e+04    9.74093e+02   -7.14666e+02
          LJ-14     Coulomb-14        LJ (SR)   Coulomb (SR)   Coul. recip.
    5.83585e+03    1.12393e+05    1.92222e+05   -2.34088e+06    6.85284e+03
      Potential    Kinetic En.   Total Energy  Conserved En.    Temperature
   -1.97973e+06    3.62004e+05   -1.61773e+06   -1.61759e+06    3.00274e+02
 Pressure (bar)   Constr. rmsd
   -4.93440e+01    3.37129e-06

           Step           Time
         105000      210.00000

   Energies (kJ/mol)
           Bond            U-B    Proper Dih.  Improper Dih.      CMAP Dih.
    6.50850e+03    1.75736e+04    2.00957e+04    1.07185e+03   -6.69652e+02
          LJ-14     Coulomb-14        LJ (SR)   Coulomb (SR)   Coul. recip.
    5.86217e+03    1.11582e+05    1.91856e+05   -2.34222e+06    6.93619e+03
      Potential    Kinetic En.   Total Energy  Conserved En.    Temperature
   -1.98140e+06    3.62525e+05   -1.61888e+06   -1.61741e+06    3.00707e+02
 Pressure (bar)   Constr. rmsd
   -1.03127e+02    3.20608e-06

           Step           Time
         110000      220.00000

   Energies (kJ/mol)
           Bond            U-B    Proper Dih.  Improper Dih.      CMAP Dih.
    6.34506e+03    1.74714e+04    2.00750e+04    1.02695e+03   -7.62341e+02
          LJ-14     Coulomb-14        LJ (SR)   Coulomb (SR)   Coul. recip.
    5.89817e+03    1.11422e+05    1.95030e+05   -2.34452e+06    6.91123e+03
      Potential    Kinetic En.   Total Energy  Conserved En.    Temperature
   -1.98110e+06    3.61379e+05   -1.61972e+06   -1.61728e+06    2.99756e+02
 Pressure (bar)   Constr. rmsd
    3.90885e+01    3.26228e-06

           Step           Time
         115000      230.00000

   Energies (kJ/mol)
           Bond            U-B    Proper Dih.  Improper Dih.      CMAP Dih.
    6.49700e+03    1.75796e+04    2.00126e+04    9.70065e+02   -7.68863e+02
          LJ-14     Coulomb-14        LJ (SR)   Coulomb (SR)   Coul. recip.
    5.88262e+03    1.11033e+05    1.95376e+05   -2.34818e+06    6.78994e+03
      Potential    Kinetic En.   Total Energy  Conserved En.    Temperature
   -1.98481e+06    3.60634e+05   -1.62417e+06   -1.61690e+06    2.99139e+02
 Pressure (bar)   Constr. rmsd
    1.16603e+02    3.17277e-06

           Step           Time
         120000      240.00000

   Energies (kJ/mol)
           Bond            U-B    Proper Dih.  Improper Dih.      CMAP Dih.
    6.43281e+03    1.74270e+04    2.02270e+04    1.07553e+03   -7.90353e+02
          LJ-14     Coulomb-14        LJ (SR)   Coulomb (SR)   Coul. recip.
    5.87015e+03    1.11524e+05    1.92697e+05   -2.34383e+06    6.79417e+03
      Potential    Kinetic En.   Total Energy  Conserved En.    Temperature
   -1.98257e+06    3.61246e+05   -1.62133e+06   -1.61678e+06    2.99646e+02
 Pressure (bar)   Constr. rmsd
   -9.65974e+01    3.26764e-06

           Step           Time
         125000      250.00000

   Energies (kJ/mol)
           Bond            U-B    Proper Dih.  Improper Dih.      CMAP Dih.
    6.36612e+03    1.73110e+04    2.00948e+04    9.78610e+02   -7.84305e+02
          LJ-14     Coulomb-14        LJ (SR)   Coulomb (SR)   Coul. recip.
    5.89937e+03    1.11717e+05    1.94976e+05   -2.34622e+06    6.80764e+03
      Potential    Kinetic En.   Total Energy  Conserved En.    Temperature
   -1.98286e+06    3.61326e+05   -1.62153e+06   -1.61664e+06    2.99713e+02
 Pressure (bar)   Constr. rmsd
    4.45724e+01    3.11121e-06

           Step           Time
         130000      260.00000

   Energies (kJ/mol)
           Bond            U-B    Proper Dih.  Improper Dih.      CMAP Dih.
    6.48391e+03    1.78185e+04    2.00064e+04    1.00575e+03   -6.43389e+02
          LJ-14     Coulomb-14        LJ (SR)   Coulomb (SR)   Coul. recip.
    5.80856e+03    1.11661e+05    1.93610e+05   -2.34378e+06    6.73945e+03
      Potential    Kinetic En.   Total Energy  Conserved En.    Temperature
   -1.98129e+06    3.61334e+05   -1.61995e+06   -1.61623e+06    2.99719e+02
 Pressure (bar)   Constr. rmsd
   -5.37481e+01    3.23035e-06

           Step           Time
         135000      270.00000

   Energies (kJ/mol)
           Bond            U-B    Proper Dih.  Improper Dih.      CMAP Dih.
    6.38682e+03    1.75372e+04    2.00323e+04    9.32160e+02   -6.85489e+02
          LJ-14     Coulomb-14        LJ (SR)   Coulomb (SR)   Coul. recip.
    5.90551e+03    1.11603e+05    1.93012e+05   -2.34556e+06    6.79315e+03
      Potential    Kinetic En.   Total Energy  Conserved En.    Temperature
   -1.98404e+06    3.61579e+05   -1.62246e+06   -1.61612e+06    2.99922e+02
 Pressure (bar)   Constr. rmsd
   -1.20221e+02    3.33568e-06

           Step           Time
         140000      280.00000

   Energies (kJ/mol)
           Bond            U-B    Proper Dih.  Improper Dih.      CMAP Dih.
    6.36298e+03    1.73825e+04    2.00617e+04    1.05043e+03   -8.10695e+02
          LJ-14     Coulomb-14        LJ (SR)   Coulomb (SR)   Coul. recip.
    5.89086e+03    1.11629e+05    1.92281e+05   -2.34308e+06    6.86868e+03
      Potential    Kinetic En.   Total Energy  Conserved En.    Temperature
   -1.98236e+06    3.60515e+05   -1.62185e+06   -1.61590e+06    2.99039e+02
 Pressure (bar)   Constr. rmsd
   -1.21981e+02    3.25202e-06

           Step           Time
         145000      290.00000

   Energies (kJ/mol)
           Bond            U-B    Proper Dih.  Improper Dih.      CMAP Dih.
    6.26131e+03    1.75882e+04    2.01399e+04    1.01422e+03   -6.74067e+02
          LJ-14     Coulomb-14        LJ (SR)   Coulomb (SR)   Coul. recip.
    5.95224e+03    1.11607e+05    1.93849e+05   -2.34414e+06    6.76843e+03
      Potential    Kinetic En.   Total Energy  Conserved En.    Temperature
   -1.98164e+06    3.61752e+05   -1.61988e+06   -1.61558e+06    3.00066e+02
 Pressure (bar)   Constr. rmsd
   -1.84940e+01    3.18726e-06

           Step           Time
         150000      300.00000

   Energies (kJ/mol)
           Bond            U-B    Proper Dih.  Improper Dih.      CMAP Dih.
    6.76260e+03    1.75023e+04    2.02546e+04    1.07654e+03   -8.46976e+02
          LJ-14     Coulomb-14        LJ (SR)   Coulomb (SR)   Coul. recip.
    5.88876e+03    1.11346e+05    1.93092e+05   -2.34260e+06    6.68454e+03
      Potential    Kinetic En.   Total Energy  Conserved En.    Temperature
   -1.98084e+06    3.63763e+05   -1.61708e+06   -1.61532e+06    3.01733e+02
 Pressure (bar)   Constr. rmsd
   -1.42645e+01    3.13932e-06

           Step           Time
         155000      310.00000

   Energies (kJ/mol)
           Bond            U-B    Proper Dih.  Improper Dih.      CMAP Dih.
    6.44540e+03    1.73197e+04    2.01862e+04    1.02347e+03   -7.50536e+02
          LJ-14     Coulomb-14        LJ (SR)   Coulomb (SR)   Coul. recip.
    5.83221e+03    1.11472e+05    1.95950e+05   -2.34752e+06    6.77239e+03
      Potential    Kinetic En.   Total Energy  Conserved En.    Temperature
   -1.98327e+06    3.59542e+05   -1.62373e+06   -1.61519e+06    2.98233e+02
 Pressure (bar)   Constr. rmsd
    6.64284e+01    3.16569e-06

           Step           Time
         160000      320.00000

   Energies (kJ/mol)
           Bond            U-B    Proper Dih.  Improper Dih.      CMAP Dih.
    6.35473e+03    1.71716e+04    2.01911e+04    1.07646e+03   -7.25020e+02
          LJ-14     Coulomb-14        LJ (SR)   Coulomb (SR)   Coul. recip.
    6.00201e+03    1.11771e+05    1.91622e+05   -2.34068e+06    6.76532e+03
      Potential    Kinetic En.   Total Energy  Conserved En.    Temperature
   -1.98045e+06    3.60719e+05   -1.61973e+06   -1.61511e+06    2.99209e+02
 Pressure (bar)   Constr. rmsd
   -5.92871e+01    3.27264e-06

           Step           Time
         165000      330.00000

   Energies (kJ/mol)
           Bond            U-B    Proper Dih.  Improper Dih.      CMAP Dih.
    6.57491e+03    1.73266e+04    2.02412e+04    1.02568e+03   -6.88926e+02
          LJ-14     Coulomb-14        LJ (SR)   Coulomb (SR)   Coul. recip.
    5.83940e+03    1.11498e+05    1.91750e+05   -2.34202e+06    6.75222e+03
      Potential    Kinetic En.   Total Energy  Conserved En.    Temperature
   -1.98170e+06    3.60845e+05   -1.62085e+06   -1.61485e+06    2.99313e+02
 Pressure (bar)   Constr. rmsd
   -1.42973e+02    3.53374e-06

           Step           Time
         170000      340.00000

   Energies (kJ/mol)
           Bond            U-B    Proper Dih.  Improper Dih.      CMAP Dih.
    6.53103e+03    1.76396e+04    2.01884e+04    9.93407e+02   -8.26146e+02
          LJ-14     Coulomb-14        LJ (SR)   Coulomb (SR)   Coul. recip.
    5.91535e+03    1.11299e+05    1.91788e+05   -2.34158e+06    6.96201e+03
      Potential    Kinetic En.   Total Energy  Conserved En.    Temperature
   -1.98108e+06    3.62534e+05   -1.61855e+06   -1.61462e+06    3.00714e+02
 Pressure (bar)   Constr. rmsd
   -7.42741e+01    3.15057e-06

           Step           Time
         175000      350.00000

   Energies (kJ/mol)
           Bond            U-B    Proper Dih.  Improper Dih.      CMAP Dih.
    6.34605e+03    1.74083e+04    2.03080e+04    1.05054e+03   -6.07378e+02
          LJ-14     Coulomb-14        LJ (SR)   Coulomb (SR)   Coul. recip.
    5.92236e+03    1.11389e+05    1.95714e+05   -2.34682e+06    6.62338e+03
      Potential    Kinetic En.   Total Energy  Conserved En.    Temperature
   -1.98267e+06    3.62052e+05   -1.62062e+06   -1.61437e+06    3.00314e+02
 Pressure (bar)   Constr. rmsd
    8.02514e+01    3.38623e-06

           Step           Time
         180000      360.00000

   Energies (kJ/mol)
           Bond            U-B    Proper Dih.  Improper Dih.      CMAP Dih.
    6.25523e+03    1.77149e+04    2.02020e+04    9.82555e+02   -6.97409e+02
          LJ-14     Coulomb-14        LJ (SR)   Coulomb (SR)   Coul. recip.
    5.86511e+03    1.11579e+05    1.92517e+05   -2.34195e+06    6.77187e+03
      Potential    Kinetic En.   Total Energy  Conserved En.    Temperature
   -1.98076e+06    3.63617e+05   -1.61714e+06   -1.61407e+06    3.01613e+02
 Pressure (bar)   Constr. rmsd
   -3.08970e+01    3.25276e-06

           Step           Time
         185000      370.00000

   Energies (kJ/mol)
           Bond            U-B    Proper Dih.  Improper Dih.      CMAP Dih.
    6.49621e+03    1.77799e+04    2.00393e+04    9.63434e+02   -8.36226e+02
          LJ-14     Coulomb-14        LJ (SR)   Coulomb (SR)   Coul. recip.
    5.76655e+03    1.11596e+05    1.95599e+05   -2.34670e+06    6.86283e+03
      Potential    Kinetic En.   Total Energy  Conserved En.    Temperature
   -1.98243e+06    3.63225e+05   -1.61921e+06   -1.61391e+06    3.01287e+02
 Pressure (bar)   Constr. rmsd
   -1.92917e+01    3.04696e-06

           Step           Time
         190000      380.00000

   Energies (kJ/mol)
           Bond            U-B    Proper Dih.  Improper Dih.      CMAP Dih.
    6.38980e+03    1.75541e+04    2.00759e+04    1.04553e+03   -6.49789e+02
          LJ-14     Coulomb-14        LJ (SR)   Coulomb (SR)   Coul. recip.
    5.79086e+03    1.11340e+05    1.94585e+05   -2.34378e+06    6.79402e+03
      Potential    Kinetic En.   Total Energy  Conserved En.    Temperature
   -1.98086e+06    3.61432e+05   -1.61942e+06   -1.61362e+06    2.99800e+02
 Pressure (bar)   Constr. rmsd
    1.45423e+01    3.12269e-06

           Step           Time
         195000      390.00000

   Energies (kJ/mol)
           Bond            U-B    Proper Dih.  Improper Dih.      CMAP Dih.
    6.51170e+03    1.77143e+04    2.01270e+04    9.18695e+02   -6.38009e+02
          LJ-14     Coulomb-14        LJ (SR)   Coulomb (SR)   Coul. recip.
    5.71137e+03    1.10763e+05    1.94582e+05   -2.34386e+06    6.83573e+03
      Potential    Kinetic En.   Total Energy  Conserved En.    Temperature
   -1.98133e+06    3.61961e+05   -1.61937e+06   -1.61343e+06    3.00239e+02
 Pressure (bar)   Constr. rmsd
    8.08595e+00    3.12239e-06

           Step           Time
         200000      400.00000

   Energies (kJ/mol)
           Bond            U-B    Proper Dih.  Improper Dih.      CMAP Dih.
    6.27619e+03    1.75174e+04    2.01817e+04    9.94547e+02   -6.39951e+02
          LJ-14     Coulomb-14        LJ (SR)   Coulomb (SR)   Coul. recip.
    5.81376e+03    1.11685e+05    1.96981e+05   -2.34900e+06    6.83885e+03
      Potential    Kinetic En.   Total Energy  Conserved En.    Temperature
   -1.98336e+06    3.62976e+05   -1.62038e+06   -1.61326e+06    3.01081e+02
 Pressure (bar)   Constr. rmsd
    1.55995e+02    3.08894e-06

           Step           Time
         205000      410.00000

   Energies (kJ/mol)
           Bond            U-B    Proper Dih.  Improper Dih.      CMAP Dih.
    6.40332e+03    1.74311e+04    2.01707e+04    9.95354e+02   -7.93464e+02
          LJ-14     Coulomb-14        LJ (SR)   Coulomb (SR)   Coul. recip.
    5.83066e+03    1.11151e+05    1.94754e+05   -2.34701e+06    6.67077e+03
      Potential    Kinetic En.   Total Energy  Conserved En.    Temperature
   -1.98439e+06    3.63378e+05   -1.62101e+06   -1.61280e+06    3.01414e+02
 Pressure (bar)   Constr. rmsd
    6.46546e+01    3.17092e-06

           Step           Time
         210000      420.00000

   Energies (kJ/mol)
           Bond            U-B    Proper Dih.  Improper Dih.      CMAP Dih.
    6.48672e+03    1.74937e+04    1.99724e+04    9.44623e+02   -7.35176e+02
          LJ-14     Coulomb-14        LJ (SR)   Coulomb (SR)   Coul. recip.
    5.74211e+03    1.11254e+05    1.91947e+05   -2.34048e+06    6.72802e+03
      Potential    Kinetic En.   Total Energy  Conserved En.    Temperature
   -1.98065e+06    3.61230e+05   -1.61942e+06   -1.61261e+06    2.99633e+02
 Pressure (bar)   Constr. rmsd
   -1.34472e+02    3.20737e-06

           Step           Time
         215000      430.00000

   Energies (kJ/mol)
           Bond            U-B    Proper Dih.  Improper Dih.      CMAP Dih.
    6.52505e+03    1.76210e+04    2.02131e+04    9.97892e+02   -7.02230e+02
          LJ-14     Coulomb-14        LJ (SR)   Coulomb (SR)   Coul. recip.
    5.81459e+03    1.11125e+05    1.97085e+05   -2.34675e+06    6.90917e+03
      Potential    Kinetic En.   Total Energy  Conserved En.    Temperature
   -1.98116e+06    3.61640e+05   -1.61952e+06   -1.61229e+06    2.99973e+02
 Pressure (bar)   Constr. rmsd
    1.73560e+02    3.14643e-06

           Step           Time
         220000      440.00000

   Energies (kJ/mol)
           Bond            U-B    Proper Dih.  Improper Dih.      CMAP Dih.
    6.32552e+03    1.74964e+04    2.02096e+04    1.05278e+03   -7.86081e+02
          LJ-14     Coulomb-14        LJ (SR)   Coulomb (SR)   Coul. recip.
    5.96907e+03    1.11384e+05    1.93654e+05   -2.34153e+06    6.77235e+03
      Potential    Kinetic En.   Total Energy  Conserved En.    Temperature
   -1.97945e+06    3.61119e+05   -1.61833e+06   -1.61220e+06    2.99541e+02
 Pressure (bar)   Constr. rmsd
    4.21820e+01    3.28235e-06

           Step           Time
         225000      450.00000

   Energies (kJ/mol)
           Bond            U-B    Proper Dih.  Improper Dih.      CMAP Dih.
    6.30771e+03    1.74990e+04    2.02021e+04    1.00995e+03   -7.13384e+02
          LJ-14     Coulomb-14        LJ (SR)   Coulomb (SR)   Coul. recip.
    5.91645e+03    1.11543e+05    1.93787e+05   -2.34495e+06    6.83299e+03
      Potential    Kinetic En.   Total Energy  Conserved En.    Temperature
   -1.98257e+06    3.62589e+05   -1.61998e+06   -1.61200e+06    3.00760e+02
 Pressure (bar)   Constr. rmsd
   -1.88811e+01    3.15938e-06

           Step           Time
         230000      460.00000

   Energies (kJ/mol)
           Bond            U-B    Proper Dih.  Improper Dih.      CMAP Dih.
    6.43494e+03    1.75833e+04    2.02001e+04    9.55856e+02   -5.80083e+02
          LJ-14     Coulomb-14        LJ (SR)   Coulomb (SR)   Coul. recip.
    5.99839e+03    1.11575e+05    1.94157e+05   -2.34312e+06    6.84008e+03
      Potential    Kinetic En.   Total Energy  Conserved En.    Temperature
   -1.97996e+06    3.63829e+05   -1.61613e+06   -1.61163e+06    3.01788e+02
 Pressure (bar)   Constr. rmsd
    7.27191e+00    3.27704e-06

           Step           Time
         235000      470.00000

   Energies (kJ/mol)
           Bond            U-B    Proper Dih.  Improper Dih.      CMAP Dih.
    6.39778e+03    1.75763e+04    2.02460e+04    1.06126e+03   -8.03036e+02
          LJ-14     Coulomb-14        LJ (SR)   Coulomb (SR)   Coul. recip.
    5.84869e+03    1.11652e+05    1.94237e+05   -2.34357e+06    6.85746e+03
      Potential    Kinetic En.   Total Energy  Conserved En.    Temperature
   -1.98050e+06    3.61479e+05   -1.61902e+06   -1.61146e+06    2.99839e+02
 Pressure (bar)   Constr. rmsd
    1.42102e-01    3.20702e-06

           Step           Time
         240000      480.00000

   Energies (kJ/mol)
           Bond            U-B    Proper Dih.  Improper Dih.      CMAP Dih.
    6.51603e+03    1.76697e+04    2.00513e+04    1.03799e+03   -8.12449e+02
          LJ-14     Coulomb-14        LJ (SR)   Coulomb (SR)   Coul. recip.
    5.90338e+03    1.11542e+05    1.95100e+05   -2.34498e+06    6.70042e+03
      Potential    Kinetic En.   Total Energy  Conserved En.    Temperature
   -1.98127e+06    3.61953e+05   -1.61932e+06   -1.61121e+06    3.00232e+02
 Pressure (bar)   Constr. rmsd
    1.02516e+02    3.08682e-06

           Step           Time
         245000      490.00000

   Energies (kJ/mol)
           Bond            U-B    Proper Dih.  Improper Dih.      CMAP Dih.
    6.32996e+03    1.75019e+04    2.01970e+04    1.04330e+03   -8.61924e+02
          LJ-14     Coulomb-14        LJ (SR)   Coulomb (SR)   Coul. recip.
    5.89178e+03    1.11532e+05    1.93623e+05   -2.34501e+06    6.87495e+03
      Potential    Kinetic En.   Total Energy  Conserved En.    Temperature
   -1.98288e+06    3.61787e+05   -1.62109e+06   -1.61106e+06    3.00095e+02
 Pressure (bar)   Constr. rmsd
    1.36007e+01    3.13497e-06

           Step           Time
         250000      500.00000

   Energies (kJ/mol)
           Bond            U-B    Proper Dih.  Improper Dih.      CMAP Dih.
    6.51623e+03    1.71509e+04    2.01960e+04    9.40506e+02   -7.52241e+02
          LJ-14     Coulomb-14        LJ (SR)   Coulomb (SR)   Coul. recip.
    5.73250e+03    1.11179e+05    1.94344e+05   -2.34517e+06    6.74865e+03
      Potential    Kinetic En.   Total Energy  Conserved En.    Temperature
   -1.98312e+06    3.62262e+05   -1.62086e+06   -1.61092e+06    3.00489e+02
 Pressure (bar)   Constr. rmsd
   -7.65975e+01    3.09071e-06

           Step           Time
         255000      510.00000

   Energies (kJ/mol)
           Bond            U-B    Proper Dih.  Improper Dih.      CMAP Dih.
    6.67649e+03    1.74959e+04    2.00074e+04    9.23111e+02   -7.66028e+02
          LJ-14     Coulomb-14        LJ (SR)   Coulomb (SR)   Coul. recip.
    5.67456e+03    1.11592e+05    1.94698e+05   -2.34624e+06    6.67491e+03
      Potential    Kinetic En.   Total Energy  Conserved En.    Temperature
   -1.98327e+06    3.61796e+05   -1.62147e+06   -1.61064e+06    3.00102e+02
 Pressure (bar)   Constr. rmsd
    5.21544e+01    3.22343e-06

           Step           Time
         260000      520.00000

   Energies (kJ/mol)
           Bond            U-B    Proper Dih.  Improper Dih.      CMAP Dih.
    6.35877e+03    1.72630e+04    2.00318e+04    1.01577e+03   -7.72555e+02
          LJ-14     Coulomb-14        LJ (SR)   Coulomb (SR)   Coul. recip.
    6.00583e+03    1.11512e+05    1.92952e+05   -2.34248e+06    6.76271e+03
      Potential    Kinetic En.   Total Energy  Conserved En.    Temperature
   -1.98135e+06    3.60683e+05   -1.62067e+06   -1.61048e+06    2.99179e+02
 Pressure (bar)   Constr. rmsd
   -5.30673e+01    3.10647e-06

           Step           Time
         265000      530.00000

   Energies (kJ/mol)
           Bond            U-B    Proper Dih.  Improper Dih.      CMAP Dih.
    6.37487e+03    1.72439e+04    2.00930e+04    9.67565e+02   -7.45057e+02
          LJ-14     Coulomb-14        LJ (SR)   Coulomb (SR)   Coul. recip.
    5.90968e+03    1.11519e+05    1.93274e+05   -2.34286e+06    6.69299e+03
      Potential    Kinetic En.   Total Energy  Conserved En.    Temperature
   -1.98153e+06    3.59127e+05   -1.62241e+06   -1.61025e+06    2.97888e+02
 Pressure (bar)   Constr. rmsd
    3.82626e+01    3.22246e-06

           Step           Time
         270000      540.00000

   Energies (kJ/mol)
           Bond            U-B    Proper Dih.  Improper Dih.      CMAP Dih.
    6.48662e+03    1.75471e+04    2.01285e+04    1.06277e+03   -7.37439e+02
          LJ-14     Coulomb-14        LJ (SR)   Coulomb (SR)   Coul. recip.
    5.87763e+03    1.11734e+05    1.94897e+05   -2.34533e+06    6.65573e+03
      Potential    Kinetic En.   Total Energy  Conserved En.    Temperature
   -1.98168e+06    3.62890e+05   -1.61879e+06   -1.61009e+06    3.01010e+02
 Pressure (bar)   Constr. rmsd
    8.19827e+01    3.36990e-06

           Step           Time
         275000      550.00000

   Energies (kJ/mol)
           Bond            U-B    Proper Dih.  Improper Dih.      CMAP Dih.
    6.32846e+03    1.73439e+04    2.00975e+04    1.00631e+03   -8.20412e+02
          LJ-14     Coulomb-14        LJ (SR)   Coulomb (SR)   Coul. recip.
    6.02378e+03    1.11774e+05    1.95251e+05   -2.34581e+06    6.98632e+03
      Potential    Kinetic En.   Total Energy  Conserved En.    Temperature
   -1.98182e+06    3.61035e+05   -1.62078e+06   -1.60996e+06    2.99471e+02
 Pressure (bar)   Constr. rmsd
    5.44295e+01    3.17218e-06

           Step           Time
         280000      560.00000

   Energies (kJ/mol)
           Bond            U-B    Proper Dih.  Improper Dih.      CMAP Dih.
    6.37963e+03    1.73329e+04    2.02261e+04    1.07622e+03   -8.87168e+02
          LJ-14     Coulomb-14        LJ (SR)   Coulomb (SR)   Coul. recip.
    5.94872e+03    1.11987e+05    1.93637e+05   -2.34462e+06    6.76773e+03
      Potential    Kinetic En.   Total Energy  Conserved En.    Temperature
   -1.98215e+06    3.62632e+05   -1.61952e+06   -1.60984e+06    3.00795e+02
 Pressure (bar)   Constr. rmsd
    4.02394e+00    3.14201e-06

           Step           Time
         285000      570.00000

   Energies (kJ/mol)
           Bond            U-B    Proper Dih.  Improper Dih.      CMAP Dih.
    6.39398e+03    1.70418e+04    2.03177e+04    1.06578e+03   -7.24410e+02
          LJ-14     Coulomb-14        LJ (SR)   Coulomb (SR)   Coul. recip.
    5.86360e+03    1.11541e+05    1.96385e+05   -2.34742e+06    6.79342e+03
      Potential    Kinetic En.   Total Energy  Conserved En.    Temperature
   -1.98274e+06    3.61109e+05   -1.62163e+06   -1.60976e+06    2.99532e+02
 Pressure (bar)   Constr. rmsd
    7.31105e+01    3.20062e-06

           Step           Time
         290000      580.00000

   Energies (kJ/mol)
           Bond            U-B    Proper Dih.  Improper Dih.      CMAP Dih.
    6.11886e+03    1.78391e+04    1.99957e+04    1.02711e+03   -7.54820e+02
          LJ-14     Coulomb-14        LJ (SR)   Coulomb (SR)   Coul. recip.
    5.85368e+03    1.11565e+05    1.93179e+05   -2.34367e+06    6.71477e+03
      Potential    Kinetic En.   Total Energy  Conserved En.    Temperature
   -1.98213e+06    3.60380e+05   -1.62175e+06   -1.60963e+06    2.98928e+02
 Pressure (bar)   Constr. rmsd
   -1.63405e+01    3.28216e-06

           Step           Time
         295000      590.00000

   Energies (kJ/mol)
           Bond            U-B    Proper Dih.  Improper Dih.      CMAP Dih.
    6.46023e+03    1.74827e+04    2.01103e+04    9.88254e+02   -7.42542e+02
          LJ-14     Coulomb-14        LJ (SR)   Coulomb (SR)   Coul. recip.
    5.70433e+03    1.11287e+05    1.95687e+05   -2.34683e+06    6.83961e+03
      Potential    Kinetic En.   Total Energy  Conserved En.    Temperature
   -1.98301e+06    3.60790e+05   -1.62222e+06   -1.60940e+06    2.99268e+02
 Pressure (bar)   Constr. rmsd
    4.08689e+01    3.21210e-06

           Step           Time
         300000      600.00000

   Energies (kJ/mol)
           Bond            U-B    Proper Dih.  Improper Dih.      CMAP Dih.
    6.47741e+03    1.77203e+04    2.01553e+04    1.03112e+03   -7.47852e+02
          LJ-14     Coulomb-14        LJ (SR)   Coulomb (SR)   Coul. recip.
    5.92538e+03    1.11200e+05    1.96121e+05   -2.34481e+06    6.87197e+03
      Potential    Kinetic En.   Total Energy  Conserved En.    Temperature
   -1.98006e+06    3.62666e+05   -1.61739e+06   -1.60917e+06    3.00824e+02
 Pressure (bar)   Constr. rmsd
    8.23139e+01    3.12795e-06

           Step           Time
         305000      610.00000

   Energies (kJ/mol)
           Bond            U-B    Proper Dih.  Improper Dih.      CMAP Dih.
    6.15634e+03    1.73838e+04    2.00764e+04    9.93443e+02   -7.63696e+02
          LJ-14     Coulomb-14        LJ (SR)   Coulomb (SR)   Coul. recip.
    5.77795e+03    1.11579e+05    1.93041e+05   -2.34215e+06    6.75518e+03
      Potential    Kinetic En.   Total Energy  Conserved En.    Temperature
   -1.98115e+06    3.61587e+05   -1.61956e+06   -1.60908e+06    2.99928e+02
 Pressure (bar)   Constr. rmsd
   -7.07134e+01    3.30623e-06

           Step           Time
         310000      620.00000

   Energies (kJ/mol)
           Bond            U-B    Proper Dih.  Improper Dih.      CMAP Dih.
    6.38941e+03    1.73832e+04    2.02969e+04    9.92747e+02   -7.59677e+02
          LJ-14     Coulomb-14        LJ (SR)   Coulomb (SR)   Coul. recip.
    5.84468e+03    1.11448e+05    1.93976e+05   -2.34238e+06    6.93368e+03
      Potential    Kinetic En.   Total Energy  Conserved En.    Temperature
   -1.97988e+06    3.62062e+05   -1.61782e+06   -1.60860e+06    3.00323e+02
 Pressure (bar)   Constr. rmsd
   -1.69976e+01    3.36405e-06

           Step           Time
         315000      630.00000

   Energies (kJ/mol)
           Bond            U-B    Proper Dih.  Improper Dih.      CMAP Dih.
    6.55785e+03    1.73250e+04    2.01679e+04    1.02222e+03   -6.89985e+02
          LJ-14     Coulomb-14        LJ (SR)   Coulomb (SR)   Coul. recip.
    5.77384e+03    1.11690e+05    1.93115e+05   -2.34295e+06    6.69032e+03
      Potential    Kinetic En.   Total Energy  Conserved En.    Temperature
   -1.98130e+06    3.60217e+05   -1.62108e+06   -1.60842e+06    2.98792e+02
 Pressure (bar)   Constr. rmsd
   -4.82035e+01    3.18526e-06

           Step           Time
         320000      640.00000

   Energies (kJ/mol)
           Bond            U-B    Proper Dih.  Improper Dih.      CMAP Dih.
    6.24016e+03    1.71998e+04    2.01077e+04    9.05423e+02   -6.69508e+02
          LJ-14     Coulomb-14        LJ (SR)   Coulomb (SR)   Coul. recip.
    5.87660e+03    1.11921e+05    1.92021e+05   -2.34316e+06    6.79969e+03
      Potential    Kinetic En.   Total Energy  Conserved En.    Temperature
   -1.98275e+06    3.62091e+05   -1.62066e+06   -1.60835e+06    3.00347e+02
 Pressure (bar)   Constr. rmsd
   -1.27483e+02    3.39330e-06

           Step           Time
         325000      650.00000

   Energies (kJ/mol)
           Bond            U-B    Proper Dih.  Improper Dih.      CMAP Dih.
    6.43491e+03    1.76085e+04    2.00601e+04    9.73490e+02   -6.33943e+02
          LJ-14     Coulomb-14        LJ (SR)   Coulomb (SR)   Coul. recip.
    5.73227e+03    1.11021e+05    1.95473e+05   -2.34516e+06    6.73006e+03
      Potential    Kinetic En.   Total Energy  Conserved En.    Temperature
   -1.98176e+06    3.60841e+05   -1.62091e+06   -1.60811e+06    2.99310e+02
 Pressure (bar)   Constr. rmsd
    9.49804e+01    3.24356e-06

           Step           Time
         330000      660.00000

   Energies (kJ/mol)
           Bond            U-B    Proper Dih.  Improper Dih.      CMAP Dih.
    6.39937e+03    1.68934e+04    2.01043e+04    9.92677e+02   -6.70015e+02
          LJ-14     Coulomb-14        LJ (SR)   Coulomb (SR)   Coul. recip.
    6.00328e+03    1.11532e+05    1.95384e+05   -2.34475e+06    6.80865e+03
      Potential    Kinetic En.   Total Energy  Conserved En.    Temperature
   -1.98130e+06    3.59520e+05   -1.62178e+06   -1.60796e+06    2.98214e+02
 Pressure (bar)   Constr. rmsd
    1.01129e+02    3.27546e-06

           Step           Time
         335000      670.00000

   Energies (kJ/mol)
           Bond            U-B    Proper Dih.  Improper Dih.      CMAP Dih.
    6.65706e+03    1.75350e+04    2.01572e+04    1.03159e+03   -6.93836e+02
          LJ-14     Coulomb-14        LJ (SR)   Coulomb (SR)   Coul. recip.
    5.84974e+03    1.11311e+05    1.94815e+05   -2.34373e+06    6.88553e+03
      Potential    Kinetic En.   Total Energy  Conserved En.    Temperature
   -1.98019e+06    3.62683e+05   -1.61750e+06   -1.60784e+06    3.00838e+02
 Pressure (bar)   Constr. rmsd
   -7.88393e+00    3.29029e-06

           Step           Time
         340000      680.00000

   Energies (kJ/mol)
           Bond            U-B    Proper Dih.  Improper Dih.      CMAP Dih.
    6.25699e+03    1.72449e+04    2.01745e+04    9.94089e+02   -7.19120e+02
          LJ-14     Coulomb-14        LJ (SR)   Coulomb (SR)   Coul. recip.
    5.90210e+03    1.11013e+05    1.94207e+05   -2.34602e+06    6.74700e+03
      Potential    Kinetic En.   Total Energy  Conserved En.    Temperature
   -1.98420e+06    3.59514e+05   -1.62469e+06   -1.60772e+06    2.98209e+02
 Pressure (bar)   Constr. rmsd
    2.34371e+01    3.05463e-06

           Step           Time
         345000      690.00000

   Energies (kJ/mol)
           Bond            U-B    Proper Dih.  Improper Dih.      CMAP Dih.
    6.45973e+03    1.73389e+04    2.02507e+04    1.01635e+03   -7.31331e+02
          LJ-14     Coulomb-14        LJ (SR)   Coulomb (SR)   Coul. recip.
    5.79348e+03    1.11088e+05    1.93608e+05   -2.34582e+06    6.94249e+03
      Potential    Kinetic En.   Total Energy  Conserved En.    Temperature
   -1.98406e+06    3.61497e+05   -1.62256e+06   -1.60752e+06    2.99854e+02
 Pressure (bar)   Constr. rmsd
   -1.60175e+02    3.05337e-06

           Step           Time
         350000      700.00000

   Energies (kJ/mol)
           Bond            U-B    Proper Dih.  Improper Dih.      CMAP Dih.
    6.34843e+03    1.73024e+04    2.02874e+04    1.05821e+03   -7.44053e+02
          LJ-14     Coulomb-14        LJ (SR)   Coulomb (SR)   Coul. recip.
    5.86595e+03    1.11024e+05    1.91346e+05   -2.33977e+06    6.80066e+03
      Potential    Kinetic En.   Total Energy  Conserved En.    Temperature
   -1.98048e+06    3.60715e+05   -1.61977e+06   -1.60724e+06    2.99206e+02
 Pressure (bar)   Constr. rmsd
   -1.23812e+02    3.22082e-06

           Step           Time
         355000      710.00000

   Energies (kJ/mol)
           Bond            U-B    Proper Dih.  Improper Dih.      CMAP Dih.
    6.66982e+03    1.74476e+04    2.01889e+04    1.05173e+03   -6.71376e+02
          LJ-14     Coulomb-14        LJ (SR)   Coulomb (SR)   Coul. recip.
    5.72426e+03    1.11223e+05    1.93949e+05   -2.34579e+06    6.80268e+03
      Potential    Kinetic En.   Total Energy  Conserved En.    Temperature
   -1.98340e+06    3.63276e+05   -1.62013e+06   -1.60688e+06    3.01329e+02
 Pressure (bar)   Constr. rmsd
   -1.76240e+01    3.24490e-06

           Step           Time
         360000      720.00000

   Energies (kJ/mol)
           Bond            U-B    Proper Dih.  Improper Dih.      CMAP Dih.
    6.25948e+03    1.75214e+04    2.03266e+04    9.84976e+02   -7.56177e+02
          LJ-14     Coulomb-14        LJ (SR)   Coulomb (SR)   Coul. recip.
    5.82685e+03    1.11427e+05    1.97253e+05   -2.34754e+06    6.73204e+03
      Potential    Kinetic En.   Total Energy  Conserved En.    Temperature
   -1.98197e+06    3.62245e+05   -1.61972e+06   -1.60663e+06    3.00474e+02
 Pressure (bar)   Constr. rmsd
    1.17023e+02    3.20072e-06

           Step           Time
         365000      730.00000

   Energies (kJ/mol)
           Bond            U-B    Proper Dih.  Improper Dih.      CMAP Dih.
    6.47737e+03    1.72513e+04    2.00433e+04    9.84682e+02   -6.25632e+02
          LJ-14     Coulomb-14        LJ (SR)   Coulomb (SR)   Coul. recip.
    5.97389e+03    1.11335e+05    1.95393e+05   -2.34723e+06    6.81565e+03
      Potential    Kinetic En.   Total Energy  Conserved En.    Temperature
   -1.98358e+06    3.61802e+05   -1.62178e+06   -1.60637e+06    3.00107e+02
 Pressure (bar)   Constr. rmsd
    1.35129e+02    3.21685e-06

Writing checkpoint, step 369500 at Thu May  8 15:18:48 2025


           Step           Time
         370000      740.00000

   Energies (kJ/mol)
           Bond            U-B    Proper Dih.  Improper Dih.      CMAP Dih.
    6.42115e+03    1.78900e+04    2.00629e+04    1.01794e+03   -7.81214e+02
          LJ-14     Coulomb-14        LJ (SR)   Coulomb (SR)   Coul. recip.
    5.85624e+03    1.10829e+05    1.94661e+05   -2.34377e+06    6.90229e+03
      Potential    Kinetic En.   Total Energy  Conserved En.    Temperature
   -1.98091e+06    3.62723e+05   -1.61819e+06   -1.60591e+06    3.00871e+02
 Pressure (bar)   Constr. rmsd
    6.39801e+01    3.32716e-06

           Step           Time
         375000      750.00000

   Energies (kJ/mol)
           Bond            U-B    Proper Dih.  Improper Dih.      CMAP Dih.
    6.30296e+03    1.72225e+04    2.00027e+04    9.76212e+02   -7.93260e+02
          LJ-14     Coulomb-14        LJ (SR)   Coulomb (SR)   Coul. recip.
    5.99288e+03    1.12246e+05    1.94816e+05   -2.34450e+06    6.74975e+03
      Potential    Kinetic En.   Total Energy  Conserved En.    Temperature
   -1.98098e+06    3.59983e+05   -1.62100e+06   -1.60576e+06    2.98598e+02
 Pressure (bar)   Constr. rmsd
    3.66689e+01    3.02981e-06

           Step           Time
         380000      760.00000

   Energies (kJ/mol)
           Bond            U-B    Proper Dih.  Improper Dih.      CMAP Dih.
    6.66368e+03    1.75455e+04    2.00035e+04    1.00694e+03   -8.24534e+02
          LJ-14     Coulomb-14        LJ (SR)   Coulomb (SR)   Coul. recip.
    5.74965e+03    1.11073e+05    1.95691e+05   -2.34538e+06    6.77375e+03
      Potential    Kinetic En.   Total Energy  Conserved En.    Temperature
   -1.98170e+06    3.61148e+05   -1.62055e+06   -1.60539e+06    2.99564e+02
 Pressure (bar)   Constr. rmsd
    1.22009e+02    3.24351e-06

           Step           Time
         385000      770.00000

   Energies (kJ/mol)
           Bond            U-B    Proper Dih.  Improper Dih.      CMAP Dih.
    6.51205e+03    1.73206e+04    2.02620e+04    1.02333e+03   -6.65417e+02
          LJ-14     Coulomb-14        LJ (SR)   Coulomb (SR)   Coul. recip.
    5.93117e+03    1.11418e+05    1.92582e+05   -2.34229e+06    6.86356e+03
      Potential    Kinetic En.   Total Energy  Conserved En.    Temperature
   -1.98104e+06    3.62953e+05   -1.61809e+06   -1.60519e+06    3.01062e+02
 Pressure (bar)   Constr. rmsd
    1.89039e+01    3.38207e-06

           Step           Time
         390000      780.00000

   Energies (kJ/mol)
           Bond            U-B    Proper Dih.  Improper Dih.      CMAP Dih.
    6.22142e+03    1.71274e+04    2.01923e+04    1.02691e+03   -8.06637e+02
          LJ-14     Coulomb-14        LJ (SR)   Coulomb (SR)   Coul. recip.
    5.89531e+03    1.11195e+05    1.93965e+05   -2.34709e+06    6.81421e+03
      Potential    Kinetic En.   Total Energy  Conserved En.    Temperature
   -1.98546e+06    3.61703e+05   -1.62376e+06   -1.60495e+06    3.00025e+02
 Pressure (bar)   Constr. rmsd
    2.37610e+01    3.16082e-06

           Step           Time
         395000      790.00000

   Energies (kJ/mol)
           Bond            U-B    Proper Dih.  Improper Dih.      CMAP Dih.
    6.42055e+03    1.76358e+04    2.00696e+04    9.34130e+02   -7.08318e+02
          LJ-14     Coulomb-14        LJ (SR)   Coulomb (SR)   Coul. recip.
    5.88655e+03    1.11550e+05    1.95304e+05   -2.34449e+06    6.74622e+03
      Potential    Kinetic En.   Total Energy  Conserved En.    Temperature
   -1.98065e+06    3.62409e+05   -1.61824e+06   -1.60471e+06    3.00611e+02
 Pressure (bar)   Constr. rmsd
    6.17249e+01    3.32081e-06

           Step           Time
         400000      800.00000

   Energies (kJ/mol)
           Bond            U-B    Proper Dih.  Improper Dih.      CMAP Dih.
    6.38381e+03    1.74199e+04    2.01893e+04    9.53606e+02   -8.75497e+02
          LJ-14     Coulomb-14        LJ (SR)   Coulomb (SR)   Coul. recip.
    5.87640e+03    1.11082e+05    1.93410e+05   -2.34061e+06    6.97404e+03
      Potential    Kinetic En.   Total Energy  Conserved En.    Temperature
   -1.97919e+06    3.60500e+05   -1.61869e+06   -1.60458e+06    2.99027e+02
 Pressure (bar)   Constr. rmsd
   -5.99104e+01    3.22649e-06

           Step           Time
         405000      810.00000

   Energies (kJ/mol)
           Bond            U-B    Proper Dih.  Improper Dih.      CMAP Dih.
    6.43825e+03    1.77131e+04    2.01425e+04    9.38546e+02   -7.55067e+02
          LJ-14     Coulomb-14        LJ (SR)   Coulomb (SR)   Coul. recip.
    5.84617e+03    1.11148e+05    1.93059e+05   -2.34236e+06    6.75912e+03
      Potential    Kinetic En.   Total Energy  Conserved En.    Temperature
   -1.98107e+06    3.63129e+05   -1.61795e+06   -1.60442e+06    3.01208e+02
 Pressure (bar)   Constr. rmsd
    1.60297e+01    3.24090e-06

           Step           Time
         410000      820.00000

   Energies (kJ/mol)
           Bond            U-B    Proper Dih.  Improper Dih.      CMAP Dih.
    6.14143e+03    1.75456e+04    2.01846e+04    9.53579e+02   -6.83006e+02
          LJ-14     Coulomb-14        LJ (SR)   Coulomb (SR)   Coul. recip.
    5.95528e+03    1.11756e+05    1.92841e+05   -2.34200e+06    6.87358e+03
      Potential    Kinetic En.   Total Energy  Conserved En.    Temperature
   -1.98043e+06    3.59739e+05   -1.62069e+06   -1.60441e+06    2.98396e+02
 Pressure (bar)   Constr. rmsd
   -3.96066e+01    3.20946e-06

           Step           Time
         415000      830.00000

   Energies (kJ/mol)
           Bond            U-B    Proper Dih.  Improper Dih.      CMAP Dih.
    6.30027e+03    1.75987e+04    2.01625e+04    9.97565e+02   -7.69440e+02
          LJ-14     Coulomb-14        LJ (SR)   Coulomb (SR)   Coul. recip.
    5.76086e+03    1.11504e+05    1.94906e+05   -2.34581e+06    6.73755e+03
      Potential    Kinetic En.   Total Energy  Conserved En.    Temperature
   -1.98261e+06    3.61570e+05   -1.62104e+06   -1.60421e+06    2.99914e+02
 Pressure (bar)   Constr. rmsd
    3.34667e+01    3.14466e-06

           Step           Time
         420000      840.00000

   Energies (kJ/mol)
           Bond            U-B    Proper Dih.  Improper Dih.      CMAP Dih.
    6.68307e+03    1.74504e+04    2.01515e+04    1.03583e+03   -8.09757e+02
          LJ-14     Coulomb-14        LJ (SR)   Coulomb (SR)   Coul. recip.
    5.78630e+03    1.11238e+05    1.93675e+05   -2.34269e+06    6.83777e+03
      Potential    Kinetic En.   Total Energy  Conserved En.    Temperature
   -1.98064e+06    3.61406e+05   -1.61923e+06   -1.60395e+06    2.99779e+02
 Pressure (bar)   Constr. rmsd
   -2.03320e+01    3.15076e-06

           Step           Time
         425000      850.00000

   Energies (kJ/mol)
           Bond            U-B    Proper Dih.  Improper Dih.      CMAP Dih.
    6.72260e+03    1.75392e+04    2.03692e+04    1.06191e+03   -8.03225e+02
          LJ-14     Coulomb-14        LJ (SR)   Coulomb (SR)   Coul. recip.
    5.87586e+03    1.10978e+05    1.92545e+05   -2.34022e+06    6.74459e+03
      Potential    Kinetic En.   Total Energy  Conserved En.    Temperature
   -1.97918e+06    3.63216e+05   -1.61597e+06   -1.60380e+06    3.01280e+02
 Pressure (bar)   Constr. rmsd
   -5.88166e+01    3.45736e-06

           Step           Time
         430000      860.00000

   Energies (kJ/mol)
           Bond            U-B    Proper Dih.  Improper Dih.      CMAP Dih.
    6.50509e+03    1.75794e+04    2.03307e+04    1.03587e+03   -8.02395e+02
          LJ-14     Coulomb-14        LJ (SR)   Coulomb (SR)   Coul. recip.
    5.88978e+03    1.11330e+05    1.97624e+05   -2.34955e+06    6.70922e+03
      Potential    Kinetic En.   Total Energy  Conserved En.    Temperature
   -1.98335e+06    3.62722e+05   -1.62063e+06   -1.60363e+06    3.00870e+02
 Pressure (bar)   Constr. rmsd
    1.33785e+02    3.23576e-06

           Step           Time
         435000      870.00000

   Energies (kJ/mol)
           Bond            U-B    Proper Dih.  Improper Dih.      CMAP Dih.
    6.02904e+03    1.76035e+04    2.01601e+04    1.07369e+03   -7.62235e+02
          LJ-14     Coulomb-14        LJ (SR)   Coulomb (SR)   Coul. recip.
    5.92244e+03    1.11408e+05    1.93421e+05   -2.34214e+06    6.72404e+03
      Potential    Kinetic En.   Total Energy  Conserved En.    Temperature
   -1.98056e+06    3.61886e+05   -1.61867e+06   -1.60342e+06    3.00177e+02
 Pressure (bar)   Constr. rmsd
    5.31779e+01    3.24605e-06

           Step           Time
         440000      880.00000

   Energies (kJ/mol)
           Bond            U-B    Proper Dih.  Improper Dih.      CMAP Dih.
    6.27637e+03    1.75040e+04    2.00661e+04    1.00553e+03   -7.64609e+02
          LJ-14     Coulomb-14        LJ (SR)   Coulomb (SR)   Coul. recip.
    5.75401e+03    1.11286e+05    1.94081e+05   -2.34603e+06    6.68472e+03
      Potential    Kinetic En.   Total Energy  Conserved En.    Temperature
   -1.98414e+06    3.61049e+05   -1.62309e+06   -1.60332e+06    2.99483e+02
 Pressure (bar)   Constr. rmsd
    5.32989e+00    3.21972e-06

           Step           Time
         445000      890.00000

   Energies (kJ/mol)
           Bond            U-B    Proper Dih.  Improper Dih.      CMAP Dih.
    6.27121e+03    1.74631e+04    2.00123e+04    1.07459e+03   -8.09380e+02
          LJ-14     Coulomb-14        LJ (SR)   Coulomb (SR)   Coul. recip.
    5.84215e+03    1.11977e+05    1.95858e+05   -2.34857e+06    6.70614e+03
      Potential    Kinetic En.   Total Energy  Conserved En.    Temperature
   -1.98418e+06    3.62304e+05   -1.62188e+06   -1.60303e+06    3.00523e+02
 Pressure (bar)   Constr. rmsd
    9.35990e+01    3.22899e-06

           Step           Time
         450000      900.00000

   Energies (kJ/mol)
           Bond            U-B    Proper Dih.  Improper Dih.      CMAP Dih.
    6.41305e+03    1.74991e+04    2.00677e+04    1.03833e+03   -6.73119e+02
          LJ-14     Coulomb-14        LJ (SR)   Coulomb (SR)   Coul. recip.
    5.78827e+03    1.11458e+05    1.91453e+05   -2.34081e+06    6.77102e+03
      Potential    Kinetic En.   Total Energy  Conserved En.    Temperature
   -1.98099e+06    3.60899e+05   -1.62009e+06   -1.60282e+06    2.99358e+02
 Pressure (bar)   Constr. rmsd
   -8.83519e+01    3.31962e-06

           Step           Time
         455000      910.00000

   Energies (kJ/mol)
           Bond            U-B    Proper Dih.  Improper Dih.      CMAP Dih.
    6.48055e+03    1.72978e+04    2.01197e+04    1.06891e+03   -6.39962e+02
          LJ-14     Coulomb-14        LJ (SR)   Coulomb (SR)   Coul. recip.
    5.83541e+03    1.11348e+05    1.93658e+05   -2.34476e+06    6.70359e+03
      Potential    Kinetic En.   Total Energy  Conserved En.    Temperature
   -1.98289e+06    3.61480e+05   -1.62141e+06   -1.60255e+06    2.99840e+02
 Pressure (bar)   Constr. rmsd
   -9.63855e+01    3.06586e-06

           Step           Time
         460000      920.00000

   Energies (kJ/mol)
           Bond            U-B    Proper Dih.  Improper Dih.      CMAP Dih.
    6.28661e+03    1.75649e+04    2.01854e+04    1.04443e+03   -8.61554e+02
          LJ-14     Coulomb-14        LJ (SR)   Coulomb (SR)   Coul. recip.
    5.75870e+03    1.11250e+05    1.94839e+05   -2.34857e+06    6.77686e+03
      Potential    Kinetic En.   Total Energy  Conserved En.    Temperature
   -1.98573e+06    3.61835e+05   -1.62389e+06   -1.60233e+06    3.00135e+02
 Pressure (bar)   Constr. rmsd
   -8.00266e+00    3.19907e-06

           Step           Time
         465000      930.00000

   Energies (kJ/mol)
           Bond            U-B    Proper Dih.  Improper Dih.      CMAP Dih.
    6.17960e+03    1.72396e+04    2.01384e+04    1.03894e+03   -8.15744e+02
          LJ-14     Coulomb-14        LJ (SR)   Coulomb (SR)   Coul. recip.
    5.89117e+03    1.11340e+05    1.96070e+05   -2.34802e+06    6.60428e+03
      Potential    Kinetic En.   Total Energy  Conserved En.    Temperature
   -1.98433e+06    3.60843e+05   -1.62349e+06   -1.60205e+06    2.99311e+02
 Pressure (bar)   Constr. rmsd
    2.00772e+02    3.22889e-06

           Step           Time
         470000      940.00000

   Energies (kJ/mol)
           Bond            U-B    Proper Dih.  Improper Dih.      CMAP Dih.
    6.44059e+03    1.75670e+04    2.01871e+04    1.03357e+03   -8.68980e+02
          LJ-14     Coulomb-14        LJ (SR)   Coulomb (SR)   Coul. recip.
    5.82592e+03    1.11393e+05    1.95240e+05   -2.34520e+06    6.75554e+03
      Potential    Kinetic En.   Total Energy  Conserved En.    Temperature
   -1.98163e+06    3.63378e+05   -1.61825e+06   -1.60198e+06    3.01414e+02
 Pressure (bar)   Constr. rmsd
    6.52622e+01    3.22907e-06

           Step           Time
         475000      950.00000

   Energies (kJ/mol)
           Bond            U-B    Proper Dih.  Improper Dih.      CMAP Dih.
    6.35631e+03    1.72923e+04    1.99626e+04    9.68244e+02   -7.91778e+02
          LJ-14     Coulomb-14        LJ (SR)   Coulomb (SR)   Coul. recip.
    5.84914e+03    1.11725e+05    1.95002e+05   -2.34631e+06    6.71398e+03
      Potential    Kinetic En.   Total Energy  Conserved En.    Temperature
   -1.98323e+06    3.61332e+05   -1.62190e+06   -1.60177e+06    2.99717e+02
 Pressure (bar)   Constr. rmsd
    8.39628e+01    3.44654e-06

           Step           Time
         480000      960.00000

   Energies (kJ/mol)
           Bond            U-B    Proper Dih.  Improper Dih.      CMAP Dih.
    6.46681e+03    1.73607e+04    2.02111e+04    9.42713e+02   -8.41247e+02
          LJ-14     Coulomb-14        LJ (SR)   Coulomb (SR)   Coul. recip.
    5.94231e+03    1.11301e+05    1.91859e+05   -2.34230e+06    6.96372e+03
      Potential    Kinetic En.   Total Energy  Conserved En.    Temperature
   -1.98210e+06    3.61276e+05   -1.62082e+06   -1.60131e+06    2.99671e+02
 Pressure (bar)   Constr. rmsd
   -7.89528e+01    3.18253e-06

           Step           Time
         485000      970.00000

   Energies (kJ/mol)
           Bond            U-B    Proper Dih.  Improper Dih.      CMAP Dih.
    6.31272e+03    1.76321e+04    2.01369e+04    1.00638e+03   -7.19467e+02
          LJ-14     Coulomb-14        LJ (SR)   Coulomb (SR)   Coul. recip.
    5.75037e+03    1.11066e+05    1.93498e+05   -2.34237e+06    6.75957e+03
      Potential    Kinetic En.   Total Energy  Conserved En.    Temperature
   -1.98092e+06    3.60605e+05   -1.62032e+06   -1.60130e+06    2.99114e+02
 Pressure (bar)   Constr. rmsd
   -6.44716e-01    3.22799e-06

           Step           Time
         490000      980.00000

   Energies (kJ/mol)
           Bond            U-B    Proper Dih.  Improper Dih.      CMAP Dih.
    6.45676e+03    1.72361e+04    2.01143e+04    9.72942e+02   -7.49867e+02
          LJ-14     Coulomb-14        LJ (SR)   Coulomb (SR)   Coul. recip.
    5.82833e+03    1.11549e+05    1.94460e+05   -2.34512e+06    6.72897e+03
      Potential    Kinetic En.   Total Energy  Conserved En.    Temperature
   -1.98253e+06    3.61427e+05   -1.62110e+06   -1.60099e+06    2.99796e+02
 Pressure (bar)   Constr. rmsd
    2.26140e+01    3.17168e-06

           Step           Time
         495000      990.00000

   Energies (kJ/mol)
           Bond            U-B    Proper Dih.  Improper Dih.      CMAP Dih.
    6.62238e+03    1.80775e+04    2.00696e+04    1.14037e+03   -7.99961e+02
          LJ-14     Coulomb-14        LJ (SR)   Coulomb (SR)   Coul. recip.
    5.69251e+03    1.11198e+05    1.94599e+05   -2.34483e+06    6.68640e+03
      Potential    Kinetic En.   Total Energy  Conserved En.    Temperature
   -1.98155e+06    3.61736e+05   -1.61981e+06   -1.60083e+06    3.00053e+02
 Pressure (bar)   Constr. rmsd
    6.11829e+01    3.30570e-06

           Step           Time
         500000     1000.00000

Writing checkpoint, step 500000 at Thu May  8 15:23:53 2025


   Energies (kJ/mol)
           Bond            U-B    Proper Dih.  Improper Dih.      CMAP Dih.
    6.45087e+03    1.74829e+04    2.02184e+04    1.06102e+03   -8.07856e+02
          LJ-14     Coulomb-14        LJ (SR)   Coulomb (SR)   Coul. recip.
    5.73242e+03    1.11742e+05    1.92127e+05   -2.34423e+06    6.94545e+03
      Potential    Kinetic En.   Total Energy  Conserved En.    Temperature
   -1.98328e+06    3.61448e+05   -1.62183e+06   -1.60068e+06    2.99814e+02
 Pressure (bar)   Constr. rmsd
   -9.12741e+01    3.34034e-06


Energy conservation over simulation part #1 of length 1000 ps, time 0 to 1000 ps
  Conserved energy drift: 1.37e-04 kJ/mol/ps per atom


	<======  ###############  ==>
	<====  A V E R A G E S  ====>
	<==  ###############  ======>

	Statistics over 500001 steps using 5001 frames

   Energies (kJ/mol)
           Bond            U-B    Proper Dih.  Improper Dih.      CMAP Dih.
    6.39159e+03    1.74750e+04    2.01404e+04    1.00813e+03   -7.37654e+02
          LJ-14     Coulomb-14        LJ (SR)   Coulomb (SR)   Coul. recip.
    5.84967e+03    1.11579e+05    1.94010e+05   -2.34444e+06    6.78896e+03
      Potential    Kinetic En.   Total Energy  Conserved En.    Temperature
   -1.98194e+06    3.61680e+05   -1.62026e+06   -1.61115e+06    3.00006e+02
 Pressure (bar)   Constr. rmsd
    1.44258e+00    0.00000e+00

          Box-X          Box-Y          Box-Z
    1.12060e+01    1.12060e+01    1.12060e+01

   Total Virial (kJ/mol)
    1.20609e+05   -4.13202e+00    1.64081e-01
   -4.25510e+00    1.20388e+05   -2.95116e+01
   -4.34077e-02   -2.96210e+01    1.20513e+05

   Pressure (bar)
   -3.62554e-01   -2.86072e-01   -5.68259e-01
   -2.83169e-01    3.28073e+00   -3.43959e-01
   -5.63362e-01   -3.41377e-01    1.40955e+00

  T-Protein_LIGT-Water_and_ions
    3.00009e+02    3.00006e+02


	M E G A - F L O P S   A C C O U N T I N G

 NB=Group-cutoff nonbonded kernels    NxN=N-by-N cluster Verlet kernels
 RF=Reaction-Field  VdW=Van der Waals  QSTab=quadratic-spline table
 W3=SPC/TIP3p  W4=TIP4p (single or pairs)
 V&F=Potential and force  V=Potential only  F=Force only

 Computing:                               M-Number         M-Flops  % Flops
-----------------------------------------------------------------------------
 Pair Search distance check           86220.700400      775986.304     0.0
 NxN Ewald Elec. + LJ [F]          92939730.181056  7249298954.122    98.1
 NxN Ewald Elec. + LJ [V&F]          938973.277632   121127552.815     1.6
 1,4 nonbonded interactions           10189.520379      917056.834     0.0
 Shift-X                                714.662904        4287.977     0.0
 Bonds                                 2009.004018      118531.237     0.0
 Propers                              10151.020302     2324583.649     0.0
 Impropers                              604.501209      125736.251     0.0
 Virial                                1429.632949       25733.393     0.0
 Stop-CM                                714.662904        7146.629     0.0
 Calc-Ekin                            14290.685808      385848.517     0.0
 Lincs                                 1897.503795      113850.228     0.0
 Lincs-Mat                             9816.019632       39264.079     0.0
 Constraint-V                         71251.642503      641264.783     0.0
 Constraint-Vir                        1387.218708       33293.249     0.0
 Settle                               22485.544971     8319651.639     0.1
 Virtual Site 2fd                         1.020004          64.260     0.0
 CMAP                                   250.000500      425000.850     0.0
 Urey-Bradley                          7064.514129     1292806.086     0.0
-----------------------------------------------------------------------------
 Total                                              7385976612.902   100.0
-----------------------------------------------------------------------------


      R E A L   C Y C L E   A N D   T I M E   A C C O U N T I N G

On 1 MPI rank, each using 16 OpenMP threads

 Activity:              Num   Num      Call    Wall time         Giga-Cycles
                        Ranks Threads  Count      (s)         total sum    %
--------------------------------------------------------------------------------
 Vsite constr.             1   16     500001      16.679        717.328   1.4
 Neighbor search           1   16       5001      25.440       1094.135   2.1
 Launch PP GPU ops.        1   16     995001       9.264        398.425   0.8
 Force                     1   16     500001     105.343       4530.608   8.7
 PME GPU mesh              1   16     500001      14.005        602.319   1.2
 Wait GPU NB local         1   16     500001      18.674        803.136   1.5
 Wait GPU state copy       1   16     490000     786.081      33807.927  65.2
 NB X/F buffer ops.        1   16      10001       1.376         59.161   0.1
 Vsite spread              1   16     510002      42.476       1826.831   3.5
 Write traj.               1   16        102       0.661         28.441   0.1
 Update                    1   16     500001      75.699       3255.701   6.3
 Constraints               1   16     500001      92.153       3963.355   7.6
 Kinetic energy            1   16     100001       9.934        427.253   0.8
 Rest                                              7.608        327.197   0.6
--------------------------------------------------------------------------------
 Total                                          1205.393      51841.816 100.0
--------------------------------------------------------------------------------
 Breakdown of PME mesh activities
--------------------------------------------------------------------------------
 Wait PME GPU gather       1   16     500001       3.688        158.595   0.3
 Reduce GPU PME F          1   16     500001       0.828         35.592   0.1
 Launch PME GPU ops.       1   16    4500009       8.306        357.206   0.7
--------------------------------------------------------------------------------

               Core t (s)   Wall t (s)        (%)
       Time:    19286.268     1205.393     1600.0
                 (ns/day)    (hour/ns)
Performance:       71.678        0.335
Finished mdrun on rank 0 Thu May  8 15:23:53 2025

