                      :-) GROMACS - gmx mdrun, 2025.1 (-:

Copyright 1991-2025 The GROMACS Authors.
GROMACS is free software; you can redistribute it and/or modify it
under the terms of the GNU Lesser General Public License
as published by the Free Software Foundation; either version 2.1
of the License, or (at your option) any later version.

                         Current GROMACS contributors:
       Mark Abraham           Andrey Alekseenko           Brian Andrews       
      Vladimir Basov              Paul Bauer                Hugh Bird         
      Eliane Briand               Ania Brown              Mahesh Doijade      
      Giacomo Fiorin          Stefan Fleischmann          Sergey Gorelov      
   Gilles Gouaillardet            Alan Gray              M. Eric Irrgang      
   Farzaneh Jalalypour         Petter Johansson          Carsten Kutzner      
    Grzegorz Łazarski         Justin A. Lemkul          Magnus Lundborg      
       Pascal Merz             Vedran Miletić            Dmitry Morozov      
     Lukas Müllender            Julien Nabet             Szilárd Páll      
 Andrea Pasquadibisceglie     Michele Pellegrino         Nicola Piasentin     
     Daniele Rapetti         Muhammad Umair Sadiq         Hubert Santuz       
      Roland Schulz             Michael Shirts           Tatiana Shugaeva     
     Alexey Shvetsov            Philip Turner            Alessandra Villa     
 Sebastian Wingbermühle  

                         Previous GROMACS contributors:
        Emile Apol             Rossen Apostolov           James Barnett       
  Herman J.C. Berendsen         Cathrine Bergh             Par Bjelkmar       
      Christian Blau          Viacheslav Bolnykh            Kevin Boyd        
    Aldert van Buuren          Carlo Camilloni           Rudi van Drunen      
      Anton Feenstra           Oliver Fleetwood            Vytas Gapsys       
       Gaurav Garg             Gerrit Groenhof            Bert de Groot       
      Anca Hamuraru           Vincent Hindriksen          Victor Holanda      
     Aleksei Iupinov              Joe Jordan            Christoph Junghans    
    Prashanth Kanduri        Dimitrios Karkoulis           Peter Kasson       
      Sebastian Kehl           Sebastian Keller             Jiri Kraus        
       Per Larsson              Viveca Lindahl            Erik Marklund       
    Pieter Meulenhoff           Teemu Murtola              Sander Pronk       
      Alfons Sijbers            Balint Soproni         David van der Spoel    
      Peter Tieleman            Carsten Uphoff             Jon Vincent        
     Teemu Virolainen         Christian Wennberg           Maarten Wolf       
      Artem Zhmurov       

                  Coordinated by the GROMACS project leaders:
                           Berk Hess and Erik Lindahl

GROMACS:      gmx mdrun, version 2025.1
Executable:   /usr/local/gromacs/bin/gmx
Data prefix:  /usr/local/gromacs
Working dir:  /home/ugo/Scrivania/Transthyretin/molecular_dynamics
Process ID:   47373
Command line:
  gmx mdrun -s /home/ugo/Scrivania/Transthyretin/molecular_dynamics/trajectories/wt-tetramer.tpr -c /home/ugo/Scrivania/Transthyretin/molecular_dynamics/topologies/wt-tetramer_md.gro -o /home/ugo/Scrivania/Transthyretin/molecular_dynamics/trajectories/wt-tetramer.trr -x /home/ugo/Scrivania/Transthyretin/molecular_dynamics/trajectories/wt-tetramer.xtc -e /home/ugo/Scrivania/Transthyretin/molecular_dynamics/energies/wt-tetramer_md.edr -g /home/ugo/Scrivania/Transthyretin/molecular_dynamics/mdp_files/wt-tetramer_md.log -v -ntmpi 1 -nb gpu

GROMACS version:     2025.1
Precision:           mixed
Memory model:        64 bit
MPI library:         thread_mpi
OpenMP support:      enabled (GMX_OPENMP_MAX_THREADS = 128)
GPU support:         CUDA
NBNxM GPU setup:     super-cluster 2x2x2 / cluster 8 (cluster-pair splitting on)
SIMD instructions:   AVX2_256
CPU FFT library:     fftw-3.3.10-sse2-avx-avx2-avx2_128
GPU FFT library:     cuFFT
Multi-GPU FFT:       none
RDTSCP usage:        enabled
TNG support:         enabled
Hwloc support:       disabled
Tracing support:     disabled
C compiler:          /usr/bin/cc GNU 14.2.0
C compiler flags:    -fexcess-precision=fast -funroll-all-loops -mavx2 -mfma -Wno-missing-field-initializers -O3 -DNDEBUG
C++ compiler:        /usr/bin/c++ GNU 14.2.0
C++ compiler flags:  -fexcess-precision=fast -funroll-all-loops -mavx2 -mfma -Wno-missing-field-initializers -Wno-old-style-cast -Wno-cast-qual -Wno-suggest-override -Wno-suggest-destructor-override -Wno-zero-as-null-pointer-constant -Wno-cast-function-type-strict SHELL:-fopenmp -O3 -DNDEBUG
BLAS library:        Internal
LAPACK library:      Internal
CUDA compiler:       /usr/bin/nvcc nvcc: NVIDIA (R) Cuda compiler driver;Copyright (c) 2005-2023 NVIDIA Corporation;Built on Mon_Apr__3_17:16:06_PDT_2023;Cuda compilation tools, release 12.1, V12.1.105;Build cuda_12.1.r12.1/compiler.32688072_0
CUDA compiler flags: -O3 -DNDEBUG
CUDA driver:         12.60
CUDA runtime:        12.10


Running on 1 node with total 10 cores, 16 processing units, 1 compatible GPU
Hardware detected on host ugo-ubuntu:
  CPU info:
    Vendor: Intel
    Brand:  12th Gen Intel(R) Core(TM) i7-12650H
    Family: 6   Model: 154   Stepping: 3
    Features: aes apic avx avx2 clfsh cmov cx8 cx16 f16c fma htt intel lahf mmx msr nonstop_tsc pcid pclmuldq pdcm pdpe1gb popcnt pse rdrnd rdtscp sha sse2 sse3 sse4.1 sse4.2 ssse3 tdt x2apic
  Hardware topology: Basic
    Packages, cores, and logical processors:
    [indices refer to OS logical processors]
      Package  0: [   0   1] [   2   3] [   4   5] [   6   7] [   8   9] [  10  11] [  12] [  13] [  14] [  15]
    CPU limit set by OS: -1   Recommended max number of threads: 16
  GPU info:
    Number of GPUs detected: 1
    #0: NVIDIA NVIDIA GeForce RTX 4070 Laptop GPU, compute cap.: 8.9, ECC:  no, stat: compatible


++++ PLEASE READ AND CITE THE FOLLOWING REFERENCE ++++
M. J. Abraham, T. Murtola, R. Schulz, S. Páll, J. C. Smith, B. Hess, E.
Lindahl
GROMACS: High performance molecular simulations through multi-level
parallelism from laptops to supercomputers
SoftwareX (2015)
DOI: 10.1016/j.softx.2015.06.001
-------- -------- --- Thank You --- -------- --------


++++ PLEASE READ AND CITE THE FOLLOWING REFERENCE ++++
S. Páll, M. J. Abraham, C. Kutzner, B. Hess, E. Lindahl
Tackling Exascale Software Challenges in Molecular Dynamics Simulations with
GROMACS
In S. Markidis & E. Laure (Eds.), Solving Software Challenges for Exascale (2015)
DOI: 10.1007/978-3-319-15976-8_1
-------- -------- --- Thank You --- -------- --------


++++ PLEASE READ AND CITE THE FOLLOWING REFERENCE ++++
S. Pronk, S. Páll, R. Schulz, P. Larsson, P. Bjelkmar, R. Apostolov, M. R.
Shirts, J. C. Smith, P. M. Kasson, D. van der Spoel, B. Hess, E. Lindahl
GROMACS 4.5: a high-throughput and highly parallel open source molecular
simulation toolkit
Bioinformatics (2013)
DOI: 10.1093/bioinformatics/btt055
-------- -------- --- Thank You --- -------- --------


++++ PLEASE READ AND CITE THE FOLLOWING REFERENCE ++++
B. Hess, C. Kutzner, D. van der Spoel, E. Lindahl
GROMACS 4: Algorithms for highly efficient, load-balanced, and scalable
molecular simulation
J. Chem. Theory Comput. (2008)
DOI: 10.1021/ct700301q
-------- -------- --- Thank You --- -------- --------


++++ PLEASE READ AND CITE THE FOLLOWING REFERENCE ++++
D. van der Spoel, E. Lindahl, B. Hess, G. Groenhof, A. E. Mark, H. J. C.
Berendsen
GROMACS: Fast, Flexible and Free
J. Comp. Chem. (2005)
DOI: 10.1002/jcc.20291
-------- -------- --- Thank You --- -------- --------


++++ PLEASE READ AND CITE THE FOLLOWING REFERENCE ++++
E. Lindahl, B. Hess, D. van der Spoel
GROMACS 3.0: A package for molecular simulation and trajectory analysis
J. Mol. Mod. (2001)
DOI: 10.1007/s008940100045
-------- -------- --- Thank You --- -------- --------


++++ PLEASE READ AND CITE THE FOLLOWING REFERENCE ++++
H. J. C. Berendsen, D. van der Spoel and R. van Drunen
GROMACS: A message-passing parallel molecular dynamics implementation
Comp. Phys. Comm. (1995)
DOI: 10.1016/0010-4655(95)00042-E
-------- -------- --- Thank You --- -------- --------


++++ PLEASE CITE THE DOI FOR THIS VERSION OF GROMACS ++++
https://doi.org/10.5281/zenodo.15006630
-------- -------- --- Thank You --- -------- --------

Input Parameters:
   integrator                     = md
   tinit                          = 0
   dt                             = 0.002
   nsteps                         = 500000
   init-step                      = 0
   simulation-part                = 1
   mts                            = false
   mass-repartition-factor        = 1
   comm-mode                      = Linear
   nstcomm                        = 100
   bd-fric                        = 0
   ld-seed                        = -1231291393
   emtol                          = 10
   emstep                         = 0.01
   niter                          = 20
   fcstep                         = 0
   nstcgsteep                     = 1000
   nbfgscorr                      = 10
   rtpi                           = 0.05
   nstxout                        = 0
   nstvout                        = 0
   nstfout                        = 0
   nstlog                         = 5000
   nstcalcenergy                  = 100
   nstenergy                      = 5000
   nstxout-compressed             = 5000
   compressed-x-precision         = 1000
   cutoff-scheme                  = Verlet
   nstlist                        = 10
   pbc                            = xyz
   periodic-molecules             = false
   verlet-buffer-tolerance        = 0.005
   verlet-buffer-pressure-tolerance = 0.5
   rlist                          = 1
   coulombtype                    = PME
   coulomb-modifier               = Potential-shift
   rcoulomb-switch                = 0
   rcoulomb                       = 1
   epsilon-r                      = 1
   epsilon-rf                     = inf
   vdw-type                       = Cut-off
   vdw-modifier                   = Potential-shift
   rvdw-switch                    = 0
   rvdw                           = 1
   DispCorr                       = EnerPres
   table-extension                = 1
   fourierspacing                 = 0.16
   fourier-nx                     = 84
   fourier-ny                     = 84
   fourier-nz                     = 84
   pme-order                      = 4
   ewald-rtol                     = 1e-05
   ewald-rtol-lj                  = 0.001
   lj-pme-comb-rule               = Geometric
   ewald-geometry                 = 3d
   epsilon-surface                = 0
   ensemble-temperature-setting   = constant
   ensemble-temperature           = 300
   tcoupl                         = V-rescale
   nsttcouple                     = 10
   nh-chain-length                = 0
   print-nose-hoover-chain-variables = false
   pcoupl                         = Parrinello-Rahman
   pcoupltype                     = Isotropic
   nstpcouple                     = 50
   tau-p                          = 2
   compressibility (3x3):
      compressibility[    0]={ 4.50000e-05,  0.00000e+00,  0.00000e+00}
      compressibility[    1]={ 0.00000e+00,  4.50000e-05,  0.00000e+00}
      compressibility[    2]={ 0.00000e+00,  0.00000e+00,  4.50000e-05}
   ref-p (3x3):
      ref-p[    0]={ 1.00000e+00,  0.00000e+00,  0.00000e+00}
      ref-p[    1]={ 0.00000e+00,  1.00000e+00,  0.00000e+00}
      ref-p[    2]={ 0.00000e+00,  0.00000e+00,  1.00000e+00}
   refcoord-scaling               = No
   posres-com: not available
   posres-comB: not available
   QMMM                           = false
qm-opts:
   ngQM                           = 0
   constraint-algorithm           = Lincs
   continuation                   = true
   Shake-SOR                      = false
   shake-tol                      = 0.0001
   lincs-order                    = 4
   lincs-iter                     = 1
   lincs-warnangle                = 30
   nwall                          = 0
   wall-type                      = 9-3
   wall-r-linpot                  = -1
   wall-atomtype[0]               = -1
   wall-atomtype[1]               = -1
   wall-density[0]                = 0
   wall-density[1]                = 0
   wall-ewald-zfac                = 3
   pull                           = false
   awh                            = false
   rotation                       = false
   interactiveMD                  = false
   disre                          = No
   disre-weighting                = Conservative
   disre-mixed                    = false
   dr-fc                          = 1000
   dr-tau                         = 0
   nstdisreout                    = 100
   orire-fc                       = 0
   orire-tau                      = 0
   nstorireout                    = 100
   free-energy                    = no
   cos-acceleration               = 0
   deform (3x3):
      deform[    0]={ 0.00000e+00,  0.00000e+00,  0.00000e+00}
      deform[    1]={ 0.00000e+00,  0.00000e+00,  0.00000e+00}
      deform[    2]={ 0.00000e+00,  0.00000e+00,  0.00000e+00}
   simulated-tempering            = false
   swapcoords                     = no
   userint1                       = 0
   userint2                       = 0
   userint3                       = 0
   userint4                       = 0
   userreal1                      = 0
   userreal2                      = 0
   userreal3                      = 0
   userreal4                      = 0
   applied-forces:
     electric-field:
       x:
         E0                       = 0
         omega                    = 0
         t0                       = 0
         sigma                    = 0
       y:
         E0                       = 0
         omega                    = 0
         t0                       = 0
         sigma                    = 0
       z:
         E0                       = 0
         omega                    = 0
         t0                       = 0
         sigma                    = 0
     density-guided-simulation:
       active                     = false
       group                      = protein
       similarity-measure         = inner-product
       atom-spreading-weight      = unity
       force-constant             = 1e+09
       gaussian-transform-spreading-width = 0.2
       gaussian-transform-spreading-range-in-multiples-of-width = 4
       reference-density-filename = reference.mrc
       nst                        = 1
       normalize-densities        = true
       adaptive-force-scaling     = false
       adaptive-force-scaling-time-constant = 4
       shift-vector               = 
       transformation-matrix      = 
     qmmm-cp2k:
       active                     = false
       qmgroup                    = System
       qmmethod                   = PBE
       qmfilenames                = 
       qmcharge                   = 0
       qmmultiplicity             = 1
     colvars:
       active                     = false
       configfile                 = 
       seed                       = -1
     nnpot:
       active                     = false
       modelfile                  = model.pt
       input-group                = System
       model-input1               = 
       model-input2               = 
       model-input3               = 
       model-input4               = 
grpopts:
   nrdf:     19223.8      361833
   ref-t:         300         300
   tau-t:         0.1         0.1
annealing:          No          No
annealing-npoints:           0           0
   acc:	           0           0           0
   nfreeze:           N           N           N
   energygrp-flags[  0]: 0

Changing nstlist from 10 to 100, rlist from 1 to 1.18

When checking whether update groups are usable:
  Domain decomposition is not active, so there is no need for update groups

Local state does not use filler particles

1 GPU selected for this run.
Mapping of GPU IDs to the 2 GPU tasks in the 1 rank on this node:
  PP:0,PME:0
PP tasks will do (non-perturbed) short-ranged interactions on the GPU
PP task will update and constrain coordinates on the GPU
PME tasks will do all aspects on the GPU
Using 1 MPI thread
Using 16 OpenMP threads 

System total charge: 0.000
Will do PME sum in reciprocal space for electrostatic interactions.

++++ PLEASE READ AND CITE THE FOLLOWING REFERENCE ++++
U. Essmann, L. Perera, M. L. Berkowitz, T. Darden, H. Lee, L. G. Pedersen 
A smooth particle mesh Ewald method
J. Chem. Phys. (1995)
DOI: 10.1063/1.470117
-------- -------- --- Thank You --- -------- --------

Using a Gaussian width (1/beta) of 0.320163 nm for Ewald
Potential shift: LJ r^-12: -1.000e+00 r^-6: -1.000e+00, Ewald -1.000e-05
Initialized non-bonded Coulomb Ewald tables, spacing: 9.33e-04 size: 1073

Generated table with 1089 data points for 1-4 COUL.
Tabscale = 500 points/nm
Generated table with 1089 data points for 1-4 LJ6.
Tabscale = 500 points/nm
Generated table with 1089 data points for 1-4 LJ12.
Tabscale = 500 points/nm
Long Range LJ corr.: <C6> 3.1613e-04


Using GPU 8x4 nonbonded short-range kernels

NBNxM GPU setup: super-cluster 2x2x2

Using a dual 8x4 pair-list setup updated with dynamic, rolling pruning:
  outer list: updated every 100 steps, buffer 0.180 nm, rlist 1.180 nm
  inner list: updated every   8 steps, buffer 0.002 nm, rlist 1.002 nm
At tolerance 0.005 kJ/mol/ps per atom, equivalent classical 1x1 list would be:
  outer list: updated every 100 steps, buffer 0.313 nm, rlist 1.313 nm
  inner list: updated every   8 steps, buffer 0.031 nm, rlist 1.031 nm

The average pressure is off by at most 0.53 bar due to missing LJ interactions

Using full Lennard-Jones parameter combination matrix

Pinning threads with an auto-selected logical cpu stride of 1

Initializing LINear Constraint Solver

++++ PLEASE READ AND CITE THE FOLLOWING REFERENCE ++++
B. Hess, H. Bekker, H. J. C. Berendsen, J. G. E. M. Fraaije
LINCS: A Linear Constraint Solver for molecular simulations
J. Comp. Chem. (1997)
DOI: 10.1002/(sici)1096-987x(199709)18:12<1463::aid-jcc4>3.0.co;2-h
-------- -------- --- Thank You --- -------- --------

The number of constraints is 3780

++++ PLEASE READ AND CITE THE FOLLOWING REFERENCE ++++
S. Miyamoto, P. A. Kollman
SETTLE: An Analytical Version of the SHAKE and RATTLE Algorithms for Rigid
Water Models
J. Comp. Chem. (1992)
DOI: 10.1002/jcc.540130805
-------- -------- --- Thank You --- -------- --------


++++ PLEASE READ AND CITE THE FOLLOWING REFERENCE ++++
G. Bussi, D. Donadio, M. Parrinello
Canonical sampling through velocity rescaling
J. Chem. Phys. (2007)
DOI: 10.1063/1.2408420
-------- -------- --- Thank You --- -------- --------

There are: 188405 Atoms

Updating coordinates and applying constraints on the GPU.
Center of mass motion removal mode is Linear
We have the following groups for center of mass motion removal:
  0:  rest

Started mdrun on rank 0 Mon May  5 13:55:39 2025

           Step           Time
              0        0.00000

   Energies (kJ/mol)
           Bond            U-B    Proper Dih.  Improper Dih.      CMAP Dih.
    6.26586e+03    1.72854e+04    1.99091e+04    1.04430e+03   -4.49992e+02
          LJ-14     Coulomb-14        LJ (SR)  Disper. corr.   Coulomb (SR)
    5.89981e+03    1.12661e+05    2.74618e+05   -2.55434e+04   -3.08648e+06
   Coul. recip.      Potential    Kinetic En.   Total Energy  Conserved En.
    1.66867e+04   -2.65811e+06    4.78562e+05   -2.17954e+06   -2.17943e+06
    Temperature Pres. DC (bar) Pressure (bar)   Constr. rmsd
    3.02095e+02   -2.31033e+02    1.52817e+02    0.00000e+00

step 2500: timed with pme grid 84 84 84, coulomb cutoff 1.000: 936.2 M-cycles
step 2700: timed with pme grid 72 72 72, coulomb cutoff 1.160: 615.1 M-cycles
step 2900: timed with pme grid 64 64 64, coulomb cutoff 1.305: 860.5 M-cycles
step 3100: timed with pme grid 72 72 72, coulomb cutoff 1.160: 728.0 M-cycles
step 3300: timed with pme grid 80 80 80, coulomb cutoff 1.044: 499.9 M-cycles
              optimal pme grid 80 80 80, coulomb cutoff 1.044
           Step           Time
           5000       10.00000

   Energies (kJ/mol)
           Bond            U-B    Proper Dih.  Improper Dih.      CMAP Dih.
    6.35862e+03    1.72576e+04    2.00244e+04    9.96702e+02   -6.98461e+02
          LJ-14     Coulomb-14        LJ (SR)  Disper. corr.   Coulomb (SR)
    5.77839e+03    1.12201e+05    2.71052e+05   -2.54278e+04   -3.07997e+06
   Coul. recip.      Potential    Kinetic En.   Total Energy  Conserved En.
    1.41852e+04   -2.65824e+06    4.73789e+05   -2.18445e+06   -2.18102e+06
    Temperature Pres. DC (bar) Pressure (bar)   Constr. rmsd
    2.99082e+02   -2.28949e+02   -1.26203e+02    0.00000e+00

           Step           Time
          10000       20.00000

   Energies (kJ/mol)
           Bond            U-B    Proper Dih.  Improper Dih.      CMAP Dih.
    6.23633e+03    1.74258e+04    1.98541e+04    1.03695e+03   -7.41652e+02
          LJ-14     Coulomb-14        LJ (SR)  Disper. corr.   Coulomb (SR)
    5.77816e+03    1.12172e+05    2.69537e+05   -2.54851e+04   -3.07761e+06
   Coul. recip.      Potential    Kinetic En.   Total Energy  Conserved En.
    1.44551e+04   -2.65734e+06    4.75316e+05   -2.18202e+06   -2.18071e+06
    Temperature Pres. DC (bar) Pressure (bar)   Constr. rmsd
    3.00046e+02   -2.29980e+02   -5.58624e+01    0.00000e+00

           Step           Time
          15000       30.00000

   Energies (kJ/mol)
           Bond            U-B    Proper Dih.  Improper Dih.      CMAP Dih.
    6.35354e+03    1.72691e+04    1.98127e+04    1.04771e+03   -6.49751e+02
          LJ-14     Coulomb-14        LJ (SR)  Disper. corr.   Coulomb (SR)
    5.76231e+03    1.12427e+05    2.73601e+05   -2.54389e+04   -3.08196e+06
   Coul. recip.      Potential    Kinetic En.   Total Energy  Conserved En.
    1.42823e+04   -2.65749e+06    4.75385e+05   -2.18211e+06   -2.18060e+06
    Temperature Pres. DC (bar) Pressure (bar)   Constr. rmsd
    3.00090e+02   -2.29149e+02   -1.52016e+01    0.00000e+00

           Step           Time
          20000       40.00000

   Energies (kJ/mol)
           Bond            U-B    Proper Dih.  Improper Dih.      CMAP Dih.
    6.40370e+03    1.72448e+04    1.99151e+04    1.07031e+03   -6.96929e+02
          LJ-14     Coulomb-14        LJ (SR)  Disper. corr.   Coulomb (SR)
    5.74881e+03    1.12380e+05    2.72738e+05   -2.55338e+04   -3.08183e+06
   Coul. recip.      Potential    Kinetic En.   Total Energy  Conserved En.
    1.42861e+04   -2.65827e+06    4.73960e+05   -2.18431e+06   -2.18029e+06
    Temperature Pres. DC (bar) Pressure (bar)   Constr. rmsd
    2.99190e+02   -2.30860e+02   -1.54467e+01    0.00000e+00

           Step           Time
          25000       50.00000

   Energies (kJ/mol)
           Bond            U-B    Proper Dih.  Improper Dih.      CMAP Dih.
    6.23306e+03    1.71685e+04    1.98873e+04    1.11040e+03   -7.35757e+02
          LJ-14     Coulomb-14        LJ (SR)  Disper. corr.   Coulomb (SR)
    5.85602e+03    1.12491e+05    2.74740e+05   -2.54657e+04   -3.08319e+06
   Coul. recip.      Potential    Kinetic En.   Total Energy  Conserved En.
    1.41618e+04   -2.65775e+06    4.74250e+05   -2.18350e+06   -2.18003e+06
    Temperature Pres. DC (bar) Pressure (bar)   Constr. rmsd
    2.99373e+02   -2.29632e+02    5.05028e+01    0.00000e+00

           Step           Time
          30000       60.00000

   Energies (kJ/mol)
           Bond            U-B    Proper Dih.  Improper Dih.      CMAP Dih.
    6.39221e+03    1.75505e+04    1.98581e+04    1.03416e+03   -6.78447e+02
          LJ-14     Coulomb-14        LJ (SR)  Disper. corr.   Coulomb (SR)
    5.77647e+03    1.12306e+05    2.71171e+05   -2.54419e+04   -3.08158e+06
   Coul. recip.      Potential    Kinetic En.   Total Energy  Conserved En.
    1.41017e+04   -2.65951e+06    4.74763e+05   -2.18474e+06   -2.17977e+06
    Temperature Pres. DC (bar) Pressure (bar)   Constr. rmsd
    2.99697e+02   -2.29203e+02   -1.01403e+02    0.00000e+00

           Step           Time
          35000       70.00000

   Energies (kJ/mol)
           Bond            U-B    Proper Dih.  Improper Dih.      CMAP Dih.
    6.12215e+03    1.75458e+04    1.98821e+04    1.04884e+03   -7.55128e+02
          LJ-14     Coulomb-14        LJ (SR)  Disper. corr.   Coulomb (SR)
    5.79783e+03    1.12827e+05    2.74981e+05   -2.55748e+04   -3.08418e+06
   Coul. recip.      Potential    Kinetic En.   Total Energy  Conserved En.
    1.42223e+04   -2.65808e+06    4.75136e+05   -2.18294e+06   -2.17946e+06
    Temperature Pres. DC (bar) Pressure (bar)   Constr. rmsd
    2.99933e+02   -2.31600e+02    1.03188e+02    0.00000e+00

           Step           Time
          40000       80.00000

   Energies (kJ/mol)
           Bond            U-B    Proper Dih.  Improper Dih.      CMAP Dih.
    6.24360e+03    1.74788e+04    1.99161e+04    1.03622e+03   -7.67825e+02
          LJ-14     Coulomb-14        LJ (SR)  Disper. corr.   Coulomb (SR)
    5.68526e+03    1.12419e+05    2.72156e+05   -2.54827e+04   -3.08076e+06
   Coul. recip.      Potential    Kinetic En.   Total Energy  Conserved En.
    1.43320e+04   -2.65774e+06    4.76493e+05   -2.18125e+06   -2.17916e+06
    Temperature Pres. DC (bar) Pressure (bar)   Constr. rmsd
    3.00789e+02   -2.29938e+02   -4.22206e+01    0.00000e+00

           Step           Time
          45000       90.00000

   Energies (kJ/mol)
           Bond            U-B    Proper Dih.  Improper Dih.      CMAP Dih.
    6.21065e+03    1.73074e+04    1.98712e+04    1.01347e+03   -7.24786e+02
          LJ-14     Coulomb-14        LJ (SR)  Disper. corr.   Coulomb (SR)
    5.94274e+03    1.11970e+05    2.75255e+05   -2.55166e+04   -3.08534e+06
   Coul. recip.      Potential    Kinetic En.   Total Energy  Conserved En.
    1.42343e+04   -2.65978e+06    4.76094e+05   -2.18368e+06   -2.17871e+06
    Temperature Pres. DC (bar) Pressure (bar)   Constr. rmsd
    3.00537e+02   -2.30549e+02    1.53816e+02    0.00000e+00

           Step           Time
          50000      100.00000

   Energies (kJ/mol)
           Bond            U-B    Proper Dih.  Improper Dih.      CMAP Dih.
    6.23539e+03    1.76447e+04    1.98157e+04    1.00034e+03   -8.51352e+02
          LJ-14     Coulomb-14        LJ (SR)  Disper. corr.   Coulomb (SR)
    5.72527e+03    1.12179e+05    2.72410e+05   -2.54478e+04   -3.08115e+06
   Coul. recip.      Potential    Kinetic En.   Total Energy  Conserved En.
    1.43222e+04   -2.65811e+06    4.75224e+05   -2.18289e+06   -2.17838e+06
    Temperature Pres. DC (bar) Pressure (bar)   Constr. rmsd
    2.99988e+02   -2.29309e+02   -6.22143e+01    0.00000e+00

           Step           Time
          55000      110.00000

   Energies (kJ/mol)
           Bond            U-B    Proper Dih.  Improper Dih.      CMAP Dih.
    6.14789e+03    1.70187e+04    1.98561e+04    9.40667e+02   -6.21116e+02
          LJ-14     Coulomb-14        LJ (SR)  Disper. corr.   Coulomb (SR)
    5.78973e+03    1.12680e+05    2.73718e+05   -2.54865e+04   -3.08486e+06
   Coul. recip.      Potential    Kinetic En.   Total Energy  Conserved En.
    1.41606e+04   -2.66065e+06    4.73986e+05   -2.18667e+06   -2.17816e+06
    Temperature Pres. DC (bar) Pressure (bar)   Constr. rmsd
    2.99207e+02   -2.30005e+02    1.32698e+01    0.00000e+00

           Step           Time
          60000      120.00000

   Energies (kJ/mol)
           Bond            U-B    Proper Dih.  Improper Dih.      CMAP Dih.
    6.30283e+03    1.72385e+04    2.00067e+04    1.02702e+03   -8.37854e+02
          LJ-14     Coulomb-14        LJ (SR)  Disper. corr.   Coulomb (SR)
    5.72864e+03    1.12568e+05    2.73308e+05   -2.54095e+04   -3.08194e+06
   Coul. recip.      Potential    Kinetic En.   Total Energy  Conserved En.
    1.43144e+04   -2.65769e+06    4.76673e+05   -2.18102e+06   -2.17780e+06
    Temperature Pres. DC (bar) Pressure (bar)   Constr. rmsd
    3.00903e+02   -2.28619e+02   -5.81734e+01    0.00000e+00

           Step           Time
          65000      130.00000

   Energies (kJ/mol)
           Bond            U-B    Proper Dih.  Improper Dih.      CMAP Dih.
    6.52375e+03    1.73943e+04    1.98051e+04    1.01349e+03   -7.87586e+02
          LJ-14     Coulomb-14        LJ (SR)  Disper. corr.   Coulomb (SR)
    5.78897e+03    1.12250e+05    2.72755e+05   -2.54962e+04   -3.08326e+06
   Coul. recip.      Potential    Kinetic En.   Total Energy  Conserved En.
    1.41914e+04   -2.65982e+06    4.77543e+05   -2.18228e+06   -2.17751e+06
    Temperature Pres. DC (bar) Pressure (bar)   Constr. rmsd
    3.01452e+02   -2.30181e+02   -1.49776e+01    0.00000e+00

           Step           Time
          70000      140.00000

   Energies (kJ/mol)
           Bond            U-B    Proper Dih.  Improper Dih.      CMAP Dih.
    6.03837e+03    1.71072e+04    1.98448e+04    9.83880e+02   -8.22983e+02
          LJ-14     Coulomb-14        LJ (SR)  Disper. corr.   Coulomb (SR)
    5.82600e+03    1.12444e+05    2.76546e+05   -2.56008e+04   -3.08968e+06
   Coul. recip.      Potential    Kinetic En.   Total Energy  Conserved En.
    1.41879e+04   -2.66312e+06    4.75610e+05   -2.18751e+06   -2.17712e+06
    Temperature Pres. DC (bar) Pressure (bar)   Constr. rmsd
    3.00232e+02   -2.32070e+02    1.69647e+02    0.00000e+00

           Step           Time
          75000      150.00000

   Energies (kJ/mol)
           Bond            U-B    Proper Dih.  Improper Dih.      CMAP Dih.
    6.43674e+03    1.77183e+04    1.99325e+04    9.61620e+02   -7.32737e+02
          LJ-14     Coulomb-14        LJ (SR)  Disper. corr.   Coulomb (SR)
    5.65102e+03    1.12239e+05    2.74827e+05   -2.55155e+04   -3.08564e+06
   Coul. recip.      Potential    Kinetic En.   Total Energy  Conserved En.
    1.44075e+04   -2.65971e+06    4.77000e+05   -2.18271e+06   -2.17652e+06
    Temperature Pres. DC (bar) Pressure (bar)   Constr. rmsd
    3.01109e+02   -2.30529e+02    4.69643e+01    0.00000e+00

           Step           Time
          80000      160.00000

   Energies (kJ/mol)
           Bond            U-B    Proper Dih.  Improper Dih.      CMAP Dih.
    6.42841e+03    1.75010e+04    2.00454e+04    1.07014e+03   -8.01224e+02
          LJ-14     Coulomb-14        LJ (SR)  Disper. corr.   Coulomb (SR)
    5.84469e+03    1.12481e+05    2.73869e+05   -2.54464e+04   -3.08132e+06
   Coul. recip.      Potential    Kinetic En.   Total Energy  Conserved En.
    1.44197e+04   -2.65591e+06    4.75766e+05   -2.18014e+06   -2.17623e+06
    Temperature Pres. DC (bar) Pressure (bar)   Constr. rmsd
    3.00331e+02   -2.29283e+02    3.74805e+01    0.00000e+00

           Step           Time
          85000      170.00000

   Energies (kJ/mol)
           Bond            U-B    Proper Dih.  Improper Dih.      CMAP Dih.
    6.11816e+03    1.74693e+04    2.00071e+04    1.09197e+03   -8.09912e+02
          LJ-14     Coulomb-14        LJ (SR)  Disper. corr.   Coulomb (SR)
    5.77671e+03    1.12347e+05    2.74180e+05   -2.54852e+04   -3.08560e+06
   Coul. recip.      Potential    Kinetic En.   Total Energy  Conserved En.
    1.41514e+04   -2.66075e+06    4.76264e+05   -2.18449e+06   -2.17604e+06
    Temperature Pres. DC (bar) Pressure (bar)   Constr. rmsd
    3.00645e+02   -2.29982e+02    7.63811e+00    0.00000e+00

           Step           Time
          90000      180.00000

   Energies (kJ/mol)
           Bond            U-B    Proper Dih.  Improper Dih.      CMAP Dih.
    6.24920e+03    1.77424e+04    2.00395e+04    1.01856e+03   -7.12635e+02
          LJ-14     Coulomb-14        LJ (SR)  Disper. corr.   Coulomb (SR)
    5.81584e+03    1.11810e+05    2.71734e+05   -2.55022e+04   -3.08229e+06
   Coul. recip.      Potential    Kinetic En.   Total Energy  Conserved En.
    1.43032e+04   -2.65979e+06    4.77131e+05   -2.18266e+06   -2.17580e+06
    Temperature Pres. DC (bar) Pressure (bar)   Constr. rmsd
    3.01192e+02   -2.30289e+02   -1.22198e+01    0.00000e+00

           Step           Time
          95000      190.00000

   Energies (kJ/mol)
           Bond            U-B    Proper Dih.  Improper Dih.      CMAP Dih.
    6.30500e+03    1.73962e+04    1.99505e+04    1.03380e+03   -7.83550e+02
          LJ-14     Coulomb-14        LJ (SR)  Disper. corr.   Coulomb (SR)
    5.60091e+03    1.11893e+05    2.70240e+05   -2.55191e+04   -3.07778e+06
   Coul. recip.      Potential    Kinetic En.   Total Energy  Conserved En.
    1.41911e+04   -2.65748e+06    4.73954e+05   -2.18352e+06   -2.17547e+06
    Temperature Pres. DC (bar) Pressure (bar)   Constr. rmsd
    2.99187e+02   -2.30593e+02   -8.33950e+01    0.00000e+00

           Step           Time
         100000      200.00000

   Energies (kJ/mol)
           Bond            U-B    Proper Dih.  Improper Dih.      CMAP Dih.
    6.32446e+03    1.72538e+04    2.00502e+04    9.67646e+02   -7.50419e+02
          LJ-14     Coulomb-14        LJ (SR)  Disper. corr.   Coulomb (SR)
    5.68133e+03    1.12091e+05    2.74923e+05   -2.55519e+04   -3.08417e+06
   Coul. recip.      Potential    Kinetic En.   Total Energy  Conserved En.
    1.40373e+04   -2.65914e+06    4.73586e+05   -2.18556e+06   -2.17517e+06
    Temperature Pres. DC (bar) Pressure (bar)   Constr. rmsd
    2.98954e+02   -2.31186e+02    8.03181e+01    0.00000e+00

           Step           Time
         105000      210.00000

   Energies (kJ/mol)
           Bond            U-B    Proper Dih.  Improper Dih.      CMAP Dih.
    6.28954e+03    1.75748e+04    1.99496e+04    9.67763e+02   -8.24735e+02
          LJ-14     Coulomb-14        LJ (SR)  Disper. corr.   Coulomb (SR)
    5.68345e+03    1.12219e+05    2.71979e+05   -2.54698e+04   -3.08037e+06
   Coul. recip.      Potential    Kinetic En.   Total Energy  Conserved En.
    1.42411e+04   -2.65776e+06    4.75130e+05   -2.18263e+06   -2.17482e+06
    Temperature Pres. DC (bar) Pressure (bar)   Constr. rmsd
    2.99929e+02   -2.29705e+02   -5.20800e+01    0.00000e+00

           Step           Time
         110000      220.00000

   Energies (kJ/mol)
           Bond            U-B    Proper Dih.  Improper Dih.      CMAP Dih.
    6.27019e+03    1.73437e+04    1.98740e+04    1.09809e+03   -8.39375e+02
          LJ-14     Coulomb-14        LJ (SR)  Disper. corr.   Coulomb (SR)
    5.69211e+03    1.12328e+05    2.70245e+05   -2.54070e+04   -3.07900e+06
   Coul. recip.      Potential    Kinetic En.   Total Energy  Conserved En.
    1.42077e+04   -2.65819e+06    4.76191e+05   -2.18200e+06   -2.17455e+06
    Temperature Pres. DC (bar) Pressure (bar)   Constr. rmsd
    3.00599e+02   -2.28575e+02   -1.73531e+02    0.00000e+00

           Step           Time
         115000      230.00000

   Energies (kJ/mol)
           Bond            U-B    Proper Dih.  Improper Dih.      CMAP Dih.
    6.69582e+03    1.71594e+04    1.98703e+04    9.53479e+02   -7.58849e+02
          LJ-14     Coulomb-14        LJ (SR)  Disper. corr.   Coulomb (SR)
    5.65727e+03    1.11577e+05    2.73154e+05   -2.54780e+04   -3.08112e+06
   Coul. recip.      Potential    Kinetic En.   Total Energy  Conserved En.
    1.42744e+04   -2.65802e+06    4.74311e+05   -2.18371e+06   -2.17428e+06
    Temperature Pres. DC (bar) Pressure (bar)   Constr. rmsd
    2.99412e+02   -2.29853e+02   -3.35372e+01    0.00000e+00

           Step           Time
         120000      240.00000

   Energies (kJ/mol)
           Bond            U-B    Proper Dih.  Improper Dih.      CMAP Dih.
    6.26887e+03    1.76792e+04    1.97442e+04    1.04280e+03   -7.49971e+02
          LJ-14     Coulomb-14        LJ (SR)  Disper. corr.   Coulomb (SR)
    5.75163e+03    1.11825e+05    2.72093e+05   -2.53897e+04   -3.07962e+06
   Coul. recip.      Potential    Kinetic En.   Total Energy  Conserved En.
    1.43651e+04   -2.65699e+06    4.76244e+05   -2.18074e+06   -2.17384e+06
    Temperature Pres. DC (bar) Pressure (bar)   Constr. rmsd
    3.00632e+02   -2.28265e+02   -1.14467e+02    0.00000e+00

           Step           Time
         125000      250.00000

   Energies (kJ/mol)
           Bond            U-B    Proper Dih.  Improper Dih.      CMAP Dih.
    6.07979e+03    1.71276e+04    1.98946e+04    1.01707e+03   -7.70674e+02
          LJ-14     Coulomb-14        LJ (SR)  Disper. corr.   Coulomb (SR)
    5.83242e+03    1.12836e+05    2.73598e+05   -2.55135e+04   -3.08493e+06
   Coul. recip.      Potential    Kinetic En.   Total Energy  Conserved En.
    1.40736e+04   -2.66076e+06    4.73924e+05   -2.18683e+06   -2.17344e+06
    Temperature Pres. DC (bar) Pressure (bar)   Constr. rmsd
    2.99168e+02   -2.30494e+02    3.19932e+01    0.00000e+00

           Step           Time
         130000      260.00000

   Energies (kJ/mol)
           Bond            U-B    Proper Dih.  Improper Dih.      CMAP Dih.
    6.19052e+03    1.74469e+04    1.99072e+04    1.09683e+03   -7.74257e+02
          LJ-14     Coulomb-14        LJ (SR)  Disper. corr.   Coulomb (SR)
    5.72282e+03    1.12356e+05    2.73420e+05   -2.54282e+04   -3.08251e+06
   Coul. recip.      Potential    Kinetic En.   Total Energy  Conserved En.
    1.42074e+04   -2.65836e+06    4.76046e+05   -2.18231e+06   -2.17323e+06
    Temperature Pres. DC (bar) Pressure (bar)   Constr. rmsd
    3.00507e+02   -2.28956e+02   -6.45939e+01    0.00000e+00

           Step           Time
         135000      270.00000

   Energies (kJ/mol)
           Bond            U-B    Proper Dih.  Improper Dih.      CMAP Dih.
    6.52445e+03    1.77876e+04    1.99554e+04    9.98380e+02   -7.45828e+02
          LJ-14     Coulomb-14        LJ (SR)  Disper. corr.   Coulomb (SR)
    5.76309e+03    1.12012e+05    2.71985e+05   -2.54919e+04   -3.07587e+06
   Coul. recip.      Potential    Kinetic En.   Total Energy  Conserved En.
    1.42470e+04   -2.65284e+06    4.77142e+05   -2.17570e+06   -2.17275e+06
    Temperature Pres. DC (bar) Pressure (bar)   Constr. rmsd
    3.01199e+02   -2.30104e+02    2.51034e+01    0.00000e+00

           Step           Time
         140000      280.00000

   Energies (kJ/mol)
           Bond            U-B    Proper Dih.  Improper Dih.      CMAP Dih.
    6.15028e+03    1.70866e+04    2.00368e+04    1.00541e+03   -7.68277e+02
          LJ-14     Coulomb-14        LJ (SR)  Disper. corr.   Coulomb (SR)
    5.86277e+03    1.12183e+05    2.72098e+05   -2.55470e+04   -3.08437e+06
   Coul. recip.      Potential    Kinetic En.   Total Energy  Conserved En.
    1.41839e+04   -2.66208e+06    4.74097e+05   -2.18798e+06   -2.17242e+06
    Temperature Pres. DC (bar) Pressure (bar)   Constr. rmsd
    2.99277e+02   -2.31098e+02    4.58239e+00    0.00000e+00

           Step           Time
         145000      290.00000

   Energies (kJ/mol)
           Bond            U-B    Proper Dih.  Improper Dih.      CMAP Dih.
    6.24345e+03    1.72652e+04    1.98631e+04    9.53970e+02   -8.03565e+02
          LJ-14     Coulomb-14        LJ (SR)  Disper. corr.   Coulomb (SR)
    5.66026e+03    1.12499e+05    2.74989e+05   -2.54992e+04   -3.08478e+06
   Coul. recip.      Potential    Kinetic En.   Total Energy  Conserved En.
    1.43876e+04   -2.65923e+06    4.74602e+05   -2.18462e+06   -2.17217e+06
    Temperature Pres. DC (bar) Pressure (bar)   Constr. rmsd
    2.99596e+02   -2.30234e+02    6.16606e+01    0.00000e+00

           Step           Time
         150000      300.00000

   Energies (kJ/mol)
           Bond            U-B    Proper Dih.  Improper Dih.      CMAP Dih.
    6.14299e+03    1.76053e+04    2.00109e+04    9.80372e+02   -7.28795e+02
          LJ-14     Coulomb-14        LJ (SR)  Disper. corr.   Coulomb (SR)
    5.61889e+03    1.11793e+05    2.75741e+05   -2.54736e+04   -3.08408e+06
   Coul. recip.      Potential    Kinetic En.   Total Energy  Conserved En.
    1.43244e+04   -2.65807e+06    4.75250e+05   -2.18282e+06   -2.17191e+06
    Temperature Pres. DC (bar) Pressure (bar)   Constr. rmsd
    3.00005e+02   -2.29773e+02    9.49468e+01    0.00000e+00

           Step           Time
         155000      310.00000

   Energies (kJ/mol)
           Bond            U-B    Proper Dih.  Improper Dih.      CMAP Dih.
    6.36918e+03    1.70330e+04    1.98612e+04    1.00919e+03   -7.40100e+02
          LJ-14     Coulomb-14        LJ (SR)  Disper. corr.   Coulomb (SR)
    5.63318e+03    1.12526e+05    2.72715e+05   -2.55060e+04   -3.08406e+06
   Coul. recip.      Potential    Kinetic En.   Total Energy  Conserved En.
    1.41962e+04   -2.66096e+06    4.79065e+05   -2.18190e+06   -2.17172e+06
    Temperature Pres. DC (bar) Pressure (bar)   Constr. rmsd
    3.02413e+02   -2.30357e+02   -1.96276e+01    0.00000e+00

           Step           Time
         160000      320.00000

   Energies (kJ/mol)
           Bond            U-B    Proper Dih.  Improper Dih.      CMAP Dih.
    6.46277e+03    1.72251e+04    1.99142e+04    1.00070e+03   -8.48121e+02
          LJ-14     Coulomb-14        LJ (SR)  Disper. corr.   Coulomb (SR)
    5.80074e+03    1.11947e+05    2.75433e+05   -2.54795e+04   -3.08350e+06
   Coul. recip.      Potential    Kinetic En.   Total Energy  Conserved En.
    1.43106e+04   -2.65774e+06    4.74940e+05   -2.18280e+06   -2.17149e+06
    Temperature Pres. DC (bar) Pressure (bar)   Constr. rmsd
    2.99809e+02   -2.29879e+02    1.25869e+02    0.00000e+00

           Step           Time
         165000      330.00000

   Energies (kJ/mol)
           Bond            U-B    Proper Dih.  Improper Dih.      CMAP Dih.
    6.29672e+03    1.74497e+04    1.99462e+04    1.07451e+03   -7.07571e+02
          LJ-14     Coulomb-14        LJ (SR)  Disper. corr.   Coulomb (SR)
    5.63305e+03    1.11668e+05    2.75564e+05   -2.53542e+04   -3.08018e+06
   Coul. recip.      Potential    Kinetic En.   Total Energy  Conserved En.
    1.44819e+04   -2.65412e+06    4.74910e+05   -2.17921e+06   -2.17113e+06
    Temperature Pres. DC (bar) Pressure (bar)   Constr. rmsd
    2.99790e+02   -2.27626e+02   -7.06551e-01    0.00000e+00

           Step           Time
         170000      340.00000

   Energies (kJ/mol)
           Bond            U-B    Proper Dih.  Improper Dih.      CMAP Dih.
    6.38652e+03    1.75342e+04    1.98734e+04    9.79711e+02   -7.62825e+02
          LJ-14     Coulomb-14        LJ (SR)  Disper. corr.   Coulomb (SR)
    5.69600e+03    1.11735e+05    2.72775e+05   -2.54735e+04   -3.08289e+06
   Coul. recip.      Potential    Kinetic En.   Total Energy  Conserved En.
    1.44005e+04   -2.65975e+06    4.75545e+05   -2.18420e+06   -2.17080e+06
    Temperature Pres. DC (bar) Pressure (bar)   Constr. rmsd
    3.00191e+02   -2.29772e+02   -4.31731e+01    0.00000e+00

           Step           Time
         175000      350.00000

   Energies (kJ/mol)
           Bond            U-B    Proper Dih.  Improper Dih.      CMAP Dih.
    6.50473e+03    1.72713e+04    1.99208e+04    1.05255e+03   -7.19508e+02
          LJ-14     Coulomb-14        LJ (SR)  Disper. corr.   Coulomb (SR)
    5.68446e+03    1.12138e+05    2.75183e+05   -2.55288e+04   -3.08313e+06
   Coul. recip.      Potential    Kinetic En.   Total Energy  Conserved En.
    1.43611e+04   -2.65726e+06    4.73774e+05   -2.18348e+06   -2.17038e+06
    Temperature Pres. DC (bar) Pressure (bar)   Constr. rmsd
    2.99073e+02   -2.30768e+02    4.73875e+01    0.00000e+00

           Step           Time
         180000      360.00000

   Energies (kJ/mol)
           Bond            U-B    Proper Dih.  Improper Dih.      CMAP Dih.
    6.30215e+03    1.73941e+04    1.98914e+04    1.05479e+03   -7.69619e+02
          LJ-14     Coulomb-14        LJ (SR)  Disper. corr.   Coulomb (SR)
    5.67431e+03    1.12186e+05    2.73264e+05   -2.54284e+04   -3.07984e+06
   Coul. recip.      Potential    Kinetic En.   Total Energy  Conserved En.
    1.41495e+04   -2.65613e+06    4.75094e+05   -2.18103e+06   -2.17023e+06
    Temperature Pres. DC (bar) Pressure (bar)   Constr. rmsd
    2.99906e+02   -2.28959e+02   -6.40440e+01    0.00000e+00

           Step           Time
         185000      370.00000

   Energies (kJ/mol)
           Bond            U-B    Proper Dih.  Improper Dih.      CMAP Dih.
    6.36344e+03    1.78258e+04    1.99072e+04    1.00191e+03   -8.59984e+02
          LJ-14     Coulomb-14        LJ (SR)  Disper. corr.   Coulomb (SR)
    5.83019e+03    1.12165e+05    2.72878e+05   -2.54070e+04   -3.07937e+06
   Coul. recip.      Potential    Kinetic En.   Total Energy  Conserved En.
    1.43313e+04   -2.65533e+06    4.75579e+05   -2.17975e+06   -2.16991e+06
    Temperature Pres. DC (bar) Pressure (bar)   Constr. rmsd
    3.00213e+02   -2.28575e+02   -8.44932e+01    0.00000e+00

           Step           Time
         190000      380.00000

   Energies (kJ/mol)
           Bond            U-B    Proper Dih.  Improper Dih.      CMAP Dih.
    6.38177e+03    1.74976e+04    2.00573e+04    1.09408e+03   -7.86106e+02
          LJ-14     Coulomb-14        LJ (SR)  Disper. corr.   Coulomb (SR)
    5.68170e+03    1.12227e+05    2.73654e+05   -2.54610e+04   -3.08158e+06
   Coul. recip.      Potential    Kinetic En.   Total Energy  Conserved En.
    1.44616e+04   -2.65677e+06    4.77221e+05   -2.17955e+06   -2.16961e+06
    Temperature Pres. DC (bar) Pressure (bar)   Constr. rmsd
    3.01249e+02   -2.29546e+02   -1.75496e+00    0.00000e+00

           Step           Time
         195000      390.00000

   Energies (kJ/mol)
           Bond            U-B    Proper Dih.  Improper Dih.      CMAP Dih.
    6.38674e+03    1.74718e+04    1.98839e+04    1.09581e+03   -8.30380e+02
          LJ-14     Coulomb-14        LJ (SR)  Disper. corr.   Coulomb (SR)
    5.74811e+03    1.11771e+05    2.73751e+05   -2.55072e+04   -3.08086e+06
   Coul. recip.      Potential    Kinetic En.   Total Energy  Conserved En.
    1.41813e+04   -2.65691e+06    4.75025e+05   -2.18189e+06   -2.16929e+06
    Temperature Pres. DC (bar) Pressure (bar)   Constr. rmsd
    2.99863e+02   -2.30379e+02    5.14056e+01    0.00000e+00

           Step           Time
         200000      400.00000

   Energies (kJ/mol)
           Bond            U-B    Proper Dih.  Improper Dih.      CMAP Dih.
    6.37929e+03    1.72670e+04    1.98593e+04    9.87801e+02   -6.53985e+02
          LJ-14     Coulomb-14        LJ (SR)  Disper. corr.   Coulomb (SR)
    5.63468e+03    1.12451e+05    2.74612e+05   -2.55233e+04   -3.08467e+06
   Coul. recip.      Potential    Kinetic En.   Total Energy  Conserved En.
    1.43057e+04   -2.65935e+06    4.74352e+05   -2.18500e+06   -2.16878e+06
    Temperature Pres. DC (bar) Pressure (bar)   Constr. rmsd
    2.99438e+02   -2.30669e+02    6.09937e+01    0.00000e+00

           Step           Time
         205000      410.00000

   Energies (kJ/mol)
           Bond            U-B    Proper Dih.  Improper Dih.      CMAP Dih.
    6.40358e+03    1.72171e+04    2.00714e+04    1.04626e+03   -6.75433e+02
          LJ-14     Coulomb-14        LJ (SR)  Disper. corr.   Coulomb (SR)
    5.81997e+03    1.11845e+05    2.73235e+05   -2.53904e+04   -3.07887e+06
   Coul. recip.      Potential    Kinetic En.   Total Energy  Conserved En.
    1.42535e+04   -2.65504e+06    4.76591e+05   -2.17845e+06   -2.16800e+06
    Temperature Pres. DC (bar) Pressure (bar)   Constr. rmsd
    3.00851e+02   -2.28276e+02   -7.49283e+01    0.00000e+00

           Step           Time
         210000      420.00000

   Energies (kJ/mol)
           Bond            U-B    Proper Dih.  Improper Dih.      CMAP Dih.
    6.42608e+03    1.68801e+04    1.99393e+04    1.03422e+03   -7.35332e+02
          LJ-14     Coulomb-14        LJ (SR)  Disper. corr.   Coulomb (SR)
    5.71954e+03    1.11958e+05    2.71503e+05   -2.54417e+04   -3.07926e+06
   Coul. recip.      Potential    Kinetic En.   Total Energy  Conserved En.
    1.43332e+04   -2.65765e+06    4.75603e+05   -2.18204e+06   -2.16750e+06
    Temperature Pres. DC (bar) Pressure (bar)   Constr. rmsd
    3.00228e+02   -2.29199e+02   -5.59176e+01    0.00000e+00

           Step           Time
         215000      430.00000

   Energies (kJ/mol)
           Bond            U-B    Proper Dih.  Improper Dih.      CMAP Dih.
    6.29473e+03    1.73768e+04    1.99861e+04    1.06961e+03   -7.38835e+02
          LJ-14     Coulomb-14        LJ (SR)  Disper. corr.   Coulomb (SR)
    5.72115e+03    1.12333e+05    2.75257e+05   -2.55174e+04   -3.08597e+06
   Coul. recip.      Potential    Kinetic En.   Total Energy  Conserved En.
    1.44063e+04   -2.65978e+06    4.76989e+05   -2.18279e+06   -2.16724e+06
    Temperature Pres. DC (bar) Pressure (bar)   Constr. rmsd
    3.01102e+02   -2.30563e+02    8.83449e+01    0.00000e+00

           Step           Time
         220000      440.00000

   Energies (kJ/mol)
           Bond            U-B    Proper Dih.  Improper Dih.      CMAP Dih.
    6.32164e+03    1.72823e+04    1.99523e+04    1.02136e+03   -7.40620e+02
          LJ-14     Coulomb-14        LJ (SR)  Disper. corr.   Coulomb (SR)
    5.66625e+03    1.12270e+05    2.73160e+05   -2.54705e+04   -3.08249e+06
   Coul. recip.      Potential    Kinetic En.   Total Energy  Conserved En.
    1.43078e+04   -2.65872e+06    4.76027e+05   -2.18269e+06   -2.16671e+06
    Temperature Pres. DC (bar) Pressure (bar)   Constr. rmsd
    3.00495e+02   -2.29718e+02   -1.07348e+01    0.00000e+00

           Step           Time
         225000      450.00000

   Energies (kJ/mol)
           Bond            U-B    Proper Dih.  Improper Dih.      CMAP Dih.
    6.24606e+03    1.77123e+04    1.98485e+04    1.02217e+03   -7.66564e+02
          LJ-14     Coulomb-14        LJ (SR)  Disper. corr.   Coulomb (SR)
    5.70864e+03    1.11829e+05    2.74327e+05   -2.54682e+04   -3.08227e+06
   Coul. recip.      Potential    Kinetic En.   Total Energy  Conserved En.
    1.42051e+04   -2.65760e+06    4.77433e+05   -2.18017e+06   -2.16645e+06
    Temperature Pres. DC (bar) Pressure (bar)   Constr. rmsd
    3.01383e+02   -2.29677e+02    6.31018e+01    0.00000e+00

           Step           Time
         230000      460.00000

   Energies (kJ/mol)
           Bond            U-B    Proper Dih.  Improper Dih.      CMAP Dih.
    6.48664e+03    1.74396e+04    1.99139e+04    1.00519e+03   -7.58267e+02
          LJ-14     Coulomb-14        LJ (SR)  Disper. corr.   Coulomb (SR)
    5.79667e+03    1.12184e+05    2.76745e+05   -2.54571e+04   -3.08486e+06
   Coul. recip.      Potential    Kinetic En.   Total Energy  Conserved En.
    1.43235e+04   -2.65718e+06    4.76273e+05   -2.18091e+06   -2.16591e+06
    Temperature Pres. DC (bar) Pressure (bar)   Constr. rmsd
    3.00651e+02   -2.29476e+02    1.19792e+02    0.00000e+00

           Step           Time
         235000      470.00000

   Energies (kJ/mol)
           Bond            U-B    Proper Dih.  Improper Dih.      CMAP Dih.
    6.25953e+03    1.73393e+04    1.97832e+04    9.88075e+02   -7.73220e+02
          LJ-14     Coulomb-14        LJ (SR)  Disper. corr.   Coulomb (SR)
    5.85486e+03    1.11731e+05    2.73010e+05   -2.54548e+04   -3.07980e+06
   Coul. recip.      Potential    Kinetic En.   Total Energy  Conserved En.
    1.41934e+04   -2.65687e+06    4.75577e+05   -2.18129e+06   -2.16553e+06
    Temperature Pres. DC (bar) Pressure (bar)   Constr. rmsd
    3.00211e+02   -2.29435e+02    8.29513e+00    0.00000e+00

           Step           Time
         240000      480.00000

   Energies (kJ/mol)
           Bond            U-B    Proper Dih.  Improper Dih.      CMAP Dih.
    6.21167e+03    1.75747e+04    2.00049e+04    9.90032e+02   -7.47468e+02
          LJ-14     Coulomb-14        LJ (SR)  Disper. corr.   Coulomb (SR)
    5.60531e+03    1.12560e+05    2.72413e+05   -2.55533e+04   -3.08338e+06
   Coul. recip.      Potential    Kinetic En.   Total Energy  Conserved En.
    1.42655e+04   -2.66005e+06    4.75818e+05   -2.18424e+06   -2.16518e+06
    Temperature Pres. DC (bar) Pressure (bar)   Constr. rmsd
    3.00363e+02   -2.31212e+02    2.81279e+01    0.00000e+00

           Step           Time
         245000      490.00000

   Energies (kJ/mol)
           Bond            U-B    Proper Dih.  Improper Dih.      CMAP Dih.
    6.10645e+03    1.73337e+04    1.99868e+04    9.94898e+02   -7.70052e+02
          LJ-14     Coulomb-14        LJ (SR)  Disper. corr.   Coulomb (SR)
    5.77068e+03    1.12559e+05    2.71899e+05   -2.55108e+04   -3.08145e+06
   Coul. recip.      Potential    Kinetic En.   Total Energy  Conserved En.
    1.41416e+04   -2.65894e+06    4.76690e+05   -2.18225e+06   -2.16475e+06
    Temperature Pres. DC (bar) Pressure (bar)   Constr. rmsd
    3.00914e+02   -2.30444e+02   -2.84505e+01    0.00000e+00

           Step           Time
         250000      500.00000

   Energies (kJ/mol)
           Bond            U-B    Proper Dih.  Improper Dih.      CMAP Dih.
    6.35349e+03    1.73938e+04    1.98306e+04    1.05241e+03   -7.25898e+02
          LJ-14     Coulomb-14        LJ (SR)  Disper. corr.   Coulomb (SR)
    5.82614e+03    1.12362e+05    2.73443e+05   -2.53955e+04   -3.08049e+06
   Coul. recip.      Potential    Kinetic En.   Total Energy  Conserved En.
    1.44304e+04   -2.65592e+06    4.77357e+05   -2.17856e+06   -2.16449e+06
    Temperature Pres. DC (bar) Pressure (bar)   Constr. rmsd
    3.01334e+02   -2.28367e+02   -2.25053e+01    0.00000e+00

           Step           Time
         255000      510.00000

   Energies (kJ/mol)
           Bond            U-B    Proper Dih.  Improper Dih.      CMAP Dih.
    6.17610e+03    1.70978e+04    1.99746e+04    9.99795e+02   -8.04523e+02
          LJ-14     Coulomb-14        LJ (SR)  Disper. corr.   Coulomb (SR)
    5.72921e+03    1.12460e+05    2.72895e+05   -2.54466e+04   -3.08211e+06
   Coul. recip.      Potential    Kinetic En.   Total Energy  Conserved En.
    1.42667e+04   -2.65876e+06    4.74547e+05   -2.18421e+06   -2.16420e+06
    Temperature Pres. DC (bar) Pressure (bar)   Constr. rmsd
    2.99561e+02   -2.29287e+02   -4.57014e+01    0.00000e+00

           Step           Time
         260000      520.00000

   Energies (kJ/mol)
           Bond            U-B    Proper Dih.  Improper Dih.      CMAP Dih.
    6.30342e+03    1.76223e+04    1.99779e+04    9.93476e+02   -8.06411e+02
          LJ-14     Coulomb-14        LJ (SR)  Disper. corr.   Coulomb (SR)
    5.78518e+03    1.12235e+05    2.73212e+05   -2.54565e+04   -3.07848e+06
   Coul. recip.      Potential    Kinetic En.   Total Energy  Conserved En.
    1.43063e+04   -2.65430e+06    4.76187e+05   -2.17812e+06   -2.16365e+06
    Temperature Pres. DC (bar) Pressure (bar)   Constr. rmsd
    3.00596e+02   -2.29465e+02    4.53607e+01    0.00000e+00

           Step           Time
         265000      530.00000

   Energies (kJ/mol)
           Bond            U-B    Proper Dih.  Improper Dih.      CMAP Dih.
    6.39220e+03    1.76114e+04    1.97379e+04    1.01939e+03   -7.12247e+02
          LJ-14     Coulomb-14        LJ (SR)  Disper. corr.   Coulomb (SR)
    5.67632e+03    1.12161e+05    2.74554e+05   -2.54924e+04   -3.08215e+06
   Coul. recip.      Potential    Kinetic En.   Total Energy  Conserved En.
    1.43347e+04   -2.65687e+06    4.74967e+05   -2.18190e+06   -2.16336e+06
    Temperature Pres. DC (bar) Pressure (bar)   Constr. rmsd
    2.99826e+02   -2.30111e+02    4.88625e+01    0.00000e+00

           Step           Time
         270000      540.00000

   Energies (kJ/mol)
           Bond            U-B    Proper Dih.  Improper Dih.      CMAP Dih.
    6.26106e+03    1.72857e+04    1.99812e+04    9.57023e+02   -8.26992e+02
          LJ-14     Coulomb-14        LJ (SR)  Disper. corr.   Coulomb (SR)
    5.68103e+03    1.12543e+05    2.71701e+05   -2.55178e+04   -3.07987e+06
   Coul. recip.      Potential    Kinetic En.   Total Energy  Conserved En.
    1.43046e+04   -2.65750e+06    4.74994e+05   -2.18250e+06   -2.16317e+06
    Temperature Pres. DC (bar) Pressure (bar)   Constr. rmsd
    2.99843e+02   -2.30571e+02   -1.56457e+01    0.00000e+00

           Step           Time
         275000      550.00000

   Energies (kJ/mol)
           Bond            U-B    Proper Dih.  Improper Dih.      CMAP Dih.
    6.46981e+03    1.73340e+04    1.97891e+04    1.07045e+03   -7.10361e+02
          LJ-14     Coulomb-14        LJ (SR)  Disper. corr.   Coulomb (SR)
    5.66506e+03    1.12112e+05    2.71370e+05   -2.55080e+04   -3.07993e+06
   Coul. recip.      Potential    Kinetic En.   Total Energy  Conserved En.
    1.42739e+04   -2.65806e+06    4.77716e+05   -2.18035e+06   -2.16290e+06
    Temperature Pres. DC (bar) Pressure (bar)   Constr. rmsd
    3.01561e+02   -2.30394e+02   -4.71749e+01    0.00000e+00

           Step           Time
         280000      560.00000

   Energies (kJ/mol)
           Bond            U-B    Proper Dih.  Improper Dih.      CMAP Dih.
    6.55095e+03    1.72565e+04    1.98436e+04    1.06985e+03   -6.38131e+02
          LJ-14     Coulomb-14        LJ (SR)  Disper. corr.   Coulomb (SR)
    5.78430e+03    1.12119e+05    2.75998e+05   -2.54610e+04   -3.08392e+06
   Coul. recip.      Potential    Kinetic En.   Total Energy  Conserved En.
    1.41807e+04   -2.65722e+06    4.76122e+05   -2.18110e+06   -2.16250e+06
    Temperature Pres. DC (bar) Pressure (bar)   Constr. rmsd
    3.00555e+02   -2.29546e+02    6.13288e+01    0.00000e+00

           Step           Time
         285000      570.00000

   Energies (kJ/mol)
           Bond            U-B    Proper Dih.  Improper Dih.      CMAP Dih.
    6.63071e+03    1.75898e+04    1.98456e+04    9.47442e+02   -6.69811e+02
          LJ-14     Coulomb-14        LJ (SR)  Disper. corr.   Coulomb (SR)
    5.57893e+03    1.11750e+05    2.72587e+05   -2.54306e+04   -3.08018e+06
   Coul. recip.      Potential    Kinetic En.   Total Energy  Conserved En.
    1.43435e+04   -2.65701e+06    4.76595e+05   -2.18042e+06   -2.16224e+06
    Temperature Pres. DC (bar) Pressure (bar)   Constr. rmsd
    3.00854e+02   -2.29000e+02   -7.37322e+01    0.00000e+00

           Step           Time
         290000      580.00000

   Energies (kJ/mol)
           Bond            U-B    Proper Dih.  Improper Dih.      CMAP Dih.
    6.34687e+03    1.73998e+04    1.98096e+04    1.07426e+03   -8.19211e+02
          LJ-14     Coulomb-14        LJ (SR)  Disper. corr.   Coulomb (SR)
    5.64437e+03    1.12051e+05    2.73249e+05   -2.54992e+04   -3.08445e+06
   Coul. recip.      Potential    Kinetic En.   Total Energy  Conserved En.
    1.41693e+04   -2.66102e+06    4.76006e+05   -2.18502e+06   -2.16188e+06
    Temperature Pres. DC (bar) Pressure (bar)   Constr. rmsd
    3.00482e+02   -2.30234e+02   -3.04211e+01    0.00000e+00

           Step           Time
         295000      590.00000

   Energies (kJ/mol)
           Bond            U-B    Proper Dih.  Improper Dih.      CMAP Dih.
    6.19790e+03    1.73622e+04    1.98104e+04    1.02488e+03   -7.72037e+02
          LJ-14     Coulomb-14        LJ (SR)  Disper. corr.   Coulomb (SR)
    5.60604e+03    1.11909e+05    2.74524e+05   -2.54227e+04   -3.08535e+06
   Coul. recip.      Potential    Kinetic En.   Total Energy  Conserved En.
    1.42636e+04   -2.66084e+06    4.75317e+05   -2.18553e+06   -2.16160e+06
    Temperature Pres. DC (bar) Pressure (bar)   Constr. rmsd
    3.00047e+02   -2.28856e+02   -8.27333e+00    0.00000e+00

           Step           Time
         300000      600.00000

   Energies (kJ/mol)
           Bond            U-B    Proper Dih.  Improper Dih.      CMAP Dih.
    6.37841e+03    1.74304e+04    2.00040e+04    1.01636e+03   -7.91365e+02
          LJ-14     Coulomb-14        LJ (SR)  Disper. corr.   Coulomb (SR)
    5.71981e+03    1.11856e+05    2.74210e+05   -2.54999e+04   -3.08228e+06
   Coul. recip.      Potential    Kinetic En.   Total Energy  Conserved En.
    1.42090e+04   -2.65775e+06    4.73942e+05   -2.18381e+06   -2.16138e+06
    Temperature Pres. DC (bar) Pressure (bar)   Constr. rmsd
    2.99179e+02   -2.30248e+02    2.42464e+01    0.00000e+00

           Step           Time
         305000      610.00000

   Energies (kJ/mol)
           Bond            U-B    Proper Dih.  Improper Dih.      CMAP Dih.
    6.31962e+03    1.79093e+04    1.98685e+04    9.69021e+02   -7.92466e+02
          LJ-14     Coulomb-14        LJ (SR)  Disper. corr.   Coulomb (SR)
    5.56271e+03    1.11931e+05    2.71110e+05   -2.54379e+04   -3.07869e+06
   Coul. recip.      Potential    Kinetic En.   Total Energy  Conserved En.
    1.42340e+04   -2.65702e+06    4.75565e+05   -2.18145e+06   -2.16099e+06
    Temperature Pres. DC (bar) Pressure (bar)   Constr. rmsd
    3.00204e+02   -2.29131e+02   -8.67624e+01    0.00000e+00

           Step           Time
         310000      620.00000

   Energies (kJ/mol)
           Bond            U-B    Proper Dih.  Improper Dih.      CMAP Dih.
    6.35334e+03    1.74854e+04    1.99357e+04    9.49737e+02   -6.77669e+02
          LJ-14     Coulomb-14        LJ (SR)  Disper. corr.   Coulomb (SR)
    5.66060e+03    1.11710e+05    2.71674e+05   -2.54356e+04   -3.07875e+06
   Coul. recip.      Potential    Kinetic En.   Total Energy  Conserved En.
    1.42569e+04   -2.65683e+06    4.76100e+05   -2.18073e+06   -2.16056e+06
    Temperature Pres. DC (bar) Pressure (bar)   Constr. rmsd
    3.00541e+02   -2.29088e+02   -1.02804e+02    0.00000e+00

           Step           Time
         315000      630.00000

   Energies (kJ/mol)
           Bond            U-B    Proper Dih.  Improper Dih.      CMAP Dih.
    6.36906e+03    1.75411e+04    1.99497e+04    1.08914e+03   -7.78470e+02
          LJ-14     Coulomb-14        LJ (SR)  Disper. corr.   Coulomb (SR)
    5.63266e+03    1.12045e+05    2.72719e+05   -2.55371e+04   -3.08335e+06
   Coul. recip.      Potential    Kinetic En.   Total Energy  Conserved En.
    1.41909e+04   -2.66013e+06    4.76845e+05   -2.18329e+06   -2.16027e+06
    Temperature Pres. DC (bar) Pressure (bar)   Constr. rmsd
    3.01011e+02   -2.30919e+02   -1.60518e+01    0.00000e+00

           Step           Time
         320000      640.00000

   Energies (kJ/mol)
           Bond            U-B    Proper Dih.  Improper Dih.      CMAP Dih.
    6.34070e+03    1.75321e+04    1.98699e+04    9.18919e+02   -7.46263e+02
          LJ-14     Coulomb-14        LJ (SR)  Disper. corr.   Coulomb (SR)
    5.74812e+03    1.11526e+05    2.77512e+05   -2.55205e+04   -3.08797e+06
   Coul. recip.      Potential    Kinetic En.   Total Energy  Conserved En.
    1.42275e+04   -2.66056e+06    4.75159e+05   -2.18540e+06   -2.15984e+06
    Temperature Pres. DC (bar) Pressure (bar)   Constr. rmsd
    2.99947e+02   -2.30619e+02    1.64475e+02    0.00000e+00

           Step           Time
         325000      650.00000

   Energies (kJ/mol)
           Bond            U-B    Proper Dih.  Improper Dih.      CMAP Dih.
    6.49318e+03    1.74780e+04    1.97668e+04    1.05507e+03   -8.16748e+02
          LJ-14     Coulomb-14        LJ (SR)  Disper. corr.   Coulomb (SR)
    5.57131e+03    1.11741e+05    2.73006e+05   -2.54460e+04   -3.08236e+06
   Coul. recip.      Potential    Kinetic En.   Total Energy  Conserved En.
    1.42878e+04   -2.65922e+06    4.74460e+05   -2.18476e+06   -2.15945e+06
    Temperature Pres. DC (bar) Pressure (bar)   Constr. rmsd
    2.99506e+02   -2.29275e+02   -9.66619e+01    0.00000e+00

           Step           Time
         330000      660.00000

   Energies (kJ/mol)
           Bond            U-B    Proper Dih.  Improper Dih.      CMAP Dih.
    6.33389e+03    1.74647e+04    1.97310e+04    1.10990e+03   -8.05131e+02
          LJ-14     Coulomb-14        LJ (SR)  Disper. corr.   Coulomb (SR)
    5.65540e+03    1.11832e+05    2.71783e+05   -2.54846e+04   -3.07914e+06
   Coul. recip.      Potential    Kinetic En.   Total Energy  Conserved En.
    1.42667e+04   -2.65726e+06    4.74146e+05   -2.18311e+06   -2.15906e+06
    Temperature Pres. DC (bar) Pressure (bar)   Constr. rmsd
    2.99308e+02   -2.29972e+02   -7.33204e+00    0.00000e+00

           Step           Time
         335000      670.00000

   Energies (kJ/mol)
           Bond            U-B    Proper Dih.  Improper Dih.      CMAP Dih.
    6.21723e+03    1.70361e+04    1.99077e+04    1.00145e+03   -7.17809e+02
          LJ-14     Coulomb-14        LJ (SR)  Disper. corr.   Coulomb (SR)
    5.89372e+03    1.12087e+05    2.73253e+05   -2.54469e+04   -3.08137e+06
   Coul. recip.      Potential    Kinetic En.   Total Energy  Conserved En.
    1.40918e+04   -2.65805e+06    4.74408e+05   -2.18364e+06   -2.15877e+06
    Temperature Pres. DC (bar) Pressure (bar)   Constr. rmsd
    2.99473e+02   -2.29292e+02   -3.87793e+01    0.00000e+00

           Step           Time
         340000      680.00000

   Energies (kJ/mol)
           Bond            U-B    Proper Dih.  Improper Dih.      CMAP Dih.
    6.35787e+03    1.71001e+04    2.00316e+04    1.06296e+03   -7.31608e+02
          LJ-14     Coulomb-14        LJ (SR)  Disper. corr.   Coulomb (SR)
    5.72428e+03    1.11952e+05    2.75582e+05   -2.54941e+04   -3.08559e+06
   Coul. recip.      Potential    Kinetic En.   Total Energy  Conserved En.
    1.43244e+04   -2.65968e+06    4.75787e+05   -2.18390e+06   -2.15843e+06
    Temperature Pres. DC (bar) Pressure (bar)   Constr. rmsd
    3.00344e+02   -2.30143e+02    4.41216e+01    0.00000e+00

           Step           Time
         345000      690.00000

   Energies (kJ/mol)
           Bond            U-B    Proper Dih.  Improper Dih.      CMAP Dih.
    6.24221e+03    1.77235e+04    1.98994e+04    9.88827e+02   -7.12969e+02
          LJ-14     Coulomb-14        LJ (SR)  Disper. corr.   Coulomb (SR)
    5.65081e+03    1.11321e+05    2.71718e+05   -2.55207e+04   -3.08078e+06
   Coul. recip.      Potential    Kinetic En.   Total Energy  Conserved En.
    1.44292e+04   -2.65904e+06    4.74159e+05   -2.18488e+06   -2.15799e+06
    Temperature Pres. DC (bar) Pressure (bar)   Constr. rmsd
    2.99316e+02   -2.30622e+02   -6.03158e+01    0.00000e+00

           Step           Time
         350000      700.00000

   Energies (kJ/mol)
           Bond            U-B    Proper Dih.  Improper Dih.      CMAP Dih.
    6.26974e+03    1.73872e+04    1.99240e+04    9.84491e+02   -8.14453e+02
          LJ-14     Coulomb-14        LJ (SR)  Disper. corr.   Coulomb (SR)
    5.80906e+03    1.11890e+05    2.74013e+05   -2.55370e+04   -3.08393e+06
   Coul. recip.      Potential    Kinetic En.   Total Energy  Conserved En.
    1.40622e+04   -2.65995e+06    4.76059e+05   -2.18389e+06   -2.15752e+06
    Temperature Pres. DC (bar) Pressure (bar)   Constr. rmsd
    3.00515e+02   -2.30917e+02    6.51533e+01    0.00000e+00

           Step           Time
         355000      710.00000

   Energies (kJ/mol)
           Bond            U-B    Proper Dih.  Improper Dih.      CMAP Dih.
    6.42993e+03    1.72995e+04    1.97572e+04    1.05786e+03   -7.21140e+02
          LJ-14     Coulomb-14        LJ (SR)  Disper. corr.   Coulomb (SR)
    5.66090e+03    1.11404e+05    2.72107e+05   -2.54676e+04   -3.08208e+06
   Coul. recip.      Potential    Kinetic En.   Total Energy  Conserved En.
    1.41383e+04   -2.66041e+06    4.77492e+05   -2.18292e+06   -2.15733e+06
    Temperature Pres. DC (bar) Pressure (bar)   Constr. rmsd
    3.01420e+02   -2.29666e+02   -8.13147e+01    0.00000e+00

           Step           Time
         360000      720.00000

   Energies (kJ/mol)
           Bond            U-B    Proper Dih.  Improper Dih.      CMAP Dih.
    6.07866e+03    1.70398e+04    1.97825e+04    9.64481e+02   -6.34575e+02
          LJ-14     Coulomb-14        LJ (SR)  Disper. corr.   Coulomb (SR)
    5.70246e+03    1.11828e+05    2.76469e+05   -2.55698e+04   -3.08839e+06
   Coul. recip.      Potential    Kinetic En.   Total Energy  Conserved En.
    1.41548e+04   -2.66257e+06    4.73651e+05   -2.18892e+06   -2.15696e+06
    Temperature Pres. DC (bar) Pressure (bar)   Constr. rmsd
    2.98995e+02   -2.31510e+02    1.22950e+02    0.00000e+00

Writing checkpoint, step 364000 at Mon May  5 14:10:39 2025


           Step           Time
         365000      730.00000

   Energies (kJ/mol)
           Bond            U-B    Proper Dih.  Improper Dih.      CMAP Dih.
    6.29388e+03    1.69200e+04    1.98475e+04    1.01391e+03   -7.70356e+02
          LJ-14     Coulomb-14        LJ (SR)  Disper. corr.   Coulomb (SR)
    5.68801e+03    1.12202e+05    2.73991e+05   -2.54920e+04   -3.08216e+06
   Coul. recip.      Potential    Kinetic En.   Total Energy  Conserved En.
    1.43302e+04   -2.65814e+06    4.74308e+05   -2.18383e+06   -2.15678e+06
    Temperature Pres. DC (bar) Pressure (bar)   Constr. rmsd
    2.99410e+02   -2.30104e+02    2.08966e+01    0.00000e+00

           Step           Time
         370000      740.00000

   Energies (kJ/mol)
           Bond            U-B    Proper Dih.  Improper Dih.      CMAP Dih.
    6.18957e+03    1.75639e+04    1.99062e+04    1.09130e+03   -7.26345e+02
          LJ-14     Coulomb-14        LJ (SR)  Disper. corr.   Coulomb (SR)
    5.77134e+03    1.11718e+05    2.71749e+05   -2.55066e+04   -3.07850e+06
   Coul. recip.      Potential    Kinetic En.   Total Energy  Conserved En.
    1.42639e+04   -2.65648e+06    4.72195e+05   -2.18428e+06   -2.15634e+06
    Temperature Pres. DC (bar) Pressure (bar)   Constr. rmsd
    2.98076e+02   -2.30369e+02    7.90229e+00    0.00000e+00

           Step           Time
         375000      750.00000

   Energies (kJ/mol)
           Bond            U-B    Proper Dih.  Improper Dih.      CMAP Dih.
    6.22556e+03    1.72864e+04    1.98817e+04    1.01858e+03   -8.01105e+02
          LJ-14     Coulomb-14        LJ (SR)  Disper. corr.   Coulomb (SR)
    5.65328e+03    1.11843e+05    2.72031e+05   -2.55415e+04   -3.08051e+06
   Coul. recip.      Potential    Kinetic En.   Total Energy  Conserved En.
    1.41249e+04   -2.65879e+06    4.73257e+05   -2.18553e+06   -2.15610e+06
    Temperature Pres. DC (bar) Pressure (bar)   Constr. rmsd
    2.98746e+02   -2.30998e+02   -2.19004e+01    0.00000e+00

           Step           Time
         380000      760.00000

   Energies (kJ/mol)
           Bond            U-B    Proper Dih.  Improper Dih.      CMAP Dih.
    6.31362e+03    1.70122e+04    1.99326e+04    9.83707e+02   -7.35973e+02
          LJ-14     Coulomb-14        LJ (SR)  Disper. corr.   Coulomb (SR)
    5.64265e+03    1.12344e+05    2.70548e+05   -2.54687e+04   -3.07965e+06
   Coul. recip.      Potential    Kinetic En.   Total Energy  Conserved En.
    1.41866e+04   -2.65889e+06    4.75074e+05   -2.18382e+06   -2.15588e+06
    Temperature Pres. DC (bar) Pressure (bar)   Constr. rmsd
    2.99894e+02   -2.29685e+02   -1.56727e+02    0.00000e+00

           Step           Time
         385000      770.00000

   Energies (kJ/mol)
           Bond            U-B    Proper Dih.  Improper Dih.      CMAP Dih.
    6.13662e+03    1.76356e+04    1.98470e+04    9.78916e+02   -7.49699e+02
          LJ-14     Coulomb-14        LJ (SR)  Disper. corr.   Coulomb (SR)
    5.76202e+03    1.12250e+05    2.73174e+05   -2.54965e+04   -3.08222e+06
   Coul. recip.      Potential    Kinetic En.   Total Energy  Conserved En.
    1.41885e+04   -2.65849e+06    4.74411e+05   -2.18408e+06   -2.15550e+06
    Temperature Pres. DC (bar) Pressure (bar)   Constr. rmsd
    2.99475e+02   -2.30186e+02    5.26382e+01    0.00000e+00

           Step           Time
         390000      780.00000

   Energies (kJ/mol)
           Bond            U-B    Proper Dih.  Improper Dih.      CMAP Dih.
    6.12907e+03    1.70749e+04    2.00287e+04    1.08154e+03   -6.78063e+02
          LJ-14     Coulomb-14        LJ (SR)  Disper. corr.   Coulomb (SR)
    5.67621e+03    1.12098e+05    2.71075e+05   -2.55022e+04   -3.08138e+06
   Coul. recip.      Potential    Kinetic En.   Total Energy  Conserved En.
    1.43095e+04   -2.66009e+06    4.74845e+05   -2.18524e+06   -2.15526e+06
    Temperature Pres. DC (bar) Pressure (bar)   Constr. rmsd
    2.99749e+02   -2.30288e+02   -7.06449e+01    0.00000e+00

           Step           Time
         395000      790.00000

   Energies (kJ/mol)
           Bond            U-B    Proper Dih.  Improper Dih.      CMAP Dih.
    6.39566e+03    1.71158e+04    1.99108e+04    9.94809e+02   -9.00577e+02
          LJ-14     Coulomb-14        LJ (SR)  Disper. corr.   Coulomb (SR)
    5.70396e+03    1.12012e+05    2.69891e+05   -2.55078e+04   -3.07956e+06
   Coul. recip.      Potential    Kinetic En.   Total Energy  Conserved En.
    1.44146e+04   -2.65953e+06    4.73687e+05   -2.18584e+06   -2.15498e+06
    Temperature Pres. DC (bar) Pressure (bar)   Constr. rmsd
    2.99018e+02   -2.30389e+02   -1.04060e+02    0.00000e+00

           Step           Time
         400000      800.00000

   Energies (kJ/mol)
           Bond            U-B    Proper Dih.  Improper Dih.      CMAP Dih.
    6.22624e+03    1.74069e+04    1.99053e+04    1.01678e+03   -8.80671e+02
          LJ-14     Coulomb-14        LJ (SR)  Disper. corr.   Coulomb (SR)
    5.69595e+03    1.12025e+05    2.69072e+05   -2.54863e+04   -3.07703e+06
   Coul. recip.      Potential    Kinetic En.   Total Energy  Conserved En.
    1.40940e+04   -2.65795e+06    4.75309e+05   -2.18264e+06   -2.15470e+06
    Temperature Pres. DC (bar) Pressure (bar)   Constr. rmsd
    3.00042e+02   -2.30001e+02   -1.00527e+02    0.00000e+00

           Step           Time
         405000      810.00000

   Energies (kJ/mol)
           Bond            U-B    Proper Dih.  Improper Dih.      CMAP Dih.
    6.33637e+03    1.73550e+04    1.96595e+04    1.02562e+03   -7.39640e+02
          LJ-14     Coulomb-14        LJ (SR)  Disper. corr.   Coulomb (SR)
    5.66665e+03    1.12052e+05    2.72236e+05   -2.54675e+04   -3.08259e+06
   Coul. recip.      Potential    Kinetic En.   Total Energy  Conserved En.
    1.42783e+04   -2.66019e+06    4.73597e+05   -2.18659e+06   -2.15443e+06
    Temperature Pres. DC (bar) Pressure (bar)   Constr. rmsd
    2.98961e+02   -2.29663e+02   -5.96163e+01    0.00000e+00

           Step           Time
         410000      820.00000

   Energies (kJ/mol)
           Bond            U-B    Proper Dih.  Improper Dih.      CMAP Dih.
    6.36142e+03    1.75924e+04    1.98068e+04    9.85415e+02   -7.18564e+02
          LJ-14     Coulomb-14        LJ (SR)  Disper. corr.   Coulomb (SR)
    5.75606e+03    1.11725e+05    2.75614e+05   -2.54860e+04   -3.08356e+06
   Coul. recip.      Potential    Kinetic En.   Total Energy  Conserved En.
    1.42992e+04   -2.65762e+06    4.75559e+05   -2.18206e+06   -2.15419e+06
    Temperature Pres. DC (bar) Pressure (bar)   Constr. rmsd
    3.00200e+02   -2.29996e+02    1.64040e+02    0.00000e+00

           Step           Time
         415000      830.00000

   Energies (kJ/mol)
           Bond            U-B    Proper Dih.  Improper Dih.      CMAP Dih.
    6.60046e+03    1.73955e+04    1.98614e+04    1.01100e+03   -7.67034e+02
          LJ-14     Coulomb-14        LJ (SR)  Disper. corr.   Coulomb (SR)
    5.68578e+03    1.11993e+05    2.74590e+05   -2.54766e+04   -3.08150e+06
   Coul. recip.      Potential    Kinetic En.   Total Energy  Conserved En.
    1.41595e+04   -2.65645e+06    4.78036e+05   -2.17841e+06   -2.15395e+06
    Temperature Pres. DC (bar) Pressure (bar)   Constr. rmsd
    3.01763e+02   -2.29827e+02    6.44599e+01    0.00000e+00

           Step           Time
         420000      840.00000

   Energies (kJ/mol)
           Bond            U-B    Proper Dih.  Improper Dih.      CMAP Dih.
    6.18101e+03    1.70896e+04    1.99273e+04    1.06212e+03   -7.33530e+02
          LJ-14     Coulomb-14        LJ (SR)  Disper. corr.   Coulomb (SR)
    5.69287e+03    1.12308e+05    2.73699e+05   -2.54142e+04   -3.08275e+06
   Coul. recip.      Potential    Kinetic En.   Total Energy  Conserved En.
    1.44107e+04   -2.65852e+06    4.74839e+05   -2.18368e+06   -2.15374e+06
    Temperature Pres. DC (bar) Pressure (bar)   Constr. rmsd
    2.99745e+02   -2.28704e+02   -1.79268e+01    0.00000e+00

           Step           Time
         425000      850.00000

   Energies (kJ/mol)
           Bond            U-B    Proper Dih.  Improper Dih.      CMAP Dih.
    6.50521e+03    1.74038e+04    1.99052e+04    1.03052e+03   -7.47582e+02
          LJ-14     Coulomb-14        LJ (SR)  Disper. corr.   Coulomb (SR)
    5.70290e+03    1.12037e+05    2.71932e+05   -2.54348e+04   -3.07921e+06
   Coul. recip.      Potential    Kinetic En.   Total Energy  Conserved En.
    1.41717e+04   -2.65671e+06    4.75571e+05   -2.18113e+06   -2.15345e+06
    Temperature Pres. DC (bar) Pressure (bar)   Constr. rmsd
    3.00207e+02   -2.29075e+02   -5.72191e+01    0.00000e+00

           Step           Time
         430000      860.00000

   Energies (kJ/mol)
           Bond            U-B    Proper Dih.  Improper Dih.      CMAP Dih.
    6.25597e+03    1.73889e+04    1.97057e+04    1.04429e+03   -7.93839e+02
          LJ-14     Coulomb-14        LJ (SR)  Disper. corr.   Coulomb (SR)
    5.84279e+03    1.11829e+05    2.74192e+05   -2.54817e+04   -3.08419e+06
   Coul. recip.      Potential    Kinetic En.   Total Energy  Conserved En.
    1.41327e+04   -2.66007e+06    4.73624e+05   -2.18645e+06   -2.15323e+06
    Temperature Pres. DC (bar) Pressure (bar)   Constr. rmsd
    2.98978e+02   -2.29920e+02    4.33372e+01    0.00000e+00

           Step           Time
         435000      870.00000

   Energies (kJ/mol)
           Bond            U-B    Proper Dih.  Improper Dih.      CMAP Dih.
    6.29985e+03    1.71676e+04    1.98713e+04    9.62955e+02   -8.03760e+02
          LJ-14     Coulomb-14        LJ (SR)  Disper. corr.   Coulomb (SR)
    5.86004e+03    1.11939e+05    2.76289e+05   -2.55917e+04   -3.08729e+06
   Coul. recip.      Potential    Kinetic En.   Total Energy  Conserved En.
    1.42159e+04   -2.66108e+06    4.75462e+05   -2.18562e+06   -2.15289e+06
    Temperature Pres. DC (bar) Pressure (bar)   Constr. rmsd
    3.00139e+02   -2.31907e+02    1.82058e+02    0.00000e+00

           Step           Time
         440000      880.00000

   Energies (kJ/mol)
           Bond            U-B    Proper Dih.  Improper Dih.      CMAP Dih.
    6.32441e+03    1.75098e+04    1.99237e+04    9.81452e+02   -8.37052e+02
          LJ-14     Coulomb-14        LJ (SR)  Disper. corr.   Coulomb (SR)
    5.69824e+03    1.11332e+05    2.70699e+05   -2.54008e+04   -3.07883e+06
   Coul. recip.      Potential    Kinetic En.   Total Energy  Conserved En.
    1.41307e+04   -2.65847e+06    4.74217e+05   -2.18426e+06   -2.15249e+06
    Temperature Pres. DC (bar) Pressure (bar)   Constr. rmsd
    2.99353e+02   -2.28463e+02   -1.80855e+02    0.00000e+00

           Step           Time
         445000      890.00000

   Energies (kJ/mol)
           Bond            U-B    Proper Dih.  Improper Dih.      CMAP Dih.
    6.42693e+03    1.75170e+04    1.98146e+04    9.66556e+02   -8.57441e+02
          LJ-14     Coulomb-14        LJ (SR)  Disper. corr.   Coulomb (SR)
    5.62931e+03    1.12126e+05    2.72580e+05   -2.54656e+04   -3.08073e+06
   Coul. recip.      Potential    Kinetic En.   Total Energy  Conserved En.
    1.42338e+04   -2.65776e+06    4.76508e+05   -2.18125e+06   -2.15214e+06
    Temperature Pres. DC (bar) Pressure (bar)   Constr. rmsd
    3.00799e+02   -2.29629e+02   -4.28305e+01    0.00000e+00

           Step           Time
         450000      900.00000

   Energies (kJ/mol)
           Bond            U-B    Proper Dih.  Improper Dih.      CMAP Dih.
    6.39739e+03    1.72840e+04    1.98797e+04    9.91666e+02   -7.72192e+02
          LJ-14     Coulomb-14        LJ (SR)  Disper. corr.   Coulomb (SR)
    5.61793e+03    1.11987e+05    2.75162e+05   -2.54467e+04   -3.08360e+06
   Coul. recip.      Potential    Kinetic En.   Total Energy  Conserved En.
    1.41739e+04   -2.65833e+06    4.75293e+05   -2.18303e+06   -2.15195e+06
    Temperature Pres. DC (bar) Pressure (bar)   Constr. rmsd
    3.00032e+02   -2.29289e+02    4.47025e+01    0.00000e+00

           Step           Time
         455000      910.00000

   Energies (kJ/mol)
           Bond            U-B    Proper Dih.  Improper Dih.      CMAP Dih.
    6.40872e+03    1.73042e+04    1.96342e+04    9.76166e+02   -6.84475e+02
          LJ-14     Coulomb-14        LJ (SR)  Disper. corr.   Coulomb (SR)
    5.73519e+03    1.11847e+05    2.71449e+05   -2.54184e+04   -3.07956e+06
   Coul. recip.      Potential    Kinetic En.   Total Energy  Conserved En.
    1.42576e+04   -2.65805e+06    4.74252e+05   -2.18380e+06   -2.15162e+06
    Temperature Pres. DC (bar) Pressure (bar)   Constr. rmsd
    2.99375e+02   -2.28780e+02   -8.22605e+01    0.00000e+00

           Step           Time
         460000      920.00000

   Energies (kJ/mol)
           Bond            U-B    Proper Dih.  Improper Dih.      CMAP Dih.
    6.36681e+03    1.71795e+04    1.99523e+04    1.00333e+03   -7.59145e+02
          LJ-14     Coulomb-14        LJ (SR)  Disper. corr.   Coulomb (SR)
    5.64711e+03    1.11702e+05    2.73598e+05   -2.53706e+04   -3.08142e+06
   Coul. recip.      Potential    Kinetic En.   Total Energy  Conserved En.
    1.45526e+04   -2.65755e+06    4.74746e+05   -2.18281e+06   -2.15136e+06
    Temperature Pres. DC (bar) Pressure (bar)   Constr. rmsd
    2.99686e+02   -2.27920e+02   -9.47076e+01    0.00000e+00

           Step           Time
         465000      930.00000

   Energies (kJ/mol)
           Bond            U-B    Proper Dih.  Improper Dih.      CMAP Dih.
    6.65447e+03    1.74184e+04    2.00313e+04    1.01120e+03   -7.84088e+02
          LJ-14     Coulomb-14        LJ (SR)  Disper. corr.   Coulomb (SR)
    5.68208e+03    1.11330e+05    2.72645e+05   -2.55172e+04   -3.08011e+06
   Coul. recip.      Potential    Kinetic En.   Total Energy  Conserved En.
    1.44283e+04   -2.65721e+06    4.74342e+05   -2.18287e+06   -2.15104e+06
    Temperature Pres. DC (bar) Pressure (bar)   Constr. rmsd
    2.99431e+02   -2.30560e+02   -1.38444e+01    0.00000e+00

           Step           Time
         470000      940.00000

   Energies (kJ/mol)
           Bond            U-B    Proper Dih.  Improper Dih.      CMAP Dih.
    6.44013e+03    1.73110e+04    1.97179e+04    1.02922e+03   -7.17401e+02
          LJ-14     Coulomb-14        LJ (SR)  Disper. corr.   Coulomb (SR)
    5.69046e+03    1.11324e+05    2.72357e+05   -2.54637e+04   -3.08301e+06
   Coul. recip.      Potential    Kinetic En.   Total Energy  Conserved En.
    1.43008e+04   -2.66102e+06    4.73936e+05   -2.18708e+06   -2.15083e+06
    Temperature Pres. DC (bar) Pressure (bar)   Constr. rmsd
    2.99175e+02   -2.29594e+02   -5.79184e+01    0.00000e+00

           Step           Time
         475000      950.00000

   Energies (kJ/mol)
           Bond            U-B    Proper Dih.  Improper Dih.      CMAP Dih.
    6.27951e+03    1.71195e+04    1.99882e+04    1.01267e+03   -7.51350e+02
          LJ-14     Coulomb-14        LJ (SR)  Disper. corr.   Coulomb (SR)
    5.79718e+03    1.11894e+05    2.74611e+05   -2.55709e+04   -3.08622e+06
   Coul. recip.      Potential    Kinetic En.   Total Energy  Conserved En.
    1.44304e+04   -2.66141e+06    4.74162e+05   -2.18725e+06   -2.15047e+06
    Temperature Pres. DC (bar) Pressure (bar)   Constr. rmsd
    2.99317e+02   -2.31530e+02    9.84329e+01    0.00000e+00

           Step           Time
         480000      960.00000

   Energies (kJ/mol)
           Bond            U-B    Proper Dih.  Improper Dih.      CMAP Dih.
    6.26843e+03    1.75835e+04    1.99139e+04    9.76556e+02   -7.79383e+02
          LJ-14     Coulomb-14        LJ (SR)  Disper. corr.   Coulomb (SR)
    5.69832e+03    1.11897e+05    2.73733e+05   -2.55654e+04   -3.08434e+06
   Coul. recip.      Potential    Kinetic En.   Total Energy  Conserved En.
    1.41378e+04   -2.66047e+06    4.78423e+05   -2.18205e+06   -2.15000e+06
    Temperature Pres. DC (bar) Pressure (bar)   Constr. rmsd
    3.02008e+02   -2.31430e+02    1.04007e+02    0.00000e+00

           Step           Time
         485000      970.00000

   Energies (kJ/mol)
           Bond            U-B    Proper Dih.  Improper Dih.      CMAP Dih.
    6.28611e+03    1.73442e+04    1.98700e+04    9.61857e+02   -8.65621e+02
          LJ-14     Coulomb-14        LJ (SR)  Disper. corr.   Coulomb (SR)
    5.82390e+03    1.11757e+05    2.71169e+05   -2.54492e+04   -3.07834e+06
   Coul. recip.      Potential    Kinetic En.   Total Energy  Conserved En.
    1.40243e+04   -2.65742e+06    4.74418e+05   -2.18300e+06   -2.14979e+06
    Temperature Pres. DC (bar) Pressure (bar)   Constr. rmsd
    2.99479e+02   -2.29335e+02   -6.80422e+01    0.00000e+00

           Step           Time
         490000      980.00000

   Energies (kJ/mol)
           Bond            U-B    Proper Dih.  Improper Dih.      CMAP Dih.
    6.33317e+03    1.74635e+04    2.00339e+04    1.01972e+03   -8.51076e+02
          LJ-14     Coulomb-14        LJ (SR)  Disper. corr.   Coulomb (SR)
    5.77702e+03    1.11593e+05    2.74369e+05   -2.55488e+04   -3.08156e+06
   Coul. recip.      Potential    Kinetic En.   Total Energy  Conserved En.
    1.42079e+04   -2.65716e+06    4.76588e+05   -2.18057e+06   -2.14936e+06
    Temperature Pres. DC (bar) Pressure (bar)   Constr. rmsd
    3.00849e+02   -2.31131e+02    5.97853e+01    0.00000e+00

           Step           Time
         495000      990.00000

   Energies (kJ/mol)
           Bond            U-B    Proper Dih.  Improper Dih.      CMAP Dih.
    6.16556e+03    1.74958e+04    1.99547e+04    1.04190e+03   -7.90342e+02
          LJ-14     Coulomb-14        LJ (SR)  Disper. corr.   Coulomb (SR)
    5.79580e+03    1.11656e+05    2.74980e+05   -2.55607e+04   -3.08422e+06
   Coul. recip.      Potential    Kinetic En.   Total Energy  Conserved En.
    1.42396e+04   -2.65924e+06    4.76582e+05   -2.18266e+06   -2.14908e+06
    Temperature Pres. DC (bar) Pressure (bar)   Constr. rmsd
    3.00845e+02   -2.31346e+02    1.22680e+02    0.00000e+00

           Step           Time
         500000     1000.00000

Writing checkpoint, step 500000 at Mon May  5 14:15:57 2025


   Energies (kJ/mol)
           Bond            U-B    Proper Dih.  Improper Dih.      CMAP Dih.
    6.37321e+03    1.72578e+04    1.98193e+04    1.03404e+03   -8.15285e+02
          LJ-14     Coulomb-14        LJ (SR)  Disper. corr.   Coulomb (SR)
    5.74105e+03    1.12060e+05    2.73475e+05   -2.55238e+04   -3.08314e+06
   Coul. recip.      Potential    Kinetic En.   Total Energy  Conserved En.
    1.40295e+04   -2.65969e+06    4.75950e+05   -2.18374e+06   -2.14862e+06
    Temperature Pres. DC (bar) Pressure (bar)   Constr. rmsd
    3.00446e+02   -2.30679e+02    3.59499e+01    0.00000e+00


Energy conservation over simulation part #1 of length 1000 ps, time 0 to 1000 ps
  Conserved energy drift: 1.64e-04 kJ/mol/ps per atom


	<======  ###############  ==>
	<====  A V E R A G E S  ====>
	<==  ###############  ======>

	Statistics over 500001 steps using 5001 frames

   Energies (kJ/mol)
           Bond            U-B    Proper Dih.  Improper Dih.      CMAP Dih.
    6.32718e+03    1.73663e+04    1.99023e+04    1.01112e+03   -7.65408e+02
          LJ-14     Coulomb-14        LJ (SR)  Disper. corr.   Coulomb (SR)
    5.72059e+03    1.12086e+05    2.73459e+05   -2.54788e+04   -3.08227e+06
   Coul. recip.      Potential    Kinetic En.   Total Energy  Conserved En.
    1.42688e+04   -2.65837e+06    4.75236e+05   -2.18314e+06   -2.16493e+06
    Temperature Pres. DC (bar) Pressure (bar)   Constr. rmsd
    2.99996e+02   -2.29868e+02    9.02775e-01    0.00000e+00

          Box-X          Box-Y          Box-Z
    1.33770e+01    1.26120e+01    1.09223e+01

   Total Virial (kJ/mol)
    1.58458e+05    2.37944e+01   -8.59275e+01
    2.40871e+01    1.58368e+05    3.09077e+01
   -8.59488e+01    3.09085e+01    1.58273e+05

   Pressure (bar)
   -2.58499e-01   -1.93452e-01    9.41510e-01
   -1.98726e-01    3.94311e-02   -1.37649e-01
    9.41896e-01   -1.37664e-01    2.92739e+00

      T-Protein  T-non-Protein
    3.00080e+02    2.99991e+02


       P P   -   P M E   L O A D   B A L A N C I N G

 PP/PME load balancing changed the cut-off and PME settings:
           particle-particle                    PME
            rcoulomb  rlist            grid      spacing   1/beta
   initial  1.000 nm  1.002 nm      84  84  84   0.159 nm  0.320 nm
   final    1.044 nm  1.046 nm      80  80  80   0.167 nm  0.334 nm
 cost-ratio           1.14             0.86
 (note that these numbers concern only part of the total PP and PME load)


	M E G A - F L O P S   A C C O U N T I N G

 NB=Group-cutoff nonbonded kernels    NxN=N-by-N cluster Verlet kernels
 RF=Reaction-Field  VdW=Van der Waals  QSTab=quadratic-spline table
 W3=SPC/TIP3p  W4=TIP4p (single or pairs)
 V&F=Potential and force  V=Potential only  F=Force only

 Computing:                               M-Number         M-Flops  % Flops
-----------------------------------------------------------------------------
 Pair Search distance check           95787.928240      862091.354     0.0
 NxN Ewald Elec. + LJ [F]         102227504.404608  6747015290.704    98.3
 NxN Ewald Elec. + LJ [V&F]         1032807.830848   110510437.901     1.6
 1,4 nonbonded interactions           10134.020268      912061.824     0.0
 Shift-X                                942.213405        5653.280     0.0
 Bonds                                 1994.003988      117646.235     0.0
 Propers                              10068.020136     2305576.611     0.0
 Impropers                              604.001208      125632.251     0.0
 Virial                                1884.688450       33924.392     0.0
 Stop-CM                                942.213405        9422.134     0.0
 Calc-Ekin                            18840.876810      508703.674     0.0
 CMAP                                   250.000500      425000.850     0.0
 Urey-Bradley                          7028.014056     1286126.572     0.0
-----------------------------------------------------------------------------
 Total                                              6864117567.784   100.0
-----------------------------------------------------------------------------


      R E A L   C Y C L E   A N D   T I M E   A C C O U N T I N G

On 1 MPI rank, each using 16 OpenMP threads

 Activity:              Num   Num      Call    Wall time         Giga-Cycles
                        Ranks Threads  Count      (s)         total sum    %
--------------------------------------------------------------------------------
 Neighbor search           1   16       5001      51.588       2217.448   4.2
 Launch PP GPU ops.        1   16     995001      28.813       1238.486   2.4
 Force                     1   16     500001     378.628      16274.991  31.1
 PME GPU mesh              1   16     500001      16.566        712.056   1.4
 Wait GPU NB local         1   16     500001      13.681        588.044   1.1
 Wait GPU state copy       1   16    1115003     669.660      28784.703  55.0
 NB X/F buffer ops.        1   16      10001       3.856        165.740   0.3
 Write traj.               1   16        102       1.281         55.067   0.1
 GPU constr. setup         1   16          1       0.007          0.303   0.0
 Kinetic energy            1   16     100001      32.849       1411.996   2.7
 Rest                                             21.273        914.411   1.7
--------------------------------------------------------------------------------
 Total                                          1218.201      52363.245 100.0
--------------------------------------------------------------------------------
 Breakdown of PME mesh activities
--------------------------------------------------------------------------------
 Wait PME GPU gather       1   16     500001       2.236         96.120   0.2
 Reduce GPU PME F          1   16     500001       3.052        131.204   0.3
 Launch PME GPU ops.       1   16    4500009      10.402        447.131   0.9
--------------------------------------------------------------------------------

               Core t (s)   Wall t (s)        (%)
       Time:    19491.161     1218.201     1600.0
                 (ns/day)    (hour/ns)
Performance:       70.924        0.338
Finished mdrun on rank 0 Mon May  5 14:15:57 2025

